09:43:01.087 [main] DEBUG - Save part 'xl/sharedStrings.xml'
09:43:01.141 [main] DEBUG - Save part 'xl/styles.xml'
09:43:01.141 [main] DEBUG - Save part 'xl/theme/theme1.xml'
09:43:01.142 [main] DEBUG - Save part 'xl/workbook.xml'
09:43:01.144 [main] DEBUG - Save part 'xl/worksheets/sheet1.xml'
09:43:01.144 [main] DEBUG - Save part 'xl/worksheets/sheet2.xml'
09:43:01.144 [main] DEBUG - Save part 'xl/worksheets/sheet3.xml'
09:43:01.145 [main] DEBUG - Save part 'xl/worksheets/sheet4.xml'
09:43:01.145 [main] DEBUG - Save part 'xl/worksheets/sheet5.xml'
09:43:01.145 [main] DEBUG - Save part 'xl/worksheets/sheet6.xml'
09:43:01.146 [main] DEBUG - Save part 'xl/worksheets/sheet7.xml'
09:43:01.146 [main] DEBUG - Save part 'xl/worksheets/sheet8.xml'
09:43:01.146 [main] DEBUG - Save part 'xl/worksheets/sheet9.xml'
09:43:01.211 [main] DEBUG - Parsing relationship: /xl/_rels/workbook.xml.rels
09:43:01.211 [main] DEBUG - Parsing relationship: /xl/worksheets/_rels/sheet6.xml.rels
09:43:01.211 [main] DEBUG - Parsing relationship: /_rels/.rels
09:43:01.215 [main] DEBUG - using default POIXMLDocumentPart for http://schemas.openxmlformats.org/officeDocument/2006/relationships/printerSettings
09:43:01.229 [main] DEBUG - Save content types part
09:43:01.230 [main] DEBUG - Save package relationships
09:43:01.230 [main] DEBUG - Save part 'docProps/app.xml'
09:43:01.230 [main] DEBUG - Save part 'docProps/core.xml'
09:43:01.231 [main] DEBUG - Save part 'xl/printerSettings/printerSettings1.bin'
09:43:01.231 [main] DEBUG - Save part 'xl/sharedStrings.xml'
09:43:01.231 [main] DEBUG - Save part 'xl/styles.xml'
09:43:01.231 [main] DEBUG - Save part 'xl/theme/theme1.xml'
09:43:01.231 [main] DEBUG - Save part 'xl/workbook.xml'
09:43:01.232 [main] DEBUG - Save part 'xl/worksheets/sheet1.xml'
09:43:01.232 [main] DEBUG - Save part 'xl/worksheets/sheet2.xml'
09:43:01.232 [main] DEBUG - Save part 'xl/worksheets/sheet3.xml'
09:43:01.232 [main] DEBUG - Save part 'xl/worksheets/sheet4.xml'
09:43:01.232 [main] DEBUG - Save part 'xl/worksheets/sheet5.xml'
09:43:01.232 [main] DEBUG - Save part 'xl/worksheets/sheet6.xml'
09:43:01.233 [main] DEBUG - Save part 'xl/worksheets/sheet7.xml'
09:43:01.233 [main] DEBUG - Save part 'xl/worksheets/sheet8.xml'
09:43:01.233 [main] DEBUG - Save part 'xl/worksheets/sheet9.xml'
09:43:01.278 [main] DEBUG - Parsing relationship: /xl/_rels/workbook.xml.rels
09:43:01.278 [main] DEBUG - Parsing relationship: /xl/worksheets/_rels/sheet6.xml.rels
09:43:01.278 [main] DEBUG - Parsing relationship: /_rels/.rels
09:43:01.282 [main] DEBUG - using default POIXMLDocumentPart for http://schemas.openxmlformats.org/officeDocument/2006/relationships/printerSettings
09:43:01.294 [main] DEBUG - Save content types part
09:43:01.295 [main] DEBUG - Save package relationships
09:43:01.295 [main] DEBUG - Save part 'docProps/app.xml'
09:43:01.295 [main] DEBUG - Save part 'docProps/core.xml'
09:43:01.295 [main] DEBUG - Save part 'xl/printerSettings/printerSettings1.bin'
09:43:01.295 [main] DEBUG - Save part 'xl/sharedStrings.xml'
09:43:01.296 [main] DEBUG - Save part 'xl/styles.xml'
09:43:01.296 [main] DEBUG - Save part 'xl/theme/theme1.xml'
09:43:01.296 [main] DEBUG - Save part 'xl/workbook.xml'
09:43:01.296 [main] DEBUG - Save part 'xl/worksheets/sheet1.xml'
09:43:01.296 [main] DEBUG - Save part 'xl/worksheets/sheet2.xml'
09:43:01.297 [main] DEBUG - Save part 'xl/worksheets/sheet3.xml'
09:43:01.297 [main] DEBUG - Save part 'xl/worksheets/sheet4.xml'
09:43:01.297 [main] DEBUG - Save part 'xl/worksheets/sheet5.xml'
09:43:01.297 [main] DEBUG - Save part 'xl/worksheets/sheet6.xml'
09:43:01.298 [main] DEBUG - Save part 'xl/worksheets/sheet7.xml'
09:43:01.298 [main] DEBUG - Save part 'xl/worksheets/sheet8.xml'
09:43:01.298 [main] DEBUG - Save part 'xl/worksheets/sheet9.xml'
09:43:01.341 [main] DEBUG - Parsing relationship: /xl/_rels/workbook.xml.rels
09:43:01.341 [main] DEBUG - Parsing relationship: /xl/worksheets/_rels/sheet6.xml.rels
09:43:01.341 [main] DEBUG - Parsing relationship: /_rels/.rels
09:43:01.348 [main] DEBUG - using default POIXMLDocumentPart for http://schemas.openxmlformats.org/officeDocument/2006/relationships/printerSettings
09:43:01.364 [main] DEBUG - Save content types part
09:43:01.365 [main] DEBUG - Save package relationships
09:43:01.365 [main] DEBUG - Save part 'docProps/app.xml'
09:43:01.366 [main] DEBUG - Save part 'docProps/core.xml'
09:43:01.366 [main] DEBUG - Save part 'xl/printerSettings/printerSettings1.bin'
09:43:01.366 [main] DEBUG - Save part 'xl/sharedStrings.xml'
09:43:01.367 [main] DEBUG - Save part 'xl/styles.xml'
09:43:01.367 [main] DEBUG - Save part 'xl/theme/theme1.xml'
09:43:01.368 [main] DEBUG - Save part 'xl/workbook.xml'
09:43:01.369 [main] DEBUG - Save part 'xl/worksheets/sheet1.xml'
09:43:01.369 [main] DEBUG - Save part 'xl/worksheets/sheet2.xml'
09:43:01.369 [main] DEBUG - Save part 'xl/worksheets/sheet3.xml'
09:43:01.369 [main] DEBUG - Save part 'xl/worksheets/sheet4.xml'
09:43:01.369 [main] DEBUG - Save part 'xl/worksheets/sheet5.xml'
09:43:01.370 [main] DEBUG - Save part 'xl/worksheets/sheet6.xml'
09:43:01.371 [main] DEBUG - Save part 'xl/worksheets/sheet7.xml'
09:43:01.371 [main] DEBUG - Save part 'xl/worksheets/sheet8.xml'
09:43:01.371 [main] DEBUG - Save part 'xl/worksheets/sheet9.xml'
09:43:01.404 [main] DEBUG - Parsing relationship: /xl/_rels/workbook.xml.rels
09:43:01.404 [main] DEBUG - Parsing relationship: /xl/worksheets/_rels/sheet6.xml.rels
09:43:01.405 [main] DEBUG - Parsing relationship: /_rels/.rels
09:43:01.410 [main] DEBUG - using default POIXMLDocumentPart for http://schemas.openxmlformats.org/officeDocument/2006/relationships/printerSettings
09:43:01.427 [main] DEBUG - Save content types part
09:43:01.428 [main] DEBUG - Save package relationships
09:43:01.428 [main] DEBUG - Save part 'docProps/app.xml'
09:43:01.429 [main] DEBUG - Save part 'docProps/core.xml'
09:43:01.429 [main] DEBUG - Save part 'xl/printerSettings/printerSettings1.bin'
09:43:01.429 [main] DEBUG - Save part 'xl/sharedStrings.xml'
09:43:01.430 [main] DEBUG - Save part 'xl/styles.xml'
09:43:01.430 [main] DEBUG - Save part 'xl/theme/theme1.xml'
09:43:01.430 [main] DEBUG - Save part 'xl/workbook.xml'
09:43:01.431 [main] DEBUG - Save part 'xl/worksheets/sheet1.xml'
09:43:01.431 [main] DEBUG - Save part 'xl/worksheets/sheet2.xml'
09:43:01.431 [main] DEBUG - Save part 'xl/worksheets/sheet3.xml'
09:43:01.431 [main] DEBUG - Save part 'xl/worksheets/sheet4.xml'
09:43:01.431 [main] DEBUG - Save part 'xl/worksheets/sheet5.xml'
09:43:01.431 [main] DEBUG - Save part 'xl/worksheets/sheet6.xml'
09:43:01.433 [main] DEBUG - Save part 'xl/worksheets/sheet7.xml'
09:43:01.433 [main] DEBUG - Save part 'xl/worksheets/sheet8.xml'
09:43:01.433 [main] DEBUG - Save part 'xl/worksheets/sheet9.xml'
09:43:01.450 [main] DEBUG - Parsing relationship: /xl/_rels/workbook.xml.rels
09:43:01.451 [main] DEBUG - Parsing relationship: /xl/worksheets/_rels/sheet6.xml.rels
09:43:01.451 [main] DEBUG - Parsing relationship: /_rels/.rels
09:43:01.455 [main] DEBUG - using default POIXMLDocumentPart for http://schemas.openxmlformats.org/officeDocument/2006/relationships/printerSettings
09:43:01.464 [main] DEBUG - Save content types part
09:43:01.465 [main] DEBUG - Save package relationships
09:43:01.466 [main] DEBUG - Save part 'docProps/app.xml'
09:43:01.466 [main] DEBUG - Save part 'docProps/core.xml'
09:43:01.468 [main] DEBUG - Save part 'xl/printerSettings/printerSettings1.bin'
09:43:01.468 [main] DEBUG - Save part 'xl/sharedStrings.xml'
09:43:01.469 [main] DEBUG - Save part 'xl/styles.xml'
09:43:01.469 [main] DEBUG - Save part 'xl/theme/theme1.xml'
09:43:01.469 [main] DEBUG - Save part 'xl/workbook.xml'
09:43:01.471 [main] DEBUG - Save part 'xl/worksheets/sheet1.xml'
09:43:01.471 [main] DEBUG - Save part 'xl/worksheets/sheet2.xml'
09:43:01.471 [main] DEBUG - Save part 'xl/worksheets/sheet3.xml'
09:43:01.471 [main] DEBUG - Save part 'xl/worksheets/sheet4.xml'
09:43:01.471 [main] DEBUG - Save part 'xl/worksheets/sheet5.xml'
09:43:01.471 [main] DEBUG - Save part 'xl/worksheets/sheet6.xml'
09:43:01.472 [main] DEBUG - Save part 'xl/worksheets/sheet7.xml'
09:43:01.473 [main] DEBUG - Save part 'xl/worksheets/sheet8.xml'
09:43:01.473 [main] DEBUG - Save part 'xl/worksheets/sheet9.xml'
09:43:01.513 [main] DEBUG - Parsing relationship: /xl/_rels/workbook.xml.rels
09:43:01.514 [main] DEBUG - Parsing relationship: /xl/worksheets/_rels/sheet6.xml.rels
09:43:01.515 [main] DEBUG - Parsing relationship: /_rels/.rels
09:43:01.524 [main] DEBUG - using default POIXMLDocumentPart for http://schemas.openxmlformats.org/officeDocument/2006/relationships/printerSettings
09:43:01.535 [main] DEBUG - Save content types part
09:43:01.535 [main] DEBUG - Save package relationships
09:43:01.536 [main] DEBUG - Save part 'docProps/app.xml'
09:43:01.536 [main] DEBUG - Save part 'docProps/core.xml'
09:43:01.536 [main] DEBUG - Save part 'xl/printerSettings/printerSettings1.bin'
09:43:01.536 [main] DEBUG - Save part 'xl/sharedStrings.xml'
09:43:01.537 [main] DEBUG - Save part 'xl/styles.xml'
09:43:01.537 [main] DEBUG - Save part 'xl/theme/theme1.xml'
09:43:01.537 [main] DEBUG - Save part 'xl/workbook.xml'
09:43:01.539 [main] DEBUG - Save part 'xl/worksheets/sheet1.xml'
09:43:01.539 [main] DEBUG - Save part 'xl/worksheets/sheet2.xml'
09:43:01.539 [main] DEBUG - Save part 'xl/worksheets/sheet3.xml'
09:43:01.539 [main] DEBUG - Save part 'xl/worksheets/sheet4.xml'
09:43:01.539 [main] DEBUG - Save part 'xl/worksheets/sheet5.xml'
09:43:01.539 [main] DEBUG - Save part 'xl/worksheets/sheet6.xml'
09:43:01.540 [main] DEBUG - Save part 'xl/worksheets/sheet7.xml'
09:43:01.540 [main] DEBUG - Save part 'xl/worksheets/sheet8.xml'
09:43:01.540 [main] DEBUG - Save part 'xl/worksheets/sheet9.xml'
09:43:01.584 [main] DEBUG - Parsing relationship: /xl/_rels/workbook.xml.rels
09:43:01.584 [main] DEBUG - Parsing relationship: /xl/worksheets/_rels/sheet6.xml.rels
09:43:01.584 [main] DEBUG - Parsing relationship: /_rels/.rels
09:43:01.589 [main] DEBUG - using default POIXMLDocumentPart for http://schemas.openxmlformats.org/officeDocument/2006/relationships/printerSettings
09:43:01.611 [main] DEBUG - Save content types part
09:43:01.611 [main] DEBUG - Save package relationships
09:43:01.612 [main] DEBUG - Save part 'docProps/app.xml'
09:43:01.612 [main] DEBUG - Save part 'docProps/core.xml'
09:43:01.612 [main] DEBUG - Save part 'xl/printerSettings/printerSettings1.bin'
09:43:01.613 [main] DEBUG - Save part 'xl/sharedStrings.xml'
09:43:01.613 [main] DEBUG - Save part 'xl/styles.xml'
09:43:01.614 [main] DEBUG - Save part 'xl/theme/theme1.xml'
09:43:01.614 [main] DEBUG - Save part 'xl/workbook.xml'
09:43:01.615 [main] DEBUG - Save part 'xl/worksheets/sheet1.xml'
09:43:01.615 [main] DEBUG - Save part 'xl/worksheets/sheet2.xml'
09:43:01.615 [main] DEBUG - Save part 'xl/worksheets/sheet3.xml'
09:43:01.616 [main] DEBUG - Save part 'xl/worksheets/sheet4.xml'
09:43:01.616 [main] DEBUG - Save part 'xl/worksheets/sheet5.xml'
09:43:01.616 [main] DEBUG - Save part 'xl/worksheets/sheet6.xml'
09:43:01.617 [main] DEBUG - Save part 'xl/worksheets/sheet7.xml'
09:43:01.617 [main] DEBUG - Save part 'xl/worksheets/sheet8.xml'
09:43:01.617 [main] DEBUG - Save part 'xl/worksheets/sheet9.xml'
09:43:01.668 [main] DEBUG - Parsing relationship: /xl/_rels/workbook.xml.rels
09:43:01.668 [main] DEBUG - Parsing relationship: /xl/worksheets/_rels/sheet6.xml.rels
09:43:01.668 [main] DEBUG - Parsing relationship: /_rels/.rels
09:43:01.674 [main] DEBUG - using default POIXMLDocumentPart for http://schemas.openxmlformats.org/officeDocument/2006/relationships/printerSettings
09:43:01.701 [main] DEBUG - Save content types part
09:43:01.704 [main] DEBUG - Save package relationships
09:43:01.704 [main] DEBUG - Save part 'docProps/app.xml'
09:43:01.704 [main] DEBUG - Save part 'docProps/core.xml'
09:43:01.705 [main] DEBUG - Save part 'xl/printerSettings/printerSettings1.bin'
09:43:01.705 [main] DEBUG - Save part 'xl/sharedStrings.xml'
09:43:01.706 [main] DEBUG - Save part 'xl/styles.xml'
09:43:01.706 [main] DEBUG - Save part 'xl/theme/theme1.xml'
09:43:01.706 [main] DEBUG - Save part 'xl/workbook.xml'
09:43:01.707 [main] DEBUG - Save part 'xl/worksheets/sheet1.xml'
09:43:01.708 [main] DEBUG - Save part 'xl/worksheets/sheet2.xml'
09:43:01.708 [main] DEBUG - Save part 'xl/worksheets/sheet3.xml'
09:43:01.708 [main] DEBUG - Save part 'xl/worksheets/sheet4.xml'
09:43:01.708 [main] DEBUG - Save part 'xl/worksheets/sheet5.xml'
09:43:01.708 [main] DEBUG - Save part 'xl/worksheets/sheet6.xml'
09:43:01.709 [main] DEBUG - Save part 'xl/worksheets/sheet7.xml'
09:43:01.710 [main] DEBUG - Save part 'xl/worksheets/sheet8.xml'
09:43:01.710 [main] DEBUG - Save part 'xl/worksheets/sheet9.xml'
09:43:01.755 [main] DEBUG - Parsing relationship: /xl/_rels/workbook.xml.rels
09:43:01.756 [main] DEBUG - Parsing relationship: /xl/worksheets/_rels/sheet6.xml.rels
09:43:01.756 [main] DEBUG - Parsing relationship: /_rels/.rels
09:43:01.762 [main] DEBUG - using default POIXMLDocumentPart for http://schemas.openxmlformats.org/officeDocument/2006/relationships/printerSettings
09:43:01.790 [main] DEBUG - Save content types part
09:43:01.790 [main] DEBUG - Save package relationships
09:43:01.792 [main] DEBUG - Save part 'docProps/app.xml'
09:43:01.792 [main] DEBUG - Save part 'docProps/core.xml'
09:43:01.792 [main] DEBUG - Save part 'xl/printerSettings/printerSettings1.bin'
09:43:01.792 [main] DEBUG - Save part 'xl/sharedStrings.xml'
09:43:01.793 [main] DEBUG - Save part 'xl/styles.xml'
09:43:01.793 [main] DEBUG - Save part 'xl/theme/theme1.xml'
09:43:01.793 [main] DEBUG - Save part 'xl/workbook.xml'
09:43:01.794 [main] DEBUG - Save part 'xl/worksheets/sheet1.xml'
09:43:01.794 [main] DEBUG - Save part 'xl/worksheets/sheet2.xml'
09:43:01.795 [main] DEBUG - Save part 'xl/worksheets/sheet3.xml'
09:43:01.795 [main] DEBUG - Save part 'xl/worksheets/sheet4.xml'
09:43:01.795 [main] DEBUG - Save part 'xl/worksheets/sheet5.xml'
09:43:01.795 [main] DEBUG - Save part 'xl/worksheets/sheet6.xml'
09:43:01.797 [main] DEBUG - Save part 'xl/worksheets/sheet7.xml'
09:43:01.798 [main] DEBUG - Save part 'xl/worksheets/sheet8.xml'
09:43:01.798 [main] DEBUG - Save part 'xl/worksheets/sheet9.xml'
09:43:01.857 [main] DEBUG - Parsing relationship: /xl/_rels/workbook.xml.rels
09:43:01.857 [main] DEBUG - Parsing relationship: /xl/worksheets/_rels/sheet6.xml.rels
09:43:01.857 [main] DEBUG - Parsing relationship: /_rels/.rels
09:43:01.863 [main] DEBUG - using default POIXMLDocumentPart for http://schemas.openxmlformats.org/officeDocument/2006/relationships/printerSettings
09:43:01.887 [main] DEBUG - Save content types part
09:43:01.889 [main] DEBUG - Save package relationships
09:43:01.889 [main] DEBUG - Save part 'docProps/app.xml'
09:43:01.889 [main] DEBUG - Save part 'docProps/core.xml'
09:43:01.891 [main] DEBUG - Save part 'xl/printerSettings/printerSettings1.bin'
09:43:01.891 [main] DEBUG - Save part 'xl/sharedStrings.xml'
09:43:01.891 [main] DEBUG - Save part 'xl/styles.xml'
09:43:01.891 [main] DEBUG - Save part 'xl/theme/theme1.xml'
09:43:01.891 [main] DEBUG - Save part 'xl/workbook.xml'
09:43:01.892 [main] DEBUG - Save part 'xl/worksheets/sheet1.xml'
09:43:01.892 [main] DEBUG - Save part 'xl/worksheets/sheet2.xml'
09:43:01.892 [main] DEBUG - Save part 'xl/worksheets/sheet3.xml'
09:43:01.892 [main] DEBUG - Save part 'xl/worksheets/sheet4.xml'
09:43:01.892 [main] DEBUG - Save part 'xl/worksheets/sheet5.xml'
09:43:01.892 [main] DEBUG - Save part 'xl/worksheets/sheet6.xml'
09:43:01.893 [main] DEBUG - Save part 'xl/worksheets/sheet7.xml'
09:43:01.893 [main] DEBUG - Save part 'xl/worksheets/sheet8.xml'
09:43:01.893 [main] DEBUG - Save part 'xl/worksheets/sheet9.xml'
09:43:01.936 [main] DEBUG - Parsing relationship: /xl/_rels/workbook.xml.rels
09:43:01.937 [main] DEBUG - Parsing relationship: /xl/worksheets/_rels/sheet6.xml.rels
09:43:01.937 [main] DEBUG - Parsing relationship: /_rels/.rels
09:43:01.940 [main] DEBUG - using default POIXMLDocumentPart for http://schemas.openxmlformats.org/officeDocument/2006/relationships/printerSettings
09:43:01.955 [main] DEBUG - Save content types part
09:43:01.956 [main] DEBUG - Save package relationships
09:43:01.957 [main] DEBUG - Save part 'docProps/app.xml'
09:43:01.957 [main] DEBUG - Save part 'docProps/core.xml'
09:43:01.958 [main] DEBUG - Save part 'xl/printerSettings/printerSettings1.bin'
09:43:01.958 [main] DEBUG - Save part 'xl/sharedStrings.xml'
09:43:01.959 [main] DEBUG - Save part 'xl/styles.xml'
09:43:01.959 [main] DEBUG - Save part 'xl/theme/theme1.xml'
09:43:01.959 [main] DEBUG - Save part 'xl/workbook.xml'
09:43:01.961 [main] DEBUG - Save part 'xl/worksheets/sheet1.xml'
09:43:01.961 [main] DEBUG - Save part 'xl/worksheets/sheet2.xml'
09:43:01.961 [main] DEBUG - Save part 'xl/worksheets/sheet3.xml'
09:43:01.961 [main] DEBUG - Save part 'xl/worksheets/sheet4.xml'
09:43:01.961 [main] DEBUG - Save part 'xl/worksheets/sheet5.xml'
09:43:01.962 [main] DEBUG - Save part 'xl/worksheets/sheet6.xml'
09:43:01.963 [main] DEBUG - Save part 'xl/worksheets/sheet7.xml'
09:43:01.964 [main] DEBUG - Save part 'xl/worksheets/sheet8.xml'
09:43:01.964 [main] DEBUG - Save part 'xl/worksheets/sheet9.xml'
09:43:02.009 [main] DEBUG - Parsing relationship: /xl/_rels/workbook.xml.rels
09:43:02.009 [main] DEBUG - Parsing relationship: /xl/worksheets/_rels/sheet6.xml.rels
09:43:02.009 [main] DEBUG - Parsing relationship: /_rels/.rels
09:43:02.016 [main] DEBUG - using default POIXMLDocumentPart for http://schemas.openxmlformats.org/officeDocument/2006/relationships/printerSettings
09:43:02.032 [main] DEBUG - Save content types part
09:43:02.035 [main] DEBUG - Save package relationships
09:43:02.036 [main] DEBUG - Save part 'docProps/app.xml'
09:43:02.036 [main] DEBUG - Save part 'docProps/core.xml'
09:43:02.037 [main] DEBUG - Save part 'xl/printerSettings/printerSettings1.bin'
09:43:02.037 [main] DEBUG - Save part 'xl/sharedStrings.xml'
09:43:02.038 [main] DEBUG - Save part 'xl/styles.xml'
09:43:02.038 [main] DEBUG - Save part 'xl/theme/theme1.xml'
09:43:02.038 [main] DEBUG - Save part 'xl/workbook.xml'
09:43:02.039 [main] DEBUG - Save part 'xl/worksheets/sheet1.xml'
09:43:02.040 [main] DEBUG - Save part 'xl/worksheets/sheet2.xml'
09:43:02.040 [main] DEBUG - Save part 'xl/worksheets/sheet3.xml'
09:43:02.040 [main] DEBUG - Save part 'xl/worksheets/sheet4.xml'
09:43:02.040 [main] DEBUG - Save part 'xl/worksheets/sheet5.xml'
09:43:02.041 [main] DEBUG - Save part 'xl/worksheets/sheet6.xml'
09:43:02.042 [main] DEBUG - Save part 'xl/worksheets/sheet7.xml'
09:43:02.042 [main] DEBUG - Save part 'xl/worksheets/sheet8.xml'
09:43:02.042 [main] DEBUG - Save part 'xl/worksheets/sheet9.xml'
09:43:02.092 [main] DEBUG - Parsing relationship: /xl/_rels/workbook.xml.rels
09:43:02.092 [main] DEBUG - Parsing relationship: /xl/worksheets/_rels/sheet6.xml.rels
09:43:02.092 [main] DEBUG - Parsing relationship: /_rels/.rels
09:43:02.104 [main] DEBUG - using default POIXMLDocumentPart for http://schemas.openxmlformats.org/officeDocument/2006/relationships/printerSettings
09:43:02.124 [main] DEBUG - Save content types part
09:43:02.125 [main] DEBUG - Save package relationships
09:43:02.126 [main] DEBUG - Save part 'docProps/app.xml'
09:43:02.126 [main] DEBUG - Save part 'docProps/core.xml'
09:43:02.127 [main] DEBUG - Save part 'xl/printerSettings/printerSettings1.bin'
09:43:02.128 [main] DEBUG - Save part 'xl/sharedStrings.xml'
09:43:02.128 [main] DEBUG - Save part 'xl/styles.xml'
09:43:02.128 [main] DEBUG - Save part 'xl/theme/theme1.xml'
09:43:02.129 [main] DEBUG - Save part 'xl/workbook.xml'
09:43:02.130 [main] DEBUG - Save part 'xl/worksheets/sheet1.xml'
09:43:02.130 [main] DEBUG - Save part 'xl/worksheets/sheet2.xml'
09:43:02.131 [main] DEBUG - Save part 'xl/worksheets/sheet3.xml'
09:43:02.131 [main] DEBUG - Save part 'xl/worksheets/sheet4.xml'
09:43:02.131 [main] DEBUG - Save part 'xl/worksheets/sheet5.xml'
09:43:02.131 [main] DEBUG - Save part 'xl/worksheets/sheet6.xml'
09:43:02.131 [main] DEBUG - Save part 'xl/worksheets/sheet7.xml'
09:43:02.131 [main] DEBUG - Save part 'xl/worksheets/sheet8.xml'
09:43:02.131 [main] DEBUG - Save part 'xl/worksheets/sheet9.xml'
09:43:02.185 [main] DEBUG - Parsing relationship: /xl/_rels/workbook.xml.rels
09:43:02.186 [main] DEBUG - Parsing relationship: /xl/worksheets/_rels/sheet6.xml.rels
09:43:02.186 [main] DEBUG - Parsing relationship: /_rels/.rels
09:43:02.195 [main] DEBUG - using default POIXMLDocumentPart for http://schemas.openxmlformats.org/officeDocument/2006/relationships/printerSettings
09:43:02.215 [main] DEBUG - Save content types part
09:43:02.217 [main] DEBUG - Save package relationships
09:43:02.217 [main] DEBUG - Save part 'docProps/app.xml'
09:43:02.217 [main] DEBUG - Save part 'docProps/core.xml'
09:43:02.218 [main] DEBUG - Save part 'xl/printerSettings/printerSettings1.bin'
09:43:02.218 [main] DEBUG - Save part 'xl/sharedStrings.xml'
09:43:02.219 [main] DEBUG - Save part 'xl/styles.xml'
09:43:02.219 [main] DEBUG - Save part 'xl/theme/theme1.xml'
09:43:02.219 [main] DEBUG - Save part 'xl/workbook.xml'
09:43:02.221 [main] DEBUG - Save part 'xl/worksheets/sheet1.xml'
09:43:02.221 [main] DEBUG - Save part 'xl/worksheets/sheet2.xml'
09:43:02.221 [main] DEBUG - Save part 'xl/worksheets/sheet3.xml'
09:43:02.222 [main] DEBUG - Save part 'xl/worksheets/sheet4.xml'
09:43:02.223 [main] DEBUG - Save part 'xl/worksheets/sheet5.xml'
09:43:02.223 [main] DEBUG - Save part 'xl/worksheets/sheet6.xml'
09:43:02.223 [main] DEBUG - Save part 'xl/worksheets/sheet7.xml'
09:43:02.223 [main] DEBUG - Save part 'xl/worksheets/sheet8.xml'
09:43:02.223 [main] DEBUG - Save part 'xl/worksheets/sheet9.xml'
09:43:02.277 [main] DEBUG - Parsing relationship: /xl/_rels/workbook.xml.rels
09:43:02.278 [main] DEBUG - Parsing relationship: /xl/worksheets/_rels/sheet6.xml.rels
09:43:02.279 [main] DEBUG - Parsing relationship: /_rels/.rels
09:43:02.282 [main] DEBUG - using default POIXMLDocumentPart for http://schemas.openxmlformats.org/officeDocument/2006/relationships/printerSettings
09:43:02.296 [main] DEBUG - Save content types part
09:43:02.297 [main] DEBUG - Save package relationships
09:43:02.298 [main] DEBUG - Save part 'docProps/app.xml'
09:43:02.299 [main] DEBUG - Save part 'docProps/core.xml'
09:43:02.300 [main] DEBUG - Save part 'xl/printerSettings/printerSettings1.bin'
09:43:02.300 [main] DEBUG - Save part 'xl/sharedStrings.xml'
09:43:02.301 [main] DEBUG - Save part 'xl/styles.xml'
09:43:02.301 [main] DEBUG - Save part 'xl/theme/theme1.xml'
09:43:02.302 [main] DEBUG - Save part 'xl/workbook.xml'
09:43:02.303 [main] DEBUG - Save part 'xl/worksheets/sheet1.xml'
09:43:02.303 [main] DEBUG - Save part 'xl/worksheets/sheet2.xml'
09:43:02.304 [main] DEBUG - Save part 'xl/worksheets/sheet3.xml'
09:43:02.304 [main] DEBUG - Save part 'xl/worksheets/sheet4.xml'
09:43:02.304 [main] DEBUG - Save part 'xl/worksheets/sheet5.xml'
09:43:02.304 [main] DEBUG - Save part 'xl/worksheets/sheet6.xml'
09:43:02.306 [main] DEBUG - Save part 'xl/worksheets/sheet7.xml'
09:43:02.306 [main] DEBUG - Save part 'xl/worksheets/sheet8.xml'
09:43:02.307 [main] DEBUG - Save part 'xl/worksheets/sheet9.xml'
09:43:02.357 [main] DEBUG - Parsing relationship: /xl/_rels/workbook.xml.rels
09:43:02.357 [main] DEBUG - Parsing relationship: /xl/worksheets/_rels/sheet6.xml.rels
09:43:02.357 [main] DEBUG - Parsing relationship: /_rels/.rels
09:43:02.365 [main] DEBUG - using default POIXMLDocumentPart for http://schemas.openxmlformats.org/officeDocument/2006/relationships/printerSettings
09:43:02.392 [main] DEBUG - Save content types part
09:43:02.393 [main] DEBUG - Save package relationships
09:43:02.394 [main] DEBUG - Save part 'docProps/app.xml'
09:43:02.394 [main] DEBUG - Save part 'docProps/core.xml'
09:43:02.395 [main] DEBUG - Save part 'xl/printerSettings/printerSettings1.bin'
09:43:02.396 [main] DEBUG - Save part 'xl/sharedStrings.xml'
09:43:02.396 [main] DEBUG - Save part 'xl/styles.xml'
09:43:02.397 [main] DEBUG - Save part 'xl/theme/theme1.xml'
09:43:02.397 [main] DEBUG - Save part 'xl/workbook.xml'
09:43:02.398 [main] DEBUG - Save part 'xl/worksheets/sheet1.xml'
09:43:02.398 [main] DEBUG - Save part 'xl/worksheets/sheet2.xml'
09:43:02.399 [main] DEBUG - Save part 'xl/worksheets/sheet3.xml'
09:43:02.399 [main] DEBUG - Save part 'xl/worksheets/sheet4.xml'
09:43:02.399 [main] DEBUG - Save part 'xl/worksheets/sheet5.xml'
09:43:02.399 [main] DEBUG - Save part 'xl/worksheets/sheet6.xml'
09:43:02.400 [main] DEBUG - Save part 'xl/worksheets/sheet7.xml'
09:43:02.401 [main] DEBUG - Save part 'xl/worksheets/sheet8.xml'
09:43:02.401 [main] DEBUG - Save part 'xl/worksheets/sheet9.xml'
09:43:02.455 [main] DEBUG - Parsing relationship: /xl/_rels/workbook.xml.rels
09:43:02.455 [main] DEBUG - Parsing relationship: /xl/worksheets/_rels/sheet6.xml.rels
09:43:02.457 [main] DEBUG - Parsing relationship: /_rels/.rels
09:43:02.463 [main] DEBUG - using default POIXMLDocumentPart for http://schemas.openxmlformats.org/officeDocument/2006/relationships/printerSettings
09:43:02.481 [main] DEBUG - Save content types part
09:43:02.482 [main] DEBUG - Save package relationships
09:43:02.483 [main] DEBUG - Save part 'docProps/app.xml'
09:43:02.483 [main] DEBUG - Save part 'docProps/core.xml'
09:43:02.485 [main] DEBUG - Save part 'xl/printerSettings/printerSettings1.bin'
09:43:02.485 [main] DEBUG - Save part 'xl/sharedStrings.xml'
09:43:02.485 [main] DEBUG - Save part 'xl/styles.xml'
09:43:02.485 [main] DEBUG - Save part 'xl/theme/theme1.xml'
09:43:02.485 [main] DEBUG - Save part 'xl/workbook.xml'
09:43:02.485 [main] DEBUG - Save part 'xl/worksheets/sheet1.xml'
09:43:02.485 [main] DEBUG - Save part 'xl/worksheets/sheet2.xml'
09:43:02.485 [main] DEBUG - Save part 'xl/worksheets/sheet3.xml'
09:43:02.487 [main] DEBUG - Save part 'xl/worksheets/sheet4.xml'
09:43:02.487 [main] DEBUG - Save part 'xl/worksheets/sheet5.xml'
09:43:02.487 [main] DEBUG - Save part 'xl/worksheets/sheet6.xml'
09:43:02.487 [main] DEBUG - Save part 'xl/worksheets/sheet7.xml'
09:43:02.487 [main] DEBUG - Save part 'xl/worksheets/sheet8.xml'
09:43:02.487 [main] DEBUG - Save part 'xl/worksheets/sheet9.xml'
09:43:02.543 [main] DEBUG - Parsing relationship: /xl/_rels/workbook.xml.rels
09:43:02.543 [main] DEBUG - Parsing relationship: /xl/worksheets/_rels/sheet6.xml.rels
09:43:02.543 [main] DEBUG - Parsing relationship: /_rels/.rels
09:43:02.550 [main] DEBUG - using default POIXMLDocumentPart for http://schemas.openxmlformats.org/officeDocument/2006/relationships/printerSettings
09:43:02.571 [main] DEBUG - Save content types part
09:43:02.571 [main] DEBUG - Save package relationships
09:43:02.571 [main] DEBUG - Save part 'docProps/app.xml'
09:43:02.571 [main] DEBUG - Save part 'docProps/core.xml'
09:43:02.573 [main] DEBUG - Save part 'xl/printerSettings/printerSettings1.bin'
09:43:02.573 [main] DEBUG - Save part 'xl/sharedStrings.xml'
09:43:02.574 [main] DEBUG - Save part 'xl/styles.xml'
09:43:02.574 [main] DEBUG - Save part 'xl/theme/theme1.xml'
09:43:02.574 [main] DEBUG - Save part 'xl/workbook.xml'
09:43:02.574 [main] DEBUG - Save part 'xl/worksheets/sheet1.xml'
09:43:02.575 [main] DEBUG - Save part 'xl/worksheets/sheet2.xml'
09:43:02.575 [main] DEBUG - Save part 'xl/worksheets/sheet3.xml'
09:43:02.575 [main] DEBUG - Save part 'xl/worksheets/sheet4.xml'
09:43:02.575 [main] DEBUG - Save part 'xl/worksheets/sheet5.xml'
09:43:02.575 [main] DEBUG - Save part 'xl/worksheets/sheet6.xml'
09:43:02.576 [main] DEBUG - Save part 'xl/worksheets/sheet7.xml'
09:43:02.576 [main] DEBUG - Save part 'xl/worksheets/sheet8.xml'
09:43:02.577 [main] DEBUG - Save part 'xl/worksheets/sheet9.xml'
09:43:02.938 [main] INFO  - All the Categories are Visible
09:43:19.156 [main] INFO  - The user clicks on the Track Order
09:43:30.532 [main] INFO  - The user is redirected to new page
09:43:30.690 [main] INFO  - The user enters the order number and phone number and gets the response
09:43:31.989 [main] DEBUG - Parsing relationship: /xl/_rels/workbook.xml.rels
09:43:31.989 [main] DEBUG - Parsing relationship: /xl/worksheets/_rels/sheet6.xml.rels
09:43:31.990 [main] DEBUG - Parsing relationship: /_rels/.rels
09:43:31.994 [main] DEBUG - using default POIXMLDocumentPart for http://schemas.openxmlformats.org/officeDocument/2006/relationships/printerSettings
09:43:32.003 [main] DEBUG - Save content types part
09:43:32.005 [main] DEBUG - Save package relationships
09:43:32.006 [main] DEBUG - Save part 'docProps/app.xml'
09:43:32.006 [main] DEBUG - Save part 'docProps/core.xml'
09:43:32.006 [main] DEBUG - Save part 'xl/printerSettings/printerSettings1.bin'
09:43:32.006 [main] DEBUG - Save part 'xl/sharedStrings.xml'
09:43:32.007 [main] DEBUG - Save part 'xl/styles.xml'
09:43:32.007 [main] DEBUG - Save part 'xl/theme/theme1.xml'
09:43:32.007 [main] DEBUG - Save part 'xl/workbook.xml'
09:43:32.008 [main] DEBUG - Save part 'xl/worksheets/sheet1.xml'
09:43:32.008 [main] DEBUG - Save part 'xl/worksheets/sheet2.xml'
09:43:32.008 [main] DEBUG - Save part 'xl/worksheets/sheet3.xml'
09:43:32.008 [main] DEBUG - Save part 'xl/worksheets/sheet4.xml'
09:43:32.008 [main] DEBUG - Save part 'xl/worksheets/sheet5.xml'
09:43:32.008 [main] DEBUG - Save part 'xl/worksheets/sheet6.xml'
09:43:32.009 [main] DEBUG - Save part 'xl/worksheets/sheet7.xml'
09:43:32.009 [main] DEBUG - Save part 'xl/worksheets/sheet8.xml'
09:43:32.009 [main] DEBUG - Save part 'xl/worksheets/sheet9.xml'
09:43:32.032 [main] DEBUG - Parsing relationship: /xl/_rels/workbook.xml.rels
09:43:32.032 [main] DEBUG - Parsing relationship: /xl/worksheets/_rels/sheet6.xml.rels
09:43:32.032 [main] DEBUG - Parsing relationship: /_rels/.rels
09:43:32.036 [main] DEBUG - using default POIXMLDocumentPart for http://schemas.openxmlformats.org/officeDocument/2006/relationships/printerSettings
09:43:32.043 [main] DEBUG - Save content types part
09:43:32.043 [main] DEBUG - Save package relationships
09:43:32.043 [main] DEBUG - Save part 'docProps/app.xml'
09:43:32.043 [main] DEBUG - Save part 'docProps/core.xml'
09:43:32.044 [main] DEBUG - Save part 'xl/printerSettings/printerSettings1.bin'
09:43:32.044 [main] DEBUG - Save part 'xl/sharedStrings.xml'
09:43:32.044 [main] DEBUG - Save part 'xl/styles.xml'
09:43:32.044 [main] DEBUG - Save part 'xl/theme/theme1.xml'
09:43:32.044 [main] DEBUG - Save part 'xl/workbook.xml'
09:43:32.045 [main] DEBUG - Save part 'xl/worksheets/sheet1.xml'
09:43:32.045 [main] DEBUG - Save part 'xl/worksheets/sheet2.xml'
09:43:32.045 [main] DEBUG - Save part 'xl/worksheets/sheet3.xml'
09:43:32.045 [main] DEBUG - Save part 'xl/worksheets/sheet4.xml'
09:43:32.045 [main] DEBUG - Save part 'xl/worksheets/sheet5.xml'
09:43:32.045 [main] DEBUG - Save part 'xl/worksheets/sheet6.xml'
09:43:32.045 [main] DEBUG - Save part 'xl/worksheets/sheet7.xml'
09:43:32.045 [main] DEBUG - Save part 'xl/worksheets/sheet8.xml'
09:43:32.045 [main] DEBUG - Save part 'xl/worksheets/sheet9.xml'
09:43:32.086 [main] DEBUG - Parsing relationship: /xl/_rels/workbook.xml.rels
09:43:32.087 [main] DEBUG - Parsing relationship: /xl/worksheets/_rels/sheet6.xml.rels
09:43:32.087 [main] DEBUG - Parsing relationship: /_rels/.rels
09:43:32.092 [main] DEBUG - using default POIXMLDocumentPart for http://schemas.openxmlformats.org/officeDocument/2006/relationships/printerSettings
09:43:32.100 [main] DEBUG - Save content types part
09:43:32.101 [main] DEBUG - Save package relationships
09:43:32.101 [main] DEBUG - Save part 'docProps/app.xml'
09:43:32.101 [main] DEBUG - Save part 'docProps/core.xml'
09:43:32.101 [main] DEBUG - Save part 'xl/printerSettings/printerSettings1.bin'
09:43:32.101 [main] DEBUG - Save part 'xl/sharedStrings.xml'
09:43:32.101 [main] DEBUG - Save part 'xl/styles.xml'
09:43:32.101 [main] DEBUG - Save part 'xl/theme/theme1.xml'
09:43:32.101 [main] DEBUG - Save part 'xl/workbook.xml'
09:43:32.102 [main] DEBUG - Save part 'xl/worksheets/sheet1.xml'
09:43:32.102 [main] DEBUG - Save part 'xl/worksheets/sheet2.xml'
09:43:32.102 [main] DEBUG - Save part 'xl/worksheets/sheet3.xml'
09:43:32.102 [main] DEBUG - Save part 'xl/worksheets/sheet4.xml'
09:43:32.102 [main] DEBUG - Save part 'xl/worksheets/sheet5.xml'
09:43:32.102 [main] DEBUG - Save part 'xl/worksheets/sheet6.xml'
09:43:32.103 [main] DEBUG - Save part 'xl/worksheets/sheet7.xml'
09:43:32.103 [main] DEBUG - Save part 'xl/worksheets/sheet8.xml'
09:43:32.103 [main] DEBUG - Save part 'xl/worksheets/sheet9.xml'
09:43:32.145 [main] DEBUG - Parsing relationship: /xl/_rels/workbook.xml.rels
09:43:32.146 [main] DEBUG - Parsing relationship: /xl/worksheets/_rels/sheet6.xml.rels
09:43:32.146 [main] DEBUG - Parsing relationship: /_rels/.rels
09:43:32.151 [main] DEBUG - using default POIXMLDocumentPart for http://schemas.openxmlformats.org/officeDocument/2006/relationships/printerSettings
09:43:32.166 [main] DEBUG - Save content types part
09:43:32.167 [main] DEBUG - Save package relationships
09:43:32.167 [main] DEBUG - Save part 'docProps/app.xml'
09:43:32.167 [main] DEBUG - Save part 'docProps/core.xml'
09:43:32.168 [main] DEBUG - Save part 'xl/printerSettings/printerSettings1.bin'
09:43:32.168 [main] DEBUG - Save part 'xl/sharedStrings.xml'
09:43:32.169 [main] DEBUG - Save part 'xl/styles.xml'
09:43:32.169 [main] DEBUG - Save part 'xl/theme/theme1.xml'
09:43:32.169 [main] DEBUG - Save part 'xl/workbook.xml'
09:43:32.170 [main] DEBUG - Save part 'xl/worksheets/sheet1.xml'
09:43:32.170 [main] DEBUG - Save part 'xl/worksheets/sheet2.xml'
09:43:32.170 [main] DEBUG - Save part 'xl/worksheets/sheet3.xml'
09:43:32.170 [main] DEBUG - Save part 'xl/worksheets/sheet4.xml'
09:43:32.170 [main] DEBUG - Save part 'xl/worksheets/sheet5.xml'
09:43:32.171 [main] DEBUG - Save part 'xl/worksheets/sheet6.xml'
09:43:32.171 [main] DEBUG - Save part 'xl/worksheets/sheet7.xml'
09:43:32.171 [main] DEBUG - Save part 'xl/worksheets/sheet8.xml'
09:43:32.171 [main] DEBUG - Save part 'xl/worksheets/sheet9.xml'
09:43:32.194 [main] DEBUG - Parsing relationship: /xl/_rels/workbook.xml.rels
09:43:32.194 [main] DEBUG - Parsing relationship: /xl/worksheets/_rels/sheet6.xml.rels
09:43:32.194 [main] DEBUG - Parsing relationship: /_rels/.rels
09:43:32.200 [main] DEBUG - using default POIXMLDocumentPart for http://schemas.openxmlformats.org/officeDocument/2006/relationships/printerSettings
09:43:32.215 [main] DEBUG - Save content types part
09:43:32.216 [main] DEBUG - Save package relationships
09:43:32.217 [main] DEBUG - Save part 'docProps/app.xml'
09:43:32.217 [main] DEBUG - Save part 'docProps/core.xml'
09:43:32.217 [main] DEBUG - Save part 'xl/printerSettings/printerSettings1.bin'
09:43:32.217 [main] DEBUG - Save part 'xl/sharedStrings.xml'
09:43:32.218 [main] DEBUG - Save part 'xl/styles.xml'
09:43:32.218 [main] DEBUG - Save part 'xl/theme/theme1.xml'
09:43:32.218 [main] DEBUG - Save part 'xl/workbook.xml'
09:43:32.220 [main] DEBUG - Save part 'xl/worksheets/sheet1.xml'
09:43:32.220 [main] DEBUG - Save part 'xl/worksheets/sheet2.xml'
09:43:32.221 [main] DEBUG - Save part 'xl/worksheets/sheet3.xml'
09:43:32.221 [main] DEBUG - Save part 'xl/worksheets/sheet4.xml'
09:43:32.221 [main] DEBUG - Save part 'xl/worksheets/sheet5.xml'
09:43:32.221 [main] DEBUG - Save part 'xl/worksheets/sheet6.xml'
09:43:32.223 [main] DEBUG - Save part 'xl/worksheets/sheet7.xml'
09:43:32.223 [main] DEBUG - Save part 'xl/worksheets/sheet8.xml'
09:43:32.224 [main] DEBUG - Save part 'xl/worksheets/sheet9.xml'
09:43:32.269 [main] DEBUG - Parsing relationship: /xl/_rels/workbook.xml.rels
09:43:32.269 [main] DEBUG - Parsing relationship: /xl/worksheets/_rels/sheet6.xml.rels
09:43:32.269 [main] DEBUG - Parsing relationship: /_rels/.rels
09:43:32.272 [main] DEBUG - using default POIXMLDocumentPart for http://schemas.openxmlformats.org/officeDocument/2006/relationships/printerSettings
09:43:32.283 [main] DEBUG - Save content types part
09:43:32.284 [main] DEBUG - Save package relationships
09:43:32.285 [main] DEBUG - Save part 'docProps/app.xml'
09:43:32.285 [main] DEBUG - Save part 'docProps/core.xml'
09:43:32.285 [main] DEBUG - Save part 'xl/printerSettings/printerSettings1.bin'
09:43:32.285 [main] DEBUG - Save part 'xl/sharedStrings.xml'
09:43:32.286 [main] DEBUG - Save part 'xl/styles.xml'
09:43:32.286 [main] DEBUG - Save part 'xl/theme/theme1.xml'
09:43:32.286 [main] DEBUG - Save part 'xl/workbook.xml'
09:43:32.286 [main] DEBUG - Save part 'xl/worksheets/sheet1.xml'
09:43:32.287 [main] DEBUG - Save part 'xl/worksheets/sheet2.xml'
09:43:32.287 [main] DEBUG - Save part 'xl/worksheets/sheet3.xml'
09:43:32.287 [main] DEBUG - Save part 'xl/worksheets/sheet4.xml'
09:43:32.287 [main] DEBUG - Save part 'xl/worksheets/sheet5.xml'
09:43:32.287 [main] DEBUG - Save part 'xl/worksheets/sheet6.xml'
09:43:32.288 [main] DEBUG - Save part 'xl/worksheets/sheet7.xml'
09:43:32.289 [main] DEBUG - Save part 'xl/worksheets/sheet8.xml'
09:43:32.289 [main] DEBUG - Save part 'xl/worksheets/sheet9.xml'
09:43:32.330 [main] DEBUG - Parsing relationship: /xl/_rels/workbook.xml.rels
09:43:32.330 [main] DEBUG - Parsing relationship: /xl/worksheets/_rels/sheet6.xml.rels
09:43:32.330 [main] DEBUG - Parsing relationship: /_rels/.rels
09:43:32.333 [main] DEBUG - using default POIXMLDocumentPart for http://schemas.openxmlformats.org/officeDocument/2006/relationships/printerSettings
09:43:32.343 [main] DEBUG - Save content types part
09:43:32.343 [main] DEBUG - Save package relationships
09:43:32.344 [main] DEBUG - Save part 'docProps/app.xml'
09:43:32.344 [main] DEBUG - Save part 'docProps/core.xml'
09:43:32.344 [main] DEBUG - Save part 'xl/printerSettings/printerSettings1.bin'
09:43:32.344 [main] DEBUG - Save part 'xl/sharedStrings.xml'
09:43:32.344 [main] DEBUG - Save part 'xl/styles.xml'
09:43:32.345 [main] DEBUG - Save part 'xl/theme/theme1.xml'
09:43:32.345 [main] DEBUG - Save part 'xl/workbook.xml'
09:43:32.346 [main] DEBUG - Save part 'xl/worksheets/sheet1.xml'
09:43:32.346 [main] DEBUG - Save part 'xl/worksheets/sheet2.xml'
09:43:32.346 [main] DEBUG - Save part 'xl/worksheets/sheet3.xml'
09:43:32.346 [main] DEBUG - Save part 'xl/worksheets/sheet4.xml'
09:43:32.346 [main] DEBUG - Save part 'xl/worksheets/sheet5.xml'
09:43:32.347 [main] DEBUG - Save part 'xl/worksheets/sheet6.xml'
09:43:32.347 [main] DEBUG - Save part 'xl/worksheets/sheet7.xml'
09:43:32.348 [main] DEBUG - Save part 'xl/worksheets/sheet8.xml'
09:43:32.348 [main] DEBUG - Save part 'xl/worksheets/sheet9.xml'
09:43:32.385 [main] DEBUG - Parsing relationship: /xl/_rels/workbook.xml.rels
09:43:32.386 [main] DEBUG - Parsing relationship: /xl/worksheets/_rels/sheet6.xml.rels
09:43:32.386 [main] DEBUG - Parsing relationship: /_rels/.rels
09:43:32.390 [main] DEBUG - using default POIXMLDocumentPart for http://schemas.openxmlformats.org/officeDocument/2006/relationships/printerSettings
09:43:32.400 [main] DEBUG - Save content types part
09:43:32.401 [main] DEBUG - Save package relationships
09:43:32.401 [main] DEBUG - Save part 'docProps/app.xml'
09:43:32.402 [main] DEBUG - Save part 'docProps/core.xml'
09:43:32.403 [main] DEBUG - Save part 'xl/printerSettings/printerSettings1.bin'
09:43:32.403 [main] DEBUG - Save part 'xl/sharedStrings.xml'
09:43:32.403 [main] DEBUG - Save part 'xl/styles.xml'
09:43:32.403 [main] DEBUG - Save part 'xl/theme/theme1.xml'
09:43:32.403 [main] DEBUG - Save part 'xl/workbook.xml'
09:43:32.404 [main] DEBUG - Save part 'xl/worksheets/sheet1.xml'
09:43:32.404 [main] DEBUG - Save part 'xl/worksheets/sheet2.xml'
09:43:32.404 [main] DEBUG - Save part 'xl/worksheets/sheet3.xml'
09:43:32.404 [main] DEBUG - Save part 'xl/worksheets/sheet4.xml'
09:43:32.404 [main] DEBUG - Save part 'xl/worksheets/sheet5.xml'
09:43:32.405 [main] DEBUG - Save part 'xl/worksheets/sheet6.xml'
09:43:32.406 [main] DEBUG - Save part 'xl/worksheets/sheet7.xml'
09:43:32.406 [main] DEBUG - Save part 'xl/worksheets/sheet8.xml'
09:43:32.406 [main] DEBUG - Save part 'xl/worksheets/sheet9.xml'
09:43:32.444 [main] DEBUG - Parsing relationship: /xl/_rels/workbook.xml.rels
09:43:32.444 [main] DEBUG - Parsing relationship: /xl/worksheets/_rels/sheet6.xml.rels
09:43:32.444 [main] DEBUG - Parsing relationship: /_rels/.rels
09:43:32.449 [main] DEBUG - using default POIXMLDocumentPart for http://schemas.openxmlformats.org/officeDocument/2006/relationships/printerSettings
09:43:32.457 [main] DEBUG - Save content types part
09:43:32.457 [main] DEBUG - Save package relationships
09:43:32.457 [main] DEBUG - Save part 'docProps/app.xml'
09:43:32.457 [main] DEBUG - Save part 'docProps/core.xml'
09:43:32.458 [main] DEBUG - Save part 'xl/printerSettings/printerSettings1.bin'
09:43:32.458 [main] DEBUG - Save part 'xl/sharedStrings.xml'
09:43:32.458 [main] DEBUG - Save part 'xl/styles.xml'
09:43:32.458 [main] DEBUG - Save part 'xl/theme/theme1.xml'
09:43:32.458 [main] DEBUG - Save part 'xl/workbook.xml'
09:43:32.459 [main] DEBUG - Save part 'xl/worksheets/sheet1.xml'
09:43:32.459 [main] DEBUG - Save part 'xl/worksheets/sheet2.xml'
09:43:32.459 [main] DEBUG - Save part 'xl/worksheets/sheet3.xml'
09:43:32.459 [main] DEBUG - Save part 'xl/worksheets/sheet4.xml'
09:43:32.459 [main] DEBUG - Save part 'xl/worksheets/sheet5.xml'
09:43:32.459 [main] DEBUG - Save part 'xl/worksheets/sheet6.xml'
09:43:32.459 [main] DEBUG - Save part 'xl/worksheets/sheet7.xml'
09:43:32.459 [main] DEBUG - Save part 'xl/worksheets/sheet8.xml'
09:43:32.459 [main] DEBUG - Save part 'xl/worksheets/sheet9.xml'
09:43:33.625 [main] DEBUG - Parsing relationship: /xl/_rels/workbook.xml.rels
09:43:33.626 [main] DEBUG - Parsing relationship: /xl/worksheets/_rels/sheet6.xml.rels
09:43:33.626 [main] DEBUG - Parsing relationship: /_rels/.rels
09:43:33.630 [main] DEBUG - using default POIXMLDocumentPart for http://schemas.openxmlformats.org/officeDocument/2006/relationships/printerSettings
09:43:33.642 [main] DEBUG - Save content types part
09:43:33.642 [main] DEBUG - Save package relationships
09:43:33.642 [main] DEBUG - Save part 'docProps/app.xml'
09:43:33.642 [main] DEBUG - Save part 'docProps/core.xml'
09:43:33.643 [main] DEBUG - Save part 'xl/printerSettings/printerSettings1.bin'
09:43:33.643 [main] DEBUG - Save part 'xl/sharedStrings.xml'
09:43:33.643 [main] DEBUG - Save part 'xl/styles.xml'
09:43:33.643 [main] DEBUG - Save part 'xl/theme/theme1.xml'
09:43:33.643 [main] DEBUG - Save part 'xl/workbook.xml'
09:43:33.644 [main] DEBUG - Save part 'xl/worksheets/sheet1.xml'
09:43:33.644 [main] DEBUG - Save part 'xl/worksheets/sheet2.xml'
09:43:33.644 [main] DEBUG - Save part 'xl/worksheets/sheet3.xml'
09:43:33.644 [main] DEBUG - Save part 'xl/worksheets/sheet4.xml'
09:43:33.644 [main] DEBUG - Save part 'xl/worksheets/sheet5.xml'
09:43:33.644 [main] DEBUG - Save part 'xl/worksheets/sheet6.xml'
09:43:33.644 [main] DEBUG - Save part 'xl/worksheets/sheet7.xml'
09:43:33.644 [main] DEBUG - Save part 'xl/worksheets/sheet8.xml'
09:43:33.644 [main] DEBUG - Save part 'xl/worksheets/sheet9.xml'
09:43:33.677 [main] DEBUG - Parsing relationship: /xl/_rels/workbook.xml.rels
09:43:33.677 [main] DEBUG - Parsing relationship: /xl/worksheets/_rels/sheet6.xml.rels
09:43:33.677 [main] DEBUG - Parsing relationship: /_rels/.rels
09:43:33.683 [main] DEBUG - using default POIXMLDocumentPart for http://schemas.openxmlformats.org/officeDocument/2006/relationships/printerSettings
09:43:33.693 [main] DEBUG - Save content types part
09:43:33.693 [main] DEBUG - Save package relationships
09:43:33.693 [main] DEBUG - Save part 'docProps/app.xml'
09:43:33.693 [main] DEBUG - Save part 'docProps/core.xml'
09:43:33.694 [main] DEBUG - Save part 'xl/printerSettings/printerSettings1.bin'
09:43:33.694 [main] DEBUG - Save part 'xl/sharedStrings.xml'
09:43:33.694 [main] DEBUG - Save part 'xl/styles.xml'
09:43:33.694 [main] DEBUG - Save part 'xl/theme/theme1.xml'
09:43:33.694 [main] DEBUG - Save part 'xl/workbook.xml'
09:43:33.695 [main] DEBUG - Save part 'xl/worksheets/sheet1.xml'
09:43:33.695 [main] DEBUG - Save part 'xl/worksheets/sheet2.xml'
09:43:33.695 [main] DEBUG - Save part 'xl/worksheets/sheet3.xml'
09:43:33.695 [main] DEBUG - Save part 'xl/worksheets/sheet4.xml'
09:43:33.695 [main] DEBUG - Save part 'xl/worksheets/sheet5.xml'
09:43:33.695 [main] DEBUG - Save part 'xl/worksheets/sheet6.xml'
09:43:33.695 [main] DEBUG - Save part 'xl/worksheets/sheet7.xml'
09:43:33.695 [main] DEBUG - Save part 'xl/worksheets/sheet8.xml'
09:43:33.695 [main] DEBUG - Save part 'xl/worksheets/sheet9.xml'
09:43:33.726 [main] DEBUG - Parsing relationship: /xl/_rels/workbook.xml.rels
09:43:33.726 [main] DEBUG - Parsing relationship: /xl/worksheets/_rels/sheet6.xml.rels
09:43:33.726 [main] DEBUG - Parsing relationship: /_rels/.rels
09:43:33.730 [main] DEBUG - using default POIXMLDocumentPart for http://schemas.openxmlformats.org/officeDocument/2006/relationships/printerSettings
09:43:33.740 [main] DEBUG - Save content types part
09:43:33.740 [main] DEBUG - Save package relationships
09:43:33.740 [main] DEBUG - Save part 'docProps/app.xml'
09:43:33.740 [main] DEBUG - Save part 'docProps/core.xml'
09:43:33.741 [main] DEBUG - Save part 'xl/printerSettings/printerSettings1.bin'
09:43:33.741 [main] DEBUG - Save part 'xl/sharedStrings.xml'
09:43:33.741 [main] DEBUG - Save part 'xl/styles.xml'
09:43:33.741 [main] DEBUG - Save part 'xl/theme/theme1.xml'
09:43:33.741 [main] DEBUG - Save part 'xl/workbook.xml'
09:43:33.742 [main] DEBUG - Save part 'xl/worksheets/sheet1.xml'
09:43:33.742 [main] DEBUG - Save part 'xl/worksheets/sheet2.xml'
09:43:33.742 [main] DEBUG - Save part 'xl/worksheets/sheet3.xml'
09:43:33.742 [main] DEBUG - Save part 'xl/worksheets/sheet4.xml'
09:43:33.742 [main] DEBUG - Save part 'xl/worksheets/sheet5.xml'
09:43:33.743 [main] DEBUG - Save part 'xl/worksheets/sheet6.xml'
09:43:33.743 [main] DEBUG - Save part 'xl/worksheets/sheet7.xml'
09:43:33.743 [main] DEBUG - Save part 'xl/worksheets/sheet8.xml'
09:43:33.743 [main] DEBUG - Save part 'xl/worksheets/sheet9.xml'
09:43:33.777 [main] DEBUG - Parsing relationship: /xl/_rels/workbook.xml.rels
09:43:33.777 [main] DEBUG - Parsing relationship: /xl/worksheets/_rels/sheet6.xml.rels
09:43:33.777 [main] DEBUG - Parsing relationship: /_rels/.rels
09:43:33.780 [main] DEBUG - using default POIXMLDocumentPart for http://schemas.openxmlformats.org/officeDocument/2006/relationships/printerSettings
09:43:33.787 [main] DEBUG - Save content types part
09:43:33.788 [main] DEBUG - Save package relationships
09:43:33.788 [main] DEBUG - Save part 'docProps/app.xml'
09:43:33.788 [main] DEBUG - Save part 'docProps/core.xml'
09:43:33.789 [main] DEBUG - Save part 'xl/printerSettings/printerSettings1.bin'
09:43:33.789 [main] DEBUG - Save part 'xl/sharedStrings.xml'
09:43:33.789 [main] DEBUG - Save part 'xl/styles.xml'
09:43:33.789 [main] DEBUG - Save part 'xl/theme/theme1.xml'
09:43:33.789 [main] DEBUG - Save part 'xl/workbook.xml'
09:43:33.790 [main] DEBUG - Save part 'xl/worksheets/sheet1.xml'
09:43:33.790 [main] DEBUG - Save part 'xl/worksheets/sheet2.xml'
09:43:33.790 [main] DEBUG - Save part 'xl/worksheets/sheet3.xml'
09:43:33.790 [main] DEBUG - Save part 'xl/worksheets/sheet4.xml'
09:43:33.790 [main] DEBUG - Save part 'xl/worksheets/sheet5.xml'
09:43:33.790 [main] DEBUG - Save part 'xl/worksheets/sheet6.xml'
09:43:33.790 [main] DEBUG - Save part 'xl/worksheets/sheet7.xml'
09:43:33.790 [main] DEBUG - Save part 'xl/worksheets/sheet8.xml'
09:43:33.790 [main] DEBUG - Save part 'xl/worksheets/sheet9.xml'
09:43:33.832 [main] DEBUG - Parsing relationship: /xl/_rels/workbook.xml.rels
09:43:33.832 [main] DEBUG - Parsing relationship: /xl/worksheets/_rels/sheet6.xml.rels
09:43:33.833 [main] DEBUG - Parsing relationship: /_rels/.rels
09:43:33.836 [main] DEBUG - using default POIXMLDocumentPart for http://schemas.openxmlformats.org/officeDocument/2006/relationships/printerSettings
09:43:33.844 [main] DEBUG - Save content types part
09:43:33.844 [main] DEBUG - Save package relationships
09:43:33.847 [main] DEBUG - Save part 'docProps/app.xml'
09:43:33.847 [main] DEBUG - Save part 'docProps/core.xml'
09:43:33.847 [main] DEBUG - Save part 'xl/printerSettings/printerSettings1.bin'
09:43:33.847 [main] DEBUG - Save part 'xl/sharedStrings.xml'
09:43:33.848 [main] DEBUG - Save part 'xl/styles.xml'
09:43:33.848 [main] DEBUG - Save part 'xl/theme/theme1.xml'
09:43:33.848 [main] DEBUG - Save part 'xl/workbook.xml'
09:43:33.848 [main] DEBUG - Save part 'xl/worksheets/sheet1.xml'
09:43:33.848 [main] DEBUG - Save part 'xl/worksheets/sheet2.xml'
09:43:33.848 [main] DEBUG - Save part 'xl/worksheets/sheet3.xml'
09:43:33.848 [main] DEBUG - Save part 'xl/worksheets/sheet4.xml'
09:43:33.849 [main] DEBUG - Save part 'xl/worksheets/sheet5.xml'
09:43:33.849 [main] DEBUG - Save part 'xl/worksheets/sheet6.xml'
09:43:33.849 [main] DEBUG - Save part 'xl/worksheets/sheet7.xml'
09:43:33.849 [main] DEBUG - Save part 'xl/worksheets/sheet8.xml'
09:43:33.849 [main] DEBUG - Save part 'xl/worksheets/sheet9.xml'
09:43:33.896 [main] DEBUG - Parsing relationship: /xl/_rels/workbook.xml.rels
09:43:33.896 [main] DEBUG - Parsing relationship: /xl/worksheets/_rels/sheet6.xml.rels
09:43:33.896 [main] DEBUG - Parsing relationship: /_rels/.rels
09:43:33.901 [main] DEBUG - using default POIXMLDocumentPart for http://schemas.openxmlformats.org/officeDocument/2006/relationships/printerSettings
