14:00:30.988 [main] DEBUG - Save content types part
14:00:30.995 [main] DEBUG - Save package relationships
14:00:30.995 [main] DEBUG - Save part 'docProps/app.xml'
14:00:30.995 [main] DEBUG - Save part 'docProps/core.xml'
14:00:30.996 [main] DEBUG - Save part 'xl/printerSettings/printerSettings1.bin'
14:00:30.996 [main] DEBUG - Save part 'xl/sharedStrings.xml'
14:00:30.996 [main] DEBUG - Save part 'xl/styles.xml'
14:00:30.996 [main] DEBUG - Save part 'xl/theme/theme1.xml'
14:00:30.996 [main] DEBUG - Save part 'xl/workbook.xml'
14:00:30.997 [main] DEBUG - Save part 'xl/worksheets/sheet1.xml'
14:00:30.997 [main] DEBUG - Save part 'xl/worksheets/sheet2.xml'
14:00:30.998 [main] DEBUG - Save part 'xl/worksheets/sheet3.xml'
14:00:30.998 [main] DEBUG - Save part 'xl/worksheets/sheet4.xml'
14:00:30.998 [main] DEBUG - Save part 'xl/worksheets/sheet5.xml'
14:00:30.998 [main] DEBUG - Save part 'xl/worksheets/sheet6.xml'
14:00:30.999 [main] DEBUG - Save part 'xl/worksheets/sheet7.xml'
14:00:30.999 [main] DEBUG - Save part 'xl/worksheets/sheet8.xml'
14:00:31.000 [main] DEBUG - Save part 'xl/worksheets/sheet9.xml'
14:00:48.968 [main] INFO  - Navigating to Sofa and Recliners Option
14:00:49.909 [main] DEBUG - Parsing relationship: /xl/_rels/workbook.xml.rels
14:00:49.909 [main] DEBUG - Parsing relationship: /xl/worksheets/_rels/sheet6.xml.rels
14:00:49.909 [main] DEBUG - Parsing relationship: /_rels/.rels
14:00:49.913 [main] DEBUG - using default POIXMLDocumentPart for http://schemas.openxmlformats.org/officeDocument/2006/relationships/printerSettings
14:00:49.925 [main] DEBUG - Save content types part
14:00:49.925 [main] DEBUG - Save package relationships
14:00:49.925 [main] DEBUG - Save part 'docProps/app.xml'
14:00:49.925 [main] DEBUG - Save part 'docProps/core.xml'
14:00:49.925 [main] DEBUG - Save part 'xl/printerSettings/printerSettings1.bin'
14:00:49.926 [main] DEBUG - Save part 'xl/sharedStrings.xml'
14:00:49.926 [main] DEBUG - Save part 'xl/styles.xml'
14:00:49.926 [main] DEBUG - Save part 'xl/theme/theme1.xml'
14:00:49.926 [main] DEBUG - Save part 'xl/workbook.xml'
14:00:49.926 [main] DEBUG - Save part 'xl/worksheets/sheet1.xml'
14:00:49.926 [main] DEBUG - Save part 'xl/worksheets/sheet2.xml'
14:00:49.926 [main] DEBUG - Save part 'xl/worksheets/sheet3.xml'
14:00:49.927 [main] DEBUG - Save part 'xl/worksheets/sheet4.xml'
14:00:49.927 [main] DEBUG - Save part 'xl/worksheets/sheet5.xml'
14:00:49.927 [main] DEBUG - Save part 'xl/worksheets/sheet6.xml'
14:00:49.927 [main] DEBUG - Save part 'xl/worksheets/sheet7.xml'
14:00:49.927 [main] DEBUG - Save part 'xl/worksheets/sheet8.xml'
14:00:49.927 [main] DEBUG - Save part 'xl/worksheets/sheet9.xml'
14:00:49.945 [main] DEBUG - Parsing relationship: /xl/_rels/workbook.xml.rels
14:00:49.945 [main] DEBUG - Parsing relationship: /xl/worksheets/_rels/sheet6.xml.rels
14:00:49.945 [main] DEBUG - Parsing relationship: /_rels/.rels
14:00:49.949 [main] DEBUG - using default POIXMLDocumentPart for http://schemas.openxmlformats.org/officeDocument/2006/relationships/printerSettings
14:00:49.957 [main] DEBUG - Save content types part
14:00:49.957 [main] DEBUG - Save package relationships
14:00:49.957 [main] DEBUG - Save part 'docProps/app.xml'
14:00:49.957 [main] DEBUG - Save part 'docProps/core.xml'
14:00:49.958 [main] DEBUG - Save part 'xl/printerSettings/printerSettings1.bin'
14:00:49.958 [main] DEBUG - Save part 'xl/sharedStrings.xml'
14:00:49.958 [main] DEBUG - Save part 'xl/styles.xml'
14:00:49.958 [main] DEBUG - Save part 'xl/theme/theme1.xml'
14:00:49.958 [main] DEBUG - Save part 'xl/workbook.xml'
14:00:49.959 [main] DEBUG - Save part 'xl/worksheets/sheet1.xml'
14:00:49.959 [main] DEBUG - Save part 'xl/worksheets/sheet2.xml'
14:00:49.959 [main] DEBUG - Save part 'xl/worksheets/sheet3.xml'
14:00:49.959 [main] DEBUG - Save part 'xl/worksheets/sheet4.xml'
14:00:49.959 [main] DEBUG - Save part 'xl/worksheets/sheet5.xml'
14:00:49.959 [main] DEBUG - Save part 'xl/worksheets/sheet6.xml'
14:00:49.959 [main] DEBUG - Save part 'xl/worksheets/sheet7.xml'
14:00:49.959 [main] DEBUG - Save part 'xl/worksheets/sheet8.xml'
14:00:49.959 [main] DEBUG - Save part 'xl/worksheets/sheet9.xml'
14:00:50.012 [main] DEBUG - Parsing relationship: /xl/_rels/workbook.xml.rels
14:00:50.012 [main] DEBUG - Parsing relationship: /xl/worksheets/_rels/sheet6.xml.rels
14:00:50.012 [main] DEBUG - Parsing relationship: /_rels/.rels
14:00:50.015 [main] DEBUG - using default POIXMLDocumentPart for http://schemas.openxmlformats.org/officeDocument/2006/relationships/printerSettings
14:00:50.024 [main] DEBUG - Save content types part
14:00:50.024 [main] DEBUG - Save package relationships
14:00:50.025 [main] DEBUG - Save part 'docProps/app.xml'
14:00:50.025 [main] DEBUG - Save part 'docProps/core.xml'
14:00:50.025 [main] DEBUG - Save part 'xl/printerSettings/printerSettings1.bin'
14:00:50.025 [main] DEBUG - Save part 'xl/sharedStrings.xml'
14:00:50.025 [main] DEBUG - Save part 'xl/styles.xml'
14:00:50.026 [main] DEBUG - Save part 'xl/theme/theme1.xml'
14:00:50.026 [main] DEBUG - Save part 'xl/workbook.xml'
14:00:50.026 [main] DEBUG - Save part 'xl/worksheets/sheet1.xml'
14:00:50.026 [main] DEBUG - Save part 'xl/worksheets/sheet2.xml'
14:00:50.026 [main] DEBUG - Save part 'xl/worksheets/sheet3.xml'
14:00:50.026 [main] DEBUG - Save part 'xl/worksheets/sheet4.xml'
14:00:50.026 [main] DEBUG - Save part 'xl/worksheets/sheet5.xml'
14:00:50.026 [main] DEBUG - Save part 'xl/worksheets/sheet6.xml'
14:00:50.027 [main] DEBUG - Save part 'xl/worksheets/sheet7.xml'
14:00:50.027 [main] DEBUG - Save part 'xl/worksheets/sheet8.xml'
14:00:50.027 [main] DEBUG - Save part 'xl/worksheets/sheet9.xml'
14:00:50.043 [main] DEBUG - Parsing relationship: /xl/_rels/workbook.xml.rels
14:00:50.043 [main] DEBUG - Parsing relationship: /xl/worksheets/_rels/sheet6.xml.rels
14:00:50.044 [main] DEBUG - Parsing relationship: /_rels/.rels
14:00:50.047 [main] DEBUG - using default POIXMLDocumentPart for http://schemas.openxmlformats.org/officeDocument/2006/relationships/printerSettings
14:00:50.062 [main] DEBUG - Save content types part
14:00:50.062 [main] DEBUG - Save package relationships
14:00:50.063 [main] DEBUG - Save part 'docProps/app.xml'
14:00:50.063 [main] DEBUG - Save part 'docProps/core.xml'
14:00:50.063 [main] DEBUG - Save part 'xl/printerSettings/printerSettings1.bin'
14:00:50.063 [main] DEBUG - Save part 'xl/sharedStrings.xml'
14:00:50.063 [main] DEBUG - Save part 'xl/styles.xml'
14:00:50.063 [main] DEBUG - Save part 'xl/theme/theme1.xml'
14:00:50.063 [main] DEBUG - Save part 'xl/workbook.xml'
14:00:50.064 [main] DEBUG - Save part 'xl/worksheets/sheet1.xml'
14:00:50.064 [main] DEBUG - Save part 'xl/worksheets/sheet2.xml'
14:00:50.064 [main] DEBUG - Save part 'xl/worksheets/sheet3.xml'
14:00:50.064 [main] DEBUG - Save part 'xl/worksheets/sheet4.xml'
14:00:50.064 [main] DEBUG - Save part 'xl/worksheets/sheet5.xml'
14:00:50.065 [main] DEBUG - Save part 'xl/worksheets/sheet6.xml'
14:00:50.065 [main] DEBUG - Save part 'xl/worksheets/sheet7.xml'
14:00:50.065 [main] DEBUG - Save part 'xl/worksheets/sheet8.xml'
14:00:50.065 [main] DEBUG - Save part 'xl/worksheets/sheet9.xml'
14:00:50.125 [main] DEBUG - Parsing relationship: /xl/_rels/workbook.xml.rels
14:00:50.125 [main] DEBUG - Parsing relationship: /xl/worksheets/_rels/sheet6.xml.rels
14:00:50.125 [main] DEBUG - Parsing relationship: /_rels/.rels
14:00:50.132 [main] DEBUG - using default POIXMLDocumentPart for http://schemas.openxmlformats.org/officeDocument/2006/relationships/printerSettings
14:00:50.150 [main] DEBUG - Save content types part
14:00:50.151 [main] DEBUG - Save package relationships
14:00:50.151 [main] DEBUG - Save part 'docProps/app.xml'
14:00:50.151 [main] DEBUG - Save part 'docProps/core.xml'
14:00:50.151 [main] DEBUG - Save part 'xl/printerSettings/printerSettings1.bin'
14:00:50.151 [main] DEBUG - Save part 'xl/sharedStrings.xml'
14:00:50.152 [main] DEBUG - Save part 'xl/styles.xml'
14:00:50.152 [main] DEBUG - Save part 'xl/theme/theme1.xml'
14:00:50.152 [main] DEBUG - Save part 'xl/workbook.xml'
14:00:50.153 [main] DEBUG - Save part 'xl/worksheets/sheet1.xml'
14:00:50.153 [main] DEBUG - Save part 'xl/worksheets/sheet2.xml'
14:00:50.153 [main] DEBUG - Save part 'xl/worksheets/sheet3.xml'
14:00:50.153 [main] DEBUG - Save part 'xl/worksheets/sheet4.xml'
14:00:50.154 [main] DEBUG - Save part 'xl/worksheets/sheet5.xml'
14:00:50.154 [main] DEBUG - Save part 'xl/worksheets/sheet6.xml'
14:00:50.156 [main] DEBUG - Save part 'xl/worksheets/sheet7.xml'
14:00:50.156 [main] DEBUG - Save part 'xl/worksheets/sheet8.xml'
14:00:50.156 [main] DEBUG - Save part 'xl/worksheets/sheet9.xml'
14:00:50.216 [main] DEBUG - Parsing relationship: /xl/_rels/workbook.xml.rels
14:00:50.216 [main] DEBUG - Parsing relationship: /xl/worksheets/_rels/sheet6.xml.rels
14:00:50.217 [main] DEBUG - Parsing relationship: /_rels/.rels
14:00:50.219 [main] DEBUG - using default POIXMLDocumentPart for http://schemas.openxmlformats.org/officeDocument/2006/relationships/printerSettings
14:00:50.231 [main] DEBUG - Save content types part
14:00:50.231 [main] DEBUG - Save package relationships
14:00:50.231 [main] DEBUG - Save part 'docProps/app.xml'
14:00:50.232 [main] DEBUG - Save part 'docProps/core.xml'
14:00:50.232 [main] DEBUG - Save part 'xl/printerSettings/printerSettings1.bin'
14:00:50.232 [main] DEBUG - Save part 'xl/sharedStrings.xml'
14:00:50.232 [main] DEBUG - Save part 'xl/styles.xml'
14:00:50.232 [main] DEBUG - Save part 'xl/theme/theme1.xml'
14:00:50.233 [main] DEBUG - Save part 'xl/workbook.xml'
14:00:50.233 [main] DEBUG - Save part 'xl/worksheets/sheet1.xml'
14:00:50.233 [main] DEBUG - Save part 'xl/worksheets/sheet2.xml'
14:00:50.233 [main] DEBUG - Save part 'xl/worksheets/sheet3.xml'
14:00:50.233 [main] DEBUG - Save part 'xl/worksheets/sheet4.xml'
14:00:50.233 [main] DEBUG - Save part 'xl/worksheets/sheet5.xml'
14:00:50.233 [main] DEBUG - Save part 'xl/worksheets/sheet6.xml'
14:00:50.234 [main] DEBUG - Save part 'xl/worksheets/sheet7.xml'
14:00:50.234 [main] DEBUG - Save part 'xl/worksheets/sheet8.xml'
14:00:50.234 [main] DEBUG - Save part 'xl/worksheets/sheet9.xml'
14:00:50.277 [main] DEBUG - Parsing relationship: /xl/_rels/workbook.xml.rels
14:00:50.277 [main] DEBUG - Parsing relationship: /xl/worksheets/_rels/sheet6.xml.rels
14:00:50.277 [main] DEBUG - Parsing relationship: /_rels/.rels
14:00:50.282 [main] DEBUG - using default POIXMLDocumentPart for http://schemas.openxmlformats.org/officeDocument/2006/relationships/printerSettings
14:00:50.302 [main] DEBUG - Save content types part
14:00:50.302 [main] DEBUG - Save package relationships
14:00:50.303 [main] DEBUG - Save part 'docProps/app.xml'
14:00:50.303 [main] DEBUG - Save part 'docProps/core.xml'
14:00:50.303 [main] DEBUG - Save part 'xl/printerSettings/printerSettings1.bin'
14:00:50.304 [main] DEBUG - Save part 'xl/sharedStrings.xml'
14:00:50.304 [main] DEBUG - Save part 'xl/styles.xml'
14:00:50.304 [main] DEBUG - Save part 'xl/theme/theme1.xml'
14:00:50.304 [main] DEBUG - Save part 'xl/workbook.xml'
14:00:50.305 [main] DEBUG - Save part 'xl/worksheets/sheet1.xml'
14:00:50.305 [main] DEBUG - Save part 'xl/worksheets/sheet2.xml'
14:00:50.305 [main] DEBUG - Save part 'xl/worksheets/sheet3.xml'
14:00:50.306 [main] DEBUG - Save part 'xl/worksheets/sheet4.xml'
14:00:50.306 [main] DEBUG - Save part 'xl/worksheets/sheet5.xml'
14:00:50.306 [main] DEBUG - Save part 'xl/worksheets/sheet6.xml'
14:00:50.307 [main] DEBUG - Save part 'xl/worksheets/sheet7.xml'
14:00:50.307 [main] DEBUG - Save part 'xl/worksheets/sheet8.xml'
14:00:50.307 [main] DEBUG - Save part 'xl/worksheets/sheet9.xml'
14:00:50.340 [main] DEBUG - Parsing relationship: /xl/_rels/workbook.xml.rels
14:00:50.341 [main] DEBUG - Parsing relationship: /xl/worksheets/_rels/sheet6.xml.rels
14:00:50.342 [main] DEBUG - Parsing relationship: /_rels/.rels
14:00:50.346 [main] DEBUG - using default POIXMLDocumentPart for http://schemas.openxmlformats.org/officeDocument/2006/relationships/printerSettings
14:00:50.362 [main] DEBUG - Save content types part
14:00:50.362 [main] DEBUG - Save package relationships
14:00:50.362 [main] DEBUG - Save part 'docProps/app.xml'
14:00:50.362 [main] DEBUG - Save part 'docProps/core.xml'
14:00:50.363 [main] DEBUG - Save part 'xl/printerSettings/printerSettings1.bin'
14:00:50.363 [main] DEBUG - Save part 'xl/sharedStrings.xml'
14:00:50.363 [main] DEBUG - Save part 'xl/styles.xml'
14:00:50.363 [main] DEBUG - Save part 'xl/theme/theme1.xml'
14:00:50.363 [main] DEBUG - Save part 'xl/workbook.xml'
14:00:50.363 [main] DEBUG - Save part 'xl/worksheets/sheet1.xml'
14:00:50.363 [main] DEBUG - Save part 'xl/worksheets/sheet2.xml'
14:00:50.364 [main] DEBUG - Save part 'xl/worksheets/sheet3.xml'
14:00:50.364 [main] DEBUG - Save part 'xl/worksheets/sheet4.xml'
14:00:50.364 [main] DEBUG - Save part 'xl/worksheets/sheet5.xml'
14:00:50.364 [main] DEBUG - Save part 'xl/worksheets/sheet6.xml'
14:00:50.364 [main] DEBUG - Save part 'xl/worksheets/sheet7.xml'
14:00:50.365 [main] DEBUG - Save part 'xl/worksheets/sheet8.xml'
14:00:50.365 [main] DEBUG - Save part 'xl/worksheets/sheet9.xml'
14:00:50.396 [main] DEBUG - Parsing relationship: /xl/_rels/workbook.xml.rels
14:00:50.396 [main] DEBUG - Parsing relationship: /xl/worksheets/_rels/sheet6.xml.rels
14:00:50.396 [main] DEBUG - Parsing relationship: /_rels/.rels
14:00:50.400 [main] DEBUG - using default POIXMLDocumentPart for http://schemas.openxmlformats.org/officeDocument/2006/relationships/printerSettings
14:00:50.412 [main] DEBUG - Save content types part
14:00:50.413 [main] DEBUG - Save package relationships
14:00:50.413 [main] DEBUG - Save part 'docProps/app.xml'
14:00:50.413 [main] DEBUG - Save part 'docProps/core.xml'
14:00:50.414 [main] DEBUG - Save part 'xl/printerSettings/printerSettings1.bin'
14:00:50.414 [main] DEBUG - Save part 'xl/sharedStrings.xml'
14:00:50.415 [main] DEBUG - Save part 'xl/styles.xml'
14:00:50.415 [main] DEBUG - Save part 'xl/theme/theme1.xml'
14:00:50.415 [main] DEBUG - Save part 'xl/workbook.xml'
14:00:50.416 [main] DEBUG - Save part 'xl/worksheets/sheet1.xml'
14:00:50.416 [main] DEBUG - Save part 'xl/worksheets/sheet2.xml'
14:00:50.417 [main] DEBUG - Save part 'xl/worksheets/sheet3.xml'
14:00:50.417 [main] DEBUG - Save part 'xl/worksheets/sheet4.xml'
14:00:50.417 [main] DEBUG - Save part 'xl/worksheets/sheet5.xml'
14:00:50.417 [main] DEBUG - Save part 'xl/worksheets/sheet6.xml'
14:00:50.418 [main] DEBUG - Save part 'xl/worksheets/sheet7.xml'
14:00:50.418 [main] DEBUG - Save part 'xl/worksheets/sheet8.xml'
14:00:50.418 [main] DEBUG - Save part 'xl/worksheets/sheet9.xml'
14:00:50.452 [main] DEBUG - Parsing relationship: /xl/_rels/workbook.xml.rels
14:00:50.452 [main] DEBUG - Parsing relationship: /xl/worksheets/_rels/sheet6.xml.rels
14:00:50.452 [main] DEBUG - Parsing relationship: /_rels/.rels
14:00:50.454 [main] DEBUG - using default POIXMLDocumentPart for http://schemas.openxmlformats.org/officeDocument/2006/relationships/printerSettings
14:00:50.464 [main] DEBUG - Save content types part
14:00:50.465 [main] DEBUG - Save package relationships
14:00:50.466 [main] DEBUG - Save part 'docProps/app.xml'
14:00:50.466 [main] DEBUG - Save part 'docProps/core.xml'
14:00:50.466 [main] DEBUG - Save part 'xl/printerSettings/printerSettings1.bin'
14:00:50.467 [main] DEBUG - Save part 'xl/sharedStrings.xml'
14:00:50.467 [main] DEBUG - Save part 'xl/styles.xml'
14:00:50.467 [main] DEBUG - Save part 'xl/theme/theme1.xml'
14:00:50.467 [main] DEBUG - Save part 'xl/workbook.xml'
14:00:50.468 [main] DEBUG - Save part 'xl/worksheets/sheet1.xml'
14:00:50.468 [main] DEBUG - Save part 'xl/worksheets/sheet2.xml'
14:00:50.468 [main] DEBUG - Save part 'xl/worksheets/sheet3.xml'
14:00:50.469 [main] DEBUG - Save part 'xl/worksheets/sheet4.xml'
14:00:50.469 [main] DEBUG - Save part 'xl/worksheets/sheet5.xml'
14:00:50.469 [main] DEBUG - Save part 'xl/worksheets/sheet6.xml'
14:00:50.470 [main] DEBUG - Save part 'xl/worksheets/sheet7.xml'
14:00:50.470 [main] DEBUG - Save part 'xl/worksheets/sheet8.xml'
14:00:50.470 [main] DEBUG - Save part 'xl/worksheets/sheet9.xml'
14:00:50.504 [main] DEBUG - Parsing relationship: /xl/_rels/workbook.xml.rels
14:00:50.504 [main] DEBUG - Parsing relationship: /xl/worksheets/_rels/sheet6.xml.rels
14:00:50.504 [main] DEBUG - Parsing relationship: /_rels/.rels
14:00:50.508 [main] DEBUG - using default POIXMLDocumentPart for http://schemas.openxmlformats.org/officeDocument/2006/relationships/printerSettings
14:00:50.520 [main] DEBUG - Save content types part
14:00:50.521 [main] DEBUG - Save package relationships
14:00:50.521 [main] DEBUG - Save part 'docProps/app.xml'
14:00:50.522 [main] DEBUG - Save part 'docProps/core.xml'
14:00:50.522 [main] DEBUG - Save part 'xl/printerSettings/printerSettings1.bin'
14:00:50.522 [main] DEBUG - Save part 'xl/sharedStrings.xml'
14:00:50.522 [main] DEBUG - Save part 'xl/styles.xml'
14:00:50.523 [main] DEBUG - Save part 'xl/theme/theme1.xml'
14:00:50.523 [main] DEBUG - Save part 'xl/workbook.xml'
14:00:50.523 [main] DEBUG - Save part 'xl/worksheets/sheet1.xml'
14:00:50.524 [main] DEBUG - Save part 'xl/worksheets/sheet2.xml'
14:00:50.524 [main] DEBUG - Save part 'xl/worksheets/sheet3.xml'
14:00:50.524 [main] DEBUG - Save part 'xl/worksheets/sheet4.xml'
14:00:50.524 [main] DEBUG - Save part 'xl/worksheets/sheet5.xml'
14:00:50.524 [main] DEBUG - Save part 'xl/worksheets/sheet6.xml'
14:00:50.525 [main] DEBUG - Save part 'xl/worksheets/sheet7.xml'
14:00:50.525 [main] DEBUG - Save part 'xl/worksheets/sheet8.xml'
14:00:50.525 [main] DEBUG - Save part 'xl/worksheets/sheet9.xml'
14:00:50.564 [main] DEBUG - Parsing relationship: /xl/_rels/workbook.xml.rels
14:00:50.564 [main] DEBUG - Parsing relationship: /xl/worksheets/_rels/sheet6.xml.rels
14:00:50.564 [main] DEBUG - Parsing relationship: /_rels/.rels
14:00:50.566 [main] DEBUG - using default POIXMLDocumentPart for http://schemas.openxmlformats.org/officeDocument/2006/relationships/printerSettings
14:00:50.581 [main] DEBUG - Save content types part
14:00:50.582 [main] DEBUG - Save package relationships
14:00:50.582 [main] DEBUG - Save part 'docProps/app.xml'
14:00:50.582 [main] DEBUG - Save part 'docProps/core.xml'
14:00:50.583 [main] DEBUG - Save part 'xl/printerSettings/printerSettings1.bin'
14:00:50.583 [main] DEBUG - Save part 'xl/sharedStrings.xml'
14:00:50.583 [main] DEBUG - Save part 'xl/styles.xml'
14:00:50.583 [main] DEBUG - Save part 'xl/theme/theme1.xml'
14:00:50.583 [main] DEBUG - Save part 'xl/workbook.xml'
14:00:50.584 [main] DEBUG - Save part 'xl/worksheets/sheet1.xml'
14:00:50.584 [main] DEBUG - Save part 'xl/worksheets/sheet2.xml'
14:00:50.584 [main] DEBUG - Save part 'xl/worksheets/sheet3.xml'
14:00:50.584 [main] DEBUG - Save part 'xl/worksheets/sheet4.xml'
14:00:50.584 [main] DEBUG - Save part 'xl/worksheets/sheet5.xml'
14:00:50.584 [main] DEBUG - Save part 'xl/worksheets/sheet6.xml'
14:00:50.585 [main] DEBUG - Save part 'xl/worksheets/sheet7.xml'
14:00:50.585 [main] DEBUG - Save part 'xl/worksheets/sheet8.xml'
14:00:50.585 [main] DEBUG - Save part 'xl/worksheets/sheet9.xml'
14:00:50.638 [main] DEBUG - Parsing relationship: /xl/_rels/workbook.xml.rels
14:00:50.639 [main] DEBUG - Parsing relationship: /xl/worksheets/_rels/sheet6.xml.rels
14:00:50.639 [main] DEBUG - Parsing relationship: /_rels/.rels
14:00:50.645 [main] DEBUG - using default POIXMLDocumentPart for http://schemas.openxmlformats.org/officeDocument/2006/relationships/printerSettings
14:00:50.661 [main] DEBUG - Save content types part
14:00:50.662 [main] DEBUG - Save package relationships
14:00:50.662 [main] DEBUG - Save part 'docProps/app.xml'
14:00:50.662 [main] DEBUG - Save part 'docProps/core.xml'
14:00:50.663 [main] DEBUG - Save part 'xl/printerSettings/printerSettings1.bin'
14:00:50.663 [main] DEBUG - Save part 'xl/sharedStrings.xml'
14:00:50.663 [main] DEBUG - Save part 'xl/styles.xml'
14:00:50.663 [main] DEBUG - Save part 'xl/theme/theme1.xml'
14:00:50.663 [main] DEBUG - Save part 'xl/workbook.xml'
14:00:50.664 [main] DEBUG - Save part 'xl/worksheets/sheet1.xml'
14:00:50.664 [main] DEBUG - Save part 'xl/worksheets/sheet2.xml'
14:00:50.664 [main] DEBUG - Save part 'xl/worksheets/sheet3.xml'
14:00:50.664 [main] DEBUG - Save part 'xl/worksheets/sheet4.xml'
14:00:50.665 [main] DEBUG - Save part 'xl/worksheets/sheet5.xml'
14:00:50.665 [main] DEBUG - Save part 'xl/worksheets/sheet6.xml'
14:00:50.665 [main] DEBUG - Save part 'xl/worksheets/sheet7.xml'
14:00:50.666 [main] DEBUG - Save part 'xl/worksheets/sheet8.xml'
14:00:50.666 [main] DEBUG - Save part 'xl/worksheets/sheet9.xml'
14:00:50.699 [main] DEBUG - Parsing relationship: /xl/_rels/workbook.xml.rels
14:00:50.700 [main] DEBUG - Parsing relationship: /xl/worksheets/_rels/sheet6.xml.rels
14:00:50.700 [main] DEBUG - Parsing relationship: /_rels/.rels
14:00:50.705 [main] DEBUG - using default POIXMLDocumentPart for http://schemas.openxmlformats.org/officeDocument/2006/relationships/printerSettings
14:00:50.728 [main] DEBUG - Save content types part
14:00:50.729 [main] DEBUG - Save package relationships
14:00:50.729 [main] DEBUG - Save part 'docProps/app.xml'
14:00:50.729 [main] DEBUG - Save part 'docProps/core.xml'
14:00:50.730 [main] DEBUG - Save part 'xl/printerSettings/printerSettings1.bin'
14:00:50.730 [main] DEBUG - Save part 'xl/sharedStrings.xml'
14:00:50.730 [main] DEBUG - Save part 'xl/styles.xml'
14:00:50.730 [main] DEBUG - Save part 'xl/theme/theme1.xml'
14:00:50.731 [main] DEBUG - Save part 'xl/workbook.xml'
14:00:50.731 [main] DEBUG - Save part 'xl/worksheets/sheet1.xml'
14:00:50.731 [main] DEBUG - Save part 'xl/worksheets/sheet2.xml'
14:00:50.731 [main] DEBUG - Save part 'xl/worksheets/sheet3.xml'
14:00:50.731 [main] DEBUG - Save part 'xl/worksheets/sheet4.xml'
14:00:50.731 [main] DEBUG - Save part 'xl/worksheets/sheet5.xml'
14:00:50.732 [main] DEBUG - Save part 'xl/worksheets/sheet6.xml'
14:00:50.732 [main] DEBUG - Save part 'xl/worksheets/sheet7.xml'
14:00:50.732 [main] DEBUG - Save part 'xl/worksheets/sheet8.xml'
14:00:50.732 [main] DEBUG - Save part 'xl/worksheets/sheet9.xml'
14:00:50.778 [main] DEBUG - Parsing relationship: /xl/_rels/workbook.xml.rels
14:00:50.779 [main] DEBUG - Parsing relationship: /xl/worksheets/_rels/sheet6.xml.rels
14:00:50.779 [main] DEBUG - Parsing relationship: /_rels/.rels
14:00:50.783 [main] DEBUG - using default POIXMLDocumentPart for http://schemas.openxmlformats.org/officeDocument/2006/relationships/printerSettings
14:00:50.797 [main] DEBUG - Save content types part
14:00:50.798 [main] DEBUG - Save package relationships
14:00:50.798 [main] DEBUG - Save part 'docProps/app.xml'
14:00:50.798 [main] DEBUG - Save part 'docProps/core.xml'
14:00:50.798 [main] DEBUG - Save part 'xl/printerSettings/printerSettings1.bin'
14:00:50.798 [main] DEBUG - Save part 'xl/sharedStrings.xml'
14:00:50.798 [main] DEBUG - Save part 'xl/styles.xml'
14:00:50.798 [main] DEBUG - Save part 'xl/theme/theme1.xml'
14:00:50.799 [main] DEBUG - Save part 'xl/workbook.xml'
14:00:50.800 [main] DEBUG - Save part 'xl/worksheets/sheet1.xml'
14:00:50.800 [main] DEBUG - Save part 'xl/worksheets/sheet2.xml'
14:00:50.800 [main] DEBUG - Save part 'xl/worksheets/sheet3.xml'
14:00:50.800 [main] DEBUG - Save part 'xl/worksheets/sheet4.xml'
14:00:50.800 [main] DEBUG - Save part 'xl/worksheets/sheet5.xml'
14:00:50.801 [main] DEBUG - Save part 'xl/worksheets/sheet6.xml'
14:00:50.802 [main] DEBUG - Save part 'xl/worksheets/sheet7.xml'
14:00:50.802 [main] DEBUG - Save part 'xl/worksheets/sheet8.xml'
14:00:50.802 [main] DEBUG - Save part 'xl/worksheets/sheet9.xml'
14:00:50.833 [main] DEBUG - Parsing relationship: /xl/_rels/workbook.xml.rels
14:00:50.833 [main] DEBUG - Parsing relationship: /xl/worksheets/_rels/sheet6.xml.rels
14:00:50.833 [main] DEBUG - Parsing relationship: /_rels/.rels
14:00:50.837 [main] DEBUG - using default POIXMLDocumentPart for http://schemas.openxmlformats.org/officeDocument/2006/relationships/printerSettings
14:00:50.854 [main] DEBUG - Save content types part
14:00:50.855 [main] DEBUG - Save package relationships
14:00:50.855 [main] DEBUG - Save part 'docProps/app.xml'
14:00:50.855 [main] DEBUG - Save part 'docProps/core.xml'
14:00:50.856 [main] DEBUG - Save part 'xl/printerSettings/printerSettings1.bin'
14:00:50.856 [main] DEBUG - Save part 'xl/sharedStrings.xml'
14:00:50.857 [main] DEBUG - Save part 'xl/styles.xml'
14:00:50.857 [main] DEBUG - Save part 'xl/theme/theme1.xml'
14:00:50.857 [main] DEBUG - Save part 'xl/workbook.xml'
14:00:50.858 [main] DEBUG - Save part 'xl/worksheets/sheet1.xml'
14:00:50.858 [main] DEBUG - Save part 'xl/worksheets/sheet2.xml'
14:00:50.858 [main] DEBUG - Save part 'xl/worksheets/sheet3.xml'
14:00:50.858 [main] DEBUG - Save part 'xl/worksheets/sheet4.xml'
14:00:50.858 [main] DEBUG - Save part 'xl/worksheets/sheet5.xml'
14:00:50.859 [main] DEBUG - Save part 'xl/worksheets/sheet6.xml'
14:00:50.860 [main] DEBUG - Save part 'xl/worksheets/sheet7.xml'
14:00:50.860 [main] DEBUG - Save part 'xl/worksheets/sheet8.xml'
14:00:50.860 [main] DEBUG - Save part 'xl/worksheets/sheet9.xml'
14:00:50.884 [main] DEBUG - Parsing relationship: /xl/_rels/workbook.xml.rels
14:00:50.884 [main] DEBUG - Parsing relationship: /xl/worksheets/_rels/sheet6.xml.rels
14:00:50.884 [main] DEBUG - Parsing relationship: /_rels/.rels
14:00:50.887 [main] DEBUG - using default POIXMLDocumentPart for http://schemas.openxmlformats.org/officeDocument/2006/relationships/printerSettings
14:00:50.902 [main] DEBUG - Save content types part
14:00:50.902 [main] DEBUG - Save package relationships
14:00:50.903 [main] DEBUG - Save part 'docProps/app.xml'
14:00:50.903 [main] DEBUG - Save part 'docProps/core.xml'
14:00:50.904 [main] DEBUG - Save part 'xl/printerSettings/printerSettings1.bin'
14:00:50.904 [main] DEBUG - Save part 'xl/sharedStrings.xml'
14:00:50.904 [main] DEBUG - Save part 'xl/styles.xml'
14:00:50.905 [main] DEBUG - Save part 'xl/theme/theme1.xml'
14:00:50.905 [main] DEBUG - Save part 'xl/workbook.xml'
14:00:50.906 [main] DEBUG - Save part 'xl/worksheets/sheet1.xml'
14:00:50.906 [main] DEBUG - Save part 'xl/worksheets/sheet2.xml'
14:00:50.906 [main] DEBUG - Save part 'xl/worksheets/sheet3.xml'
14:00:50.906 [main] DEBUG - Save part 'xl/worksheets/sheet4.xml'
14:00:50.906 [main] DEBUG - Save part 'xl/worksheets/sheet5.xml'
14:00:50.906 [main] DEBUG - Save part 'xl/worksheets/sheet6.xml'
14:00:50.907 [main] DEBUG - Save part 'xl/worksheets/sheet7.xml'
14:00:50.907 [main] DEBUG - Save part 'xl/worksheets/sheet8.xml'
14:00:50.907 [main] DEBUG - Save part 'xl/worksheets/sheet9.xml'
14:00:50.935 [main] DEBUG - Parsing relationship: /xl/_rels/workbook.xml.rels
14:00:50.936 [main] DEBUG - Parsing relationship: /xl/worksheets/_rels/sheet6.xml.rels
14:00:50.936 [main] DEBUG - Parsing relationship: /_rels/.rels
14:00:50.943 [main] DEBUG - using default POIXMLDocumentPart for http://schemas.openxmlformats.org/officeDocument/2006/relationships/printerSettings
14:00:50.956 [main] DEBUG - Save content types part
14:00:50.957 [main] DEBUG - Save package relationships
14:00:50.957 [main] DEBUG - Save part 'docProps/app.xml'
14:00:50.957 [main] DEBUG - Save part 'docProps/core.xml'
14:00:50.958 [main] DEBUG - Save part 'xl/printerSettings/printerSettings1.bin'
14:00:50.959 [main] DEBUG - Save part 'xl/sharedStrings.xml'
14:00:50.960 [main] DEBUG - Save part 'xl/styles.xml'
14:00:50.960 [main] DEBUG - Save part 'xl/theme/theme1.xml'
14:00:50.961 [main] DEBUG - Save part 'xl/workbook.xml'
14:00:50.962 [main] DEBUG - Save part 'xl/worksheets/sheet1.xml'
14:00:50.963 [main] DEBUG - Save part 'xl/worksheets/sheet2.xml'
14:00:50.963 [main] DEBUG - Save part 'xl/worksheets/sheet3.xml'
14:00:50.963 [main] DEBUG - Save part 'xl/worksheets/sheet4.xml'
14:00:50.963 [main] DEBUG - Save part 'xl/worksheets/sheet5.xml'
14:00:50.963 [main] DEBUG - Save part 'xl/worksheets/sheet6.xml'
14:00:50.964 [main] DEBUG - Save part 'xl/worksheets/sheet7.xml'
14:00:50.964 [main] DEBUG - Save part 'xl/worksheets/sheet8.xml'
14:00:50.964 [main] DEBUG - Save part 'xl/worksheets/sheet9.xml'
14:00:50.991 [main] DEBUG - Parsing relationship: /xl/_rels/workbook.xml.rels
14:00:50.991 [main] DEBUG - Parsing relationship: /xl/worksheets/_rels/sheet6.xml.rels
14:00:50.991 [main] DEBUG - Parsing relationship: /_rels/.rels
14:00:50.996 [main] DEBUG - using default POIXMLDocumentPart for http://schemas.openxmlformats.org/officeDocument/2006/relationships/printerSettings
14:00:51.006 [main] DEBUG - Save content types part
14:00:51.006 [main] DEBUG - Save package relationships
14:00:51.007 [main] DEBUG - Save part 'docProps/app.xml'
14:00:51.007 [main] DEBUG - Save part 'docProps/core.xml'
14:00:51.007 [main] DEBUG - Save part 'xl/printerSettings/printerSettings1.bin'
14:00:51.007 [main] DEBUG - Save part 'xl/sharedStrings.xml'
14:00:51.008 [main] DEBUG - Save part 'xl/styles.xml'
14:00:51.008 [main] DEBUG - Save part 'xl/theme/theme1.xml'
14:00:51.008 [main] DEBUG - Save part 'xl/workbook.xml'
14:00:51.009 [main] DEBUG - Save part 'xl/worksheets/sheet1.xml'
14:00:51.009 [main] DEBUG - Save part 'xl/worksheets/sheet2.xml'
14:00:51.009 [main] DEBUG - Save part 'xl/worksheets/sheet3.xml'
14:00:51.009 [main] DEBUG - Save part 'xl/worksheets/sheet4.xml'
14:00:51.009 [main] DEBUG - Save part 'xl/worksheets/sheet5.xml'
14:00:51.009 [main] DEBUG - Save part 'xl/worksheets/sheet6.xml'
14:00:51.011 [main] DEBUG - Save part 'xl/worksheets/sheet7.xml'
14:00:51.011 [main] DEBUG - Save part 'xl/worksheets/sheet8.xml'
14:00:51.012 [main] DEBUG - Save part 'xl/worksheets/sheet9.xml'
14:00:51.047 [main] DEBUG - Parsing relationship: /xl/_rels/workbook.xml.rels
14:00:51.048 [main] DEBUG - Parsing relationship: /xl/worksheets/_rels/sheet6.xml.rels
14:00:51.048 [main] DEBUG - Parsing relationship: /_rels/.rels
14:00:51.053 [main] DEBUG - using default POIXMLDocumentPart for http://schemas.openxmlformats.org/officeDocument/2006/relationships/printerSettings
14:00:51.070 [main] DEBUG - Save content types part
14:00:51.070 [main] DEBUG - Save package relationships
14:00:51.071 [main] DEBUG - Save part 'docProps/app.xml'
14:00:51.071 [main] DEBUG - Save part 'docProps/core.xml'
14:00:51.072 [main] DEBUG - Save part 'xl/printerSettings/printerSettings1.bin'
14:00:51.072 [main] DEBUG - Save part 'xl/sharedStrings.xml'
14:00:51.072 [main] DEBUG - Save part 'xl/styles.xml'
14:00:51.072 [main] DEBUG - Save part 'xl/theme/theme1.xml'
14:00:51.073 [main] DEBUG - Save part 'xl/workbook.xml'
14:00:51.073 [main] DEBUG - Save part 'xl/worksheets/sheet1.xml'
14:00:51.074 [main] DEBUG - Save part 'xl/worksheets/sheet2.xml'
14:00:51.074 [main] DEBUG - Save part 'xl/worksheets/sheet3.xml'
14:00:51.074 [main] DEBUG - Save part 'xl/worksheets/sheet4.xml'
14:00:51.074 [main] DEBUG - Save part 'xl/worksheets/sheet5.xml'
14:00:51.074 [main] DEBUG - Save part 'xl/worksheets/sheet6.xml'
14:00:51.075 [main] DEBUG - Save part 'xl/worksheets/sheet7.xml'
14:00:51.076 [main] DEBUG - Save part 'xl/worksheets/sheet8.xml'
14:00:51.076 [main] DEBUG - Save part 'xl/worksheets/sheet9.xml'
14:00:51.127 [main] DEBUG - Parsing relationship: /xl/_rels/workbook.xml.rels
14:00:51.127 [main] DEBUG - Parsing relationship: /xl/worksheets/_rels/sheet6.xml.rels
14:00:51.127 [main] DEBUG - Parsing relationship: /_rels/.rels
14:00:51.130 [main] DEBUG - using default POIXMLDocumentPart for http://schemas.openxmlformats.org/officeDocument/2006/relationships/printerSettings
14:00:51.140 [main] DEBUG - Save content types part
14:00:51.141 [main] DEBUG - Save package relationships
14:00:51.141 [main] DEBUG - Save part 'docProps/app.xml'
14:00:51.142 [main] DEBUG - Save part 'docProps/core.xml'
14:00:51.142 [main] DEBUG - Save part 'xl/printerSettings/printerSettings1.bin'
14:00:51.142 [main] DEBUG - Save part 'xl/sharedStrings.xml'
14:00:51.142 [main] DEBUG - Save part 'xl/styles.xml'
14:00:51.142 [main] DEBUG - Save part 'xl/theme/theme1.xml'
14:00:51.142 [main] DEBUG - Save part 'xl/workbook.xml'
14:00:51.143 [main] DEBUG - Save part 'xl/worksheets/sheet1.xml'
14:00:51.143 [main] DEBUG - Save part 'xl/worksheets/sheet2.xml'
14:00:51.143 [main] DEBUG - Save part 'xl/worksheets/sheet3.xml'
14:00:51.143 [main] DEBUG - Save part 'xl/worksheets/sheet4.xml'
14:00:51.143 [main] DEBUG - Save part 'xl/worksheets/sheet5.xml'
14:00:51.143 [main] DEBUG - Save part 'xl/worksheets/sheet6.xml'
14:00:51.144 [main] DEBUG - Save part 'xl/worksheets/sheet7.xml'
14:00:51.144 [main] DEBUG - Save part 'xl/worksheets/sheet8.xml'
14:00:51.144 [main] DEBUG - Save part 'xl/worksheets/sheet9.xml'
14:00:51.181 [main] DEBUG - Parsing relationship: /xl/_rels/workbook.xml.rels
14:00:51.181 [main] DEBUG - Parsing relationship: /xl/worksheets/_rels/sheet6.xml.rels
14:00:51.181 [main] DEBUG - Parsing relationship: /_rels/.rels
14:00:51.185 [main] DEBUG - using default POIXMLDocumentPart for http://schemas.openxmlformats.org/officeDocument/2006/relationships/printerSettings
14:00:51.197 [main] DEBUG - Save content types part
14:00:51.198 [main] DEBUG - Save package relationships
14:00:51.198 [main] DEBUG - Save part 'docProps/app.xml'
14:00:51.198 [main] DEBUG - Save part 'docProps/core.xml'
14:00:51.198 [main] DEBUG - Save part 'xl/printerSettings/printerSettings1.bin'
14:00:51.199 [main] DEBUG - Save part 'xl/sharedStrings.xml'
14:00:51.199 [main] DEBUG - Save part 'xl/styles.xml'
14:00:51.199 [main] DEBUG - Save part 'xl/theme/theme1.xml'
14:00:51.199 [main] DEBUG - Save part 'xl/workbook.xml'
14:00:51.200 [main] DEBUG - Save part 'xl/worksheets/sheet1.xml'
14:00:51.200 [main] DEBUG - Save part 'xl/worksheets/sheet2.xml'
14:00:51.200 [main] DEBUG - Save part 'xl/worksheets/sheet3.xml'
14:00:51.200 [main] DEBUG - Save part 'xl/worksheets/sheet4.xml'
14:00:51.200 [main] DEBUG - Save part 'xl/worksheets/sheet5.xml'
14:00:51.200 [main] DEBUG - Save part 'xl/worksheets/sheet6.xml'
14:00:51.201 [main] DEBUG - Save part 'xl/worksheets/sheet7.xml'
14:00:51.201 [main] DEBUG - Save part 'xl/worksheets/sheet8.xml'
14:00:51.201 [main] DEBUG - Save part 'xl/worksheets/sheet9.xml'
14:00:51.237 [main] DEBUG - Parsing relationship: /xl/_rels/workbook.xml.rels
14:00:51.237 [main] DEBUG - Parsing relationship: /xl/worksheets/_rels/sheet6.xml.rels
14:00:51.237 [main] DEBUG - Parsing relationship: /_rels/.rels
14:00:51.239 [main] DEBUG - using default POIXMLDocumentPart for http://schemas.openxmlformats.org/officeDocument/2006/relationships/printerSettings
14:00:51.248 [main] DEBUG - Save content types part
14:00:51.249 [main] DEBUG - Save package relationships
14:00:51.249 [main] DEBUG - Save part 'docProps/app.xml'
14:00:51.249 [main] DEBUG - Save part 'docProps/core.xml'
14:00:51.251 [main] DEBUG - Save part 'xl/printerSettings/printerSettings1.bin'
14:00:51.251 [main] DEBUG - Save part 'xl/sharedStrings.xml'
14:00:51.252 [main] DEBUG - Save part 'xl/styles.xml'
14:00:51.252 [main] DEBUG - Save part 'xl/theme/theme1.xml'
14:00:51.252 [main] DEBUG - Save part 'xl/workbook.xml'
14:00:51.253 [main] DEBUG - Save part 'xl/worksheets/sheet1.xml'
14:00:51.253 [main] DEBUG - Save part 'xl/worksheets/sheet2.xml'
14:00:51.254 [main] DEBUG - Save part 'xl/worksheets/sheet3.xml'
14:00:51.254 [main] DEBUG - Save part 'xl/worksheets/sheet4.xml'
14:00:51.254 [main] DEBUG - Save part 'xl/worksheets/sheet5.xml'
14:00:51.254 [main] DEBUG - Save part 'xl/worksheets/sheet6.xml'
14:00:51.254 [main] DEBUG - Save part 'xl/worksheets/sheet7.xml'
14:00:51.255 [main] DEBUG - Save part 'xl/worksheets/sheet8.xml'
14:00:51.255 [main] DEBUG - Save part 'xl/worksheets/sheet9.xml'
14:00:51.279 [main] DEBUG - Parsing relationship: /xl/_rels/workbook.xml.rels
14:00:51.279 [main] DEBUG - Parsing relationship: /xl/worksheets/_rels/sheet6.xml.rels
14:00:51.279 [main] DEBUG - Parsing relationship: /_rels/.rels
14:00:51.281 [main] DEBUG - using default POIXMLDocumentPart for http://schemas.openxmlformats.org/officeDocument/2006/relationships/printerSettings
14:00:51.292 [main] DEBUG - Save content types part
14:00:51.293 [main] DEBUG - Save package relationships
14:00:51.294 [main] DEBUG - Save part 'docProps/app.xml'
14:00:51.294 [main] DEBUG - Save part 'docProps/core.xml'
14:00:51.294 [main] DEBUG - Save part 'xl/printerSettings/printerSettings1.bin'
14:00:51.295 [main] DEBUG - Save part 'xl/sharedStrings.xml'
14:00:51.295 [main] DEBUG - Save part 'xl/styles.xml'
14:00:51.295 [main] DEBUG - Save part 'xl/theme/theme1.xml'
14:00:51.295 [main] DEBUG - Save part 'xl/workbook.xml'
14:00:51.296 [main] DEBUG - Save part 'xl/worksheets/sheet1.xml'
14:00:51.296 [main] DEBUG - Save part 'xl/worksheets/sheet2.xml'
14:00:51.296 [main] DEBUG - Save part 'xl/worksheets/sheet3.xml'
14:00:51.296 [main] DEBUG - Save part 'xl/worksheets/sheet4.xml'
14:00:51.296 [main] DEBUG - Save part 'xl/worksheets/sheet5.xml'
14:00:51.297 [main] DEBUG - Save part 'xl/worksheets/sheet6.xml'
14:00:51.297 [main] DEBUG - Save part 'xl/worksheets/sheet7.xml'
14:00:51.297 [main] DEBUG - Save part 'xl/worksheets/sheet8.xml'
14:00:51.297 [main] DEBUG - Save part 'xl/worksheets/sheet9.xml'
14:00:51.567 [main] INFO  - All the Categories are Visible
14:01:29.145 [main] INFO  - The user clicks on the Track Order
14:01:33.980 [main] INFO  - The user is redirected to new page
14:01:34.164 [main] INFO  - The user enters the order number and phone number and gets the response
14:01:35.645 [main] DEBUG - Parsing relationship: /xl/_rels/workbook.xml.rels
14:01:35.646 [main] DEBUG - Parsing relationship: /xl/worksheets/_rels/sheet6.xml.rels
14:01:35.646 [main] DEBUG - Parsing relationship: /_rels/.rels
14:01:35.652 [main] DEBUG - using default POIXMLDocumentPart for http://schemas.openxmlformats.org/officeDocument/2006/relationships/printerSettings
14:01:35.665 [main] DEBUG - Save content types part
14:01:35.666 [main] DEBUG - Save package relationships
14:01:35.667 [main] DEBUG - Save part 'docProps/app.xml'
14:01:35.667 [main] DEBUG - Save part 'docProps/core.xml'
14:01:35.668 [main] DEBUG - Save part 'xl/printerSettings/printerSettings1.bin'
14:01:35.669 [main] DEBUG - Save part 'xl/sharedStrings.xml'
14:01:35.669 [main] DEBUG - Save part 'xl/styles.xml'
14:01:35.670 [main] DEBUG - Save part 'xl/theme/theme1.xml'
14:01:35.670 [main] DEBUG - Save part 'xl/workbook.xml'
14:01:35.671 [main] DEBUG - Save part 'xl/worksheets/sheet1.xml'
14:01:35.671 [main] DEBUG - Save part 'xl/worksheets/sheet2.xml'
14:01:35.671 [main] DEBUG - Save part 'xl/worksheets/sheet3.xml'
14:01:35.671 [main] DEBUG - Save part 'xl/worksheets/sheet4.xml'
14:01:35.671 [main] DEBUG - Save part 'xl/worksheets/sheet5.xml'
14:01:35.671 [main] DEBUG - Save part 'xl/worksheets/sheet6.xml'
14:01:35.671 [main] DEBUG - Save part 'xl/worksheets/sheet7.xml'
14:01:35.671 [main] DEBUG - Save part 'xl/worksheets/sheet8.xml'
14:01:35.672 [main] DEBUG - Save part 'xl/worksheets/sheet9.xml'
14:01:35.714 [main] DEBUG - Parsing relationship: /xl/_rels/workbook.xml.rels
14:01:35.714 [main] DEBUG - Parsing relationship: /xl/worksheets/_rels/sheet6.xml.rels
14:01:35.714 [main] DEBUG - Parsing relationship: /_rels/.rels
14:01:35.718 [main] DEBUG - using default POIXMLDocumentPart for http://schemas.openxmlformats.org/officeDocument/2006/relationships/printerSettings
14:01:35.728 [main] DEBUG - Save content types part
14:01:35.729 [main] DEBUG - Save package relationships
14:01:35.729 [main] DEBUG - Save part 'docProps/app.xml'
14:01:35.729 [main] DEBUG - Save part 'docProps/core.xml'
14:01:35.729 [main] DEBUG - Save part 'xl/printerSettings/printerSettings1.bin'
14:01:35.729 [main] DEBUG - Save part 'xl/sharedStrings.xml'
14:01:35.730 [main] DEBUG - Save part 'xl/styles.xml'
14:01:35.730 [main] DEBUG - Save part 'xl/theme/theme1.xml'
14:01:35.730 [main] DEBUG - Save part 'xl/workbook.xml'
14:01:35.730 [main] DEBUG - Save part 'xl/worksheets/sheet1.xml'
14:01:35.730 [main] DEBUG - Save part 'xl/worksheets/sheet2.xml'
14:01:35.730 [main] DEBUG - Save part 'xl/worksheets/sheet3.xml'
14:01:35.730 [main] DEBUG - Save part 'xl/worksheets/sheet4.xml'
14:01:35.730 [main] DEBUG - Save part 'xl/worksheets/sheet5.xml'
14:01:35.731 [main] DEBUG - Save part 'xl/worksheets/sheet6.xml'
14:01:35.731 [main] DEBUG - Save part 'xl/worksheets/sheet7.xml'
14:01:35.731 [main] DEBUG - Save part 'xl/worksheets/sheet8.xml'
14:01:35.731 [main] DEBUG - Save part 'xl/worksheets/sheet9.xml'
14:01:35.765 [main] DEBUG - Parsing relationship: /xl/_rels/workbook.xml.rels
14:01:35.765 [main] DEBUG - Parsing relationship: /xl/worksheets/_rels/sheet6.xml.rels
14:01:35.765 [main] DEBUG - Parsing relationship: /_rels/.rels
14:01:35.768 [main] DEBUG - using default POIXMLDocumentPart for http://schemas.openxmlformats.org/officeDocument/2006/relationships/printerSettings
14:01:35.778 [main] DEBUG - Save content types part
14:01:35.779 [main] DEBUG - Save package relationships
14:01:35.779 [main] DEBUG - Save part 'docProps/app.xml'
14:01:35.779 [main] DEBUG - Save part 'docProps/core.xml'
14:01:35.779 [main] DEBUG - Save part 'xl/printerSettings/printerSettings1.bin'
14:01:35.779 [main] DEBUG - Save part 'xl/sharedStrings.xml'
14:01:35.780 [main] DEBUG - Save part 'xl/styles.xml'
14:01:35.780 [main] DEBUG - Save part 'xl/theme/theme1.xml'
14:01:35.780 [main] DEBUG - Save part 'xl/workbook.xml'
14:01:35.781 [main] DEBUG - Save part 'xl/worksheets/sheet1.xml'
14:01:35.781 [main] DEBUG - Save part 'xl/worksheets/sheet2.xml'
14:01:35.781 [main] DEBUG - Save part 'xl/worksheets/sheet3.xml'
14:01:35.781 [main] DEBUG - Save part 'xl/worksheets/sheet4.xml'
14:01:35.781 [main] DEBUG - Save part 'xl/worksheets/sheet5.xml'
14:01:35.781 [main] DEBUG - Save part 'xl/worksheets/sheet6.xml'
14:01:35.782 [main] DEBUG - Save part 'xl/worksheets/sheet7.xml'
14:01:35.782 [main] DEBUG - Save part 'xl/worksheets/sheet8.xml'
14:01:35.782 [main] DEBUG - Save part 'xl/worksheets/sheet9.xml'
14:01:35.813 [main] DEBUG - Parsing relationship: /xl/_rels/workbook.xml.rels
14:01:35.813 [main] DEBUG - Parsing relationship: /xl/worksheets/_rels/sheet6.xml.rels
14:01:35.813 [main] DEBUG - Parsing relationship: /_rels/.rels
14:01:35.815 [main] DEBUG - using default POIXMLDocumentPart for http://schemas.openxmlformats.org/officeDocument/2006/relationships/printerSettings
14:01:35.821 [main] DEBUG - Save content types part
14:01:35.821 [main] DEBUG - Save package relationships
14:01:35.821 [main] DEBUG - Save part 'docProps/app.xml'
14:01:35.821 [main] DEBUG - Save part 'docProps/core.xml'
14:01:35.821 [main] DEBUG - Save part 'xl/printerSettings/printerSettings1.bin'
14:01:35.821 [main] DEBUG - Save part 'xl/sharedStrings.xml'
14:01:35.822 [main] DEBUG - Save part 'xl/styles.xml'
14:01:35.822 [main] DEBUG - Save part 'xl/theme/theme1.xml'
14:01:35.822 [main] DEBUG - Save part 'xl/workbook.xml'
14:01:35.822 [main] DEBUG - Save part 'xl/worksheets/sheet1.xml'
14:01:35.822 [main] DEBUG - Save part 'xl/worksheets/sheet2.xml'
14:01:35.822 [main] DEBUG - Save part 'xl/worksheets/sheet3.xml'
14:01:35.822 [main] DEBUG - Save part 'xl/worksheets/sheet4.xml'
14:01:35.822 [main] DEBUG - Save part 'xl/worksheets/sheet5.xml'
14:01:35.822 [main] DEBUG - Save part 'xl/worksheets/sheet6.xml'
14:01:35.823 [main] DEBUG - Save part 'xl/worksheets/sheet7.xml'
14:01:35.823 [main] DEBUG - Save part 'xl/worksheets/sheet8.xml'
14:01:35.823 [main] DEBUG - Save part 'xl/worksheets/sheet9.xml'
14:01:35.857 [main] DEBUG - Parsing relationship: /xl/_rels/workbook.xml.rels
14:01:35.857 [main] DEBUG - Parsing relationship: /xl/worksheets/_rels/sheet6.xml.rels
14:01:35.857 [main] DEBUG - Parsing relationship: /_rels/.rels
14:01:35.860 [main] DEBUG - using default POIXMLDocumentPart for http://schemas.openxmlformats.org/officeDocument/2006/relationships/printerSettings
14:01:35.870 [main] DEBUG - Save content types part
14:01:35.871 [main] DEBUG - Save package relationships
14:01:35.871 [main] DEBUG - Save part 'docProps/app.xml'
14:01:35.871 [main] DEBUG - Save part 'docProps/core.xml'
14:01:35.871 [main] DEBUG - Save part 'xl/printerSettings/printerSettings1.bin'
14:01:35.871 [main] DEBUG - Save part 'xl/sharedStrings.xml'
14:01:35.872 [main] DEBUG - Save part 'xl/styles.xml'
14:01:35.872 [main] DEBUG - Save part 'xl/theme/theme1.xml'
14:01:35.872 [main] DEBUG - Save part 'xl/workbook.xml'
14:01:35.872 [main] DEBUG - Save part 'xl/worksheets/sheet1.xml'
14:01:35.872 [main] DEBUG - Save part 'xl/worksheets/sheet2.xml'
14:01:35.872 [main] DEBUG - Save part 'xl/worksheets/sheet3.xml'
14:01:35.872 [main] DEBUG - Save part 'xl/worksheets/sheet4.xml'
14:01:35.873 [main] DEBUG - Save part 'xl/worksheets/sheet5.xml'
14:01:35.873 [main] DEBUG - Save part 'xl/worksheets/sheet6.xml'
14:01:35.873 [main] DEBUG - Save part 'xl/worksheets/sheet7.xml'
14:01:35.873 [main] DEBUG - Save part 'xl/worksheets/sheet8.xml'
14:01:35.873 [main] DEBUG - Save part 'xl/worksheets/sheet9.xml'
14:01:35.902 [main] DEBUG - Parsing relationship: /xl/_rels/workbook.xml.rels
14:01:35.903 [main] DEBUG - Parsing relationship: /xl/worksheets/_rels/sheet6.xml.rels
14:01:35.903 [main] DEBUG - Parsing relationship: /_rels/.rels
14:01:35.907 [main] DEBUG - using default POIXMLDocumentPart for http://schemas.openxmlformats.org/officeDocument/2006/relationships/printerSettings
14:01:35.918 [main] DEBUG - Save content types part
14:01:35.919 [main] DEBUG - Save package relationships
14:01:35.919 [main] DEBUG - Save part 'docProps/app.xml'
14:01:35.919 [main] DEBUG - Save part 'docProps/core.xml'
14:01:35.919 [main] DEBUG - Save part 'xl/printerSettings/printerSettings1.bin'
14:01:35.920 [main] DEBUG - Save part 'xl/sharedStrings.xml'
14:01:35.920 [main] DEBUG - Save part 'xl/styles.xml'
14:01:35.920 [main] DEBUG - Save part 'xl/theme/theme1.xml'
14:01:35.920 [main] DEBUG - Save part 'xl/workbook.xml'
14:01:35.921 [main] DEBUG - Save part 'xl/worksheets/sheet1.xml'
14:01:35.921 [main] DEBUG - Save part 'xl/worksheets/sheet2.xml'
14:01:35.921 [main] DEBUG - Save part 'xl/worksheets/sheet3.xml'
14:01:35.921 [main] DEBUG - Save part 'xl/worksheets/sheet4.xml'
14:01:35.921 [main] DEBUG - Save part 'xl/worksheets/sheet5.xml'
14:01:35.921 [main] DEBUG - Save part 'xl/worksheets/sheet6.xml'
14:01:35.922 [main] DEBUG - Save part 'xl/worksheets/sheet7.xml'
14:01:35.922 [main] DEBUG - Save part 'xl/worksheets/sheet8.xml'
14:01:35.922 [main] DEBUG - Save part 'xl/worksheets/sheet9.xml'
14:01:35.939 [main] DEBUG - Parsing relationship: /xl/_rels/workbook.xml.rels
14:01:35.939 [main] DEBUG - Parsing relationship: /xl/worksheets/_rels/sheet6.xml.rels
14:01:35.939 [main] DEBUG - Parsing relationship: /_rels/.rels
14:01:35.941 [main] DEBUG - using default POIXMLDocumentPart for http://schemas.openxmlformats.org/officeDocument/2006/relationships/printerSettings
14:01:35.946 [main] DEBUG - Save content types part
14:01:35.947 [main] DEBUG - Save package relationships
14:01:35.947 [main] DEBUG - Save part 'docProps/app.xml'
14:01:35.947 [main] DEBUG - Save part 'docProps/core.xml'
14:01:35.947 [main] DEBUG - Save part 'xl/printerSettings/printerSettings1.bin'
14:01:35.947 [main] DEBUG - Save part 'xl/sharedStrings.xml'
14:01:35.947 [main] DEBUG - Save part 'xl/styles.xml'
14:01:35.948 [main] DEBUG - Save part 'xl/theme/theme1.xml'
14:01:35.948 [main] DEBUG - Save part 'xl/workbook.xml'
14:01:35.948 [main] DEBUG - Save part 'xl/worksheets/sheet1.xml'
14:01:35.948 [main] DEBUG - Save part 'xl/worksheets/sheet2.xml'
14:01:35.948 [main] DEBUG - Save part 'xl/worksheets/sheet3.xml'
14:01:35.948 [main] DEBUG - Save part 'xl/worksheets/sheet4.xml'
14:01:35.948 [main] DEBUG - Save part 'xl/worksheets/sheet5.xml'
14:01:35.948 [main] DEBUG - Save part 'xl/worksheets/sheet6.xml'
14:01:35.948 [main] DEBUG - Save part 'xl/worksheets/sheet7.xml'
14:01:35.949 [main] DEBUG - Save part 'xl/worksheets/sheet8.xml'
14:01:35.949 [main] DEBUG - Save part 'xl/worksheets/sheet9.xml'
14:01:35.990 [main] DEBUG - Parsing relationship: /xl/_rels/workbook.xml.rels
14:01:35.990 [main] DEBUG - Parsing relationship: /xl/worksheets/_rels/sheet6.xml.rels
14:01:35.991 [main] DEBUG - Parsing relationship: /_rels/.rels
14:01:35.997 [main] DEBUG - using default POIXMLDocumentPart for http://schemas.openxmlformats.org/officeDocument/2006/relationships/printerSettings
14:01:36.017 [main] DEBUG - Save content types part
14:01:36.018 [main] DEBUG - Save package relationships
14:01:36.018 [main] DEBUG - Save part 'docProps/app.xml'
14:01:36.018 [main] DEBUG - Save part 'docProps/core.xml'
14:01:36.019 [main] DEBUG - Save part 'xl/printerSettings/printerSettings1.bin'
14:01:36.020 [main] DEBUG - Save part 'xl/sharedStrings.xml'
14:01:36.020 [main] DEBUG - Save part 'xl/styles.xml'
14:01:36.020 [main] DEBUG - Save part 'xl/theme/theme1.xml'
14:01:36.020 [main] DEBUG - Save part 'xl/workbook.xml'
14:01:36.022 [main] DEBUG - Save part 'xl/worksheets/sheet1.xml'
14:01:36.022 [main] DEBUG - Save part 'xl/worksheets/sheet2.xml'
14:01:36.023 [main] DEBUG - Save part 'xl/worksheets/sheet3.xml'
14:01:36.023 [main] DEBUG - Save part 'xl/worksheets/sheet4.xml'
14:01:36.023 [main] DEBUG - Save part 'xl/worksheets/sheet5.xml'
14:01:36.023 [main] DEBUG - Save part 'xl/worksheets/sheet6.xml'
14:01:36.025 [main] DEBUG - Save part 'xl/worksheets/sheet7.xml'
14:01:36.025 [main] DEBUG - Save part 'xl/worksheets/sheet8.xml'
14:01:36.025 [main] DEBUG - Save part 'xl/worksheets/sheet9.xml'
