22:09:47.086 [main] DEBUG - Save part 'xl/sharedStrings.xml'
22:09:47.093 [main] DEBUG - Save part 'xl/styles.xml'
22:09:47.093 [main] DEBUG - Save part 'xl/theme/theme1.xml'
22:09:47.093 [main] DEBUG - Save part 'xl/workbook.xml'
22:09:47.095 [main] DEBUG - Save part 'xl/worksheets/sheet1.xml'
22:09:47.096 [main] DEBUG - Save part 'xl/worksheets/sheet2.xml'
22:09:47.096 [main] DEBUG - Save part 'xl/worksheets/sheet3.xml'
22:09:47.096 [main] DEBUG - Save part 'xl/worksheets/sheet4.xml'
22:09:47.096 [main] DEBUG - Save part 'xl/worksheets/sheet5.xml'
22:09:47.116 [main] DEBUG - Parsing relationship: /xl/_rels/workbook.xml.rels
22:09:47.118 [main] DEBUG - Parsing relationship: /_rels/.rels
22:09:47.152 [main] DEBUG - Save content types part
22:09:47.155 [main] DEBUG - Save package relationships
22:09:47.157 [main] DEBUG - Save part 'docProps/app.xml'
22:09:47.157 [main] DEBUG - Save part 'docProps/core.xml'
22:09:47.159 [main] DEBUG - Save part 'xl/sharedStrings.xml'
22:09:47.160 [main] DEBUG - Save part 'xl/styles.xml'
22:09:47.160 [main] DEBUG - Save part 'xl/theme/theme1.xml'
22:09:47.161 [main] DEBUG - Save part 'xl/workbook.xml'
22:09:47.163 [main] DEBUG - Save part 'xl/worksheets/sheet1.xml'
22:09:47.163 [main] DEBUG - Save part 'xl/worksheets/sheet2.xml'
22:09:47.164 [main] DEBUG - Save part 'xl/worksheets/sheet3.xml'
22:09:47.164 [main] DEBUG - Save part 'xl/worksheets/sheet4.xml'
22:09:47.164 [main] DEBUG - Save part 'xl/worksheets/sheet5.xml'
22:09:47.196 [main] DEBUG - Parsing relationship: /xl/_rels/workbook.xml.rels
22:09:47.196 [main] DEBUG - Parsing relationship: /_rels/.rels
22:09:47.229 [main] DEBUG - Save content types part
22:09:47.231 [main] DEBUG - Save package relationships
22:09:47.232 [main] DEBUG - Save part 'docProps/app.xml'
22:09:47.232 [main] DEBUG - Save part 'docProps/core.xml'
22:09:47.234 [main] DEBUG - Save part 'xl/sharedStrings.xml'
22:09:47.234 [main] DEBUG - Save part 'xl/styles.xml'
22:09:47.235 [main] DEBUG - Save part 'xl/theme/theme1.xml'
22:09:47.235 [main] DEBUG - Save part 'xl/workbook.xml'
22:09:47.236 [main] DEBUG - Save part 'xl/worksheets/sheet1.xml'
22:09:47.237 [main] DEBUG - Save part 'xl/worksheets/sheet2.xml'
22:09:47.237 [main] DEBUG - Save part 'xl/worksheets/sheet3.xml'
22:09:47.237 [main] DEBUG - Save part 'xl/worksheets/sheet4.xml'
22:09:47.237 [main] DEBUG - Save part 'xl/worksheets/sheet5.xml'
22:09:47.268 [main] DEBUG - Parsing relationship: /xl/_rels/workbook.xml.rels
22:09:47.270 [main] DEBUG - Parsing relationship: /_rels/.rels
22:09:47.297 [main] DEBUG - Save content types part
22:09:47.298 [main] DEBUG - Save package relationships
22:09:47.299 [main] DEBUG - Save part 'docProps/app.xml'
22:09:47.300 [main] DEBUG - Save part 'docProps/core.xml'
22:09:47.301 [main] DEBUG - Save part 'xl/sharedStrings.xml'
22:09:47.301 [main] DEBUG - Save part 'xl/styles.xml'
22:09:47.301 [main] DEBUG - Save part 'xl/theme/theme1.xml'
22:09:47.301 [main] DEBUG - Save part 'xl/workbook.xml'
22:09:47.302 [main] DEBUG - Save part 'xl/worksheets/sheet1.xml'
22:09:47.303 [main] DEBUG - Save part 'xl/worksheets/sheet2.xml'
22:09:47.303 [main] DEBUG - Save part 'xl/worksheets/sheet3.xml'
22:09:47.303 [main] DEBUG - Save part 'xl/worksheets/sheet4.xml'
22:09:47.303 [main] DEBUG - Save part 'xl/worksheets/sheet5.xml'
22:09:47.328 [main] DEBUG - Parsing relationship: /xl/_rels/workbook.xml.rels
22:09:47.329 [main] DEBUG - Parsing relationship: /_rels/.rels
22:09:47.351 [main] DEBUG - Save content types part
22:09:47.352 [main] DEBUG - Save package relationships
22:09:47.353 [main] DEBUG - Save part 'docProps/app.xml'
22:09:47.353 [main] DEBUG - Save part 'docProps/core.xml'
22:09:47.354 [main] DEBUG - Save part 'xl/sharedStrings.xml'
22:09:47.354 [main] DEBUG - Save part 'xl/styles.xml'
22:09:47.355 [main] DEBUG - Save part 'xl/theme/theme1.xml'
22:09:47.355 [main] DEBUG - Save part 'xl/workbook.xml'
22:09:47.357 [main] DEBUG - Save part 'xl/worksheets/sheet1.xml'
22:09:47.357 [main] DEBUG - Save part 'xl/worksheets/sheet2.xml'
22:09:47.358 [main] DEBUG - Save part 'xl/worksheets/sheet3.xml'
22:09:47.358 [main] DEBUG - Save part 'xl/worksheets/sheet4.xml'
22:09:47.358 [main] DEBUG - Save part 'xl/worksheets/sheet5.xml'
22:09:47.382 [main] DEBUG - Parsing relationship: /xl/_rels/workbook.xml.rels
22:09:47.382 [main] DEBUG - Parsing relationship: /_rels/.rels
22:09:47.401 [main] DEBUG - Save content types part
22:09:47.402 [main] DEBUG - Save package relationships
22:09:47.403 [main] DEBUG - Save part 'docProps/app.xml'
22:09:47.403 [main] DEBUG - Save part 'docProps/core.xml'
22:09:47.404 [main] DEBUG - Save part 'xl/sharedStrings.xml'
22:09:47.405 [main] DEBUG - Save part 'xl/styles.xml'
22:09:47.405 [main] DEBUG - Save part 'xl/theme/theme1.xml'
22:09:47.405 [main] DEBUG - Save part 'xl/workbook.xml'
22:09:47.406 [main] DEBUG - Save part 'xl/worksheets/sheet1.xml'
22:09:47.407 [main] DEBUG - Save part 'xl/worksheets/sheet2.xml'
22:09:47.407 [main] DEBUG - Save part 'xl/worksheets/sheet3.xml'
22:09:47.407 [main] DEBUG - Save part 'xl/worksheets/sheet4.xml'
22:09:47.407 [main] DEBUG - Save part 'xl/worksheets/sheet5.xml'
22:09:47.437 [main] DEBUG - Parsing relationship: /xl/_rels/workbook.xml.rels
22:09:47.437 [main] DEBUG - Parsing relationship: /_rels/.rels
22:09:47.464 [main] DEBUG - Save content types part
22:09:47.465 [main] DEBUG - Save package relationships
22:09:47.466 [main] DEBUG - Save part 'docProps/app.xml'
22:09:47.466 [main] DEBUG - Save part 'docProps/core.xml'
22:09:47.468 [main] DEBUG - Save part 'xl/sharedStrings.xml'
22:09:47.468 [main] DEBUG - Save part 'xl/styles.xml'
22:09:47.468 [main] DEBUG - Save part 'xl/theme/theme1.xml'
22:09:47.468 [main] DEBUG - Save part 'xl/workbook.xml'
22:09:47.469 [main] DEBUG - Save part 'xl/worksheets/sheet1.xml'
22:09:47.470 [main] DEBUG - Save part 'xl/worksheets/sheet2.xml'
22:09:47.470 [main] DEBUG - Save part 'xl/worksheets/sheet3.xml'
22:09:47.470 [main] DEBUG - Save part 'xl/worksheets/sheet4.xml'
22:09:47.470 [main] DEBUG - Save part 'xl/worksheets/sheet5.xml'
22:10:21.654 [main] DEBUG - Parsing relationship: /xl/_rels/workbook.xml.rels
22:10:21.656 [main] DEBUG - Parsing relationship: /_rels/.rels
22:10:21.676 [main] DEBUG - Parsing relationship: /xl/_rels/workbook.xml.rels
22:10:21.677 [main] DEBUG - Parsing relationship: /_rels/.rels
22:10:21.697 [main] DEBUG - Parsing relationship: /xl/_rels/workbook.xml.rels
22:10:21.697 [main] DEBUG - Parsing relationship: /_rels/.rels
22:10:21.714 [main] DEBUG - Parsing relationship: /xl/_rels/workbook.xml.rels
22:10:21.714 [main] DEBUG - Parsing relationship: /_rels/.rels
22:10:21.733 [main] DEBUG - Parsing relationship: /xl/_rels/workbook.xml.rels
22:10:21.733 [main] DEBUG - Parsing relationship: /_rels/.rels
22:10:21.748 [main] DEBUG - Parsing relationship: /xl/_rels/workbook.xml.rels
22:10:21.749 [main] DEBUG - Parsing relationship: /_rels/.rels
22:10:21.763 [main] DEBUG - Parsing relationship: /xl/_rels/workbook.xml.rels
22:10:21.764 [main] DEBUG - Parsing relationship: /_rels/.rels
22:10:21.781 [main] DEBUG - Parsing relationship: /xl/_rels/workbook.xml.rels
22:10:21.781 [main] DEBUG - Parsing relationship: /_rels/.rels
22:10:21.796 [main] DEBUG - Parsing relationship: /xl/_rels/workbook.xml.rels
22:10:21.797 [main] DEBUG - Parsing relationship: /_rels/.rels
22:10:21.813 [main] DEBUG - Parsing relationship: /xl/_rels/workbook.xml.rels
22:10:21.814 [main] DEBUG - Parsing relationship: /_rels/.rels
22:10:21.828 [main] DEBUG - Parsing relationship: /xl/_rels/workbook.xml.rels
22:10:21.828 [main] DEBUG - Parsing relationship: /_rels/.rels
22:10:21.842 [main] DEBUG - Parsing relationship: /xl/_rels/workbook.xml.rels
22:10:21.842 [main] DEBUG - Parsing relationship: /_rels/.rels
22:10:21.852 [main] DEBUG - Parsing relationship: /xl/_rels/workbook.xml.rels
22:10:21.853 [main] DEBUG - Parsing relationship: /_rels/.rels
22:10:21.867 [main] DEBUG - Parsing relationship: /xl/_rels/workbook.xml.rels
22:10:21.867 [main] DEBUG - Parsing relationship: /_rels/.rels
22:11:15.518 [main] INFO  - Products displyed
22:11:21.062 [main] DEBUG - Parsing relationship: /xl/_rels/workbook.xml.rels
22:11:21.066 [main] DEBUG - Parsing relationship: /_rels/.rels
22:11:21.367 [main] TRACE - Loading type system org.apache.poi.schemas.ooxml.system.ooxml
22:11:21.372 [main] TRACE - Loading type system org.apache.xmlbeans.metadata.system.sXMLCONFIG
22:11:21.373 [main] TRACE - Loading type system org.apache.xmlbeans.metadata.system.sXMLLANG
22:11:21.374 [main] TRACE - Loading type system org.apache.xmlbeans.metadata.system.sXMLSCHEMA
22:11:21.375 [main] TRACE - Loading type system org.apache.xmlbeans.metadata.system.sXMLTOOLS
22:11:21.377 [main] TRACE - Reading unresolved handles for type system org.apache.xmlbeans.metadata.system.sXMLTOOLS
22:11:21.392 [main] TRACE - Finished loading type system org.apache.xmlbeans.metadata.system.sXMLTOOLS
22:11:21.393 [main] TRACE - Reading unresolved handles for type system org.apache.xmlbeans.metadata.system.sXMLSCHEMA
22:11:21.395 [main] TRACE - Finished loading type system org.apache.xmlbeans.metadata.system.sXMLSCHEMA
22:11:21.396 [main] TRACE - Reading unresolved handles for type system org.apache.xmlbeans.metadata.system.sXMLLANG
22:11:21.397 [main] TRACE - Finished loading type system org.apache.xmlbeans.metadata.system.sXMLLANG
22:11:21.397 [main] TRACE - Reading unresolved handles for type system org.apache.xmlbeans.metadata.system.sXMLCONFIG
22:11:21.398 [main] TRACE - Finished loading type system org.apache.xmlbeans.metadata.system.sXMLCONFIG
22:11:21.398 [main] TRACE - Reading unresolved handles for type system org.apache.poi.schemas.ooxml.system.ooxml
22:11:21.444 [main] TRACE - Finished loading type system org.apache.poi.schemas.ooxml.system.ooxml
22:11:21.445 [main] TRACE - Resolving type for handle themefd26doctype
22:11:21.552 [main] TRACE - Resolving type for handle stylesheet5d8bdoctype
22:11:21.559 [main] TRACE - Resolving type for handle ctstylesheet4257type
22:11:21.572 [main] TRACE - Resolving type for handle ctnumfmtsb58btype
22:11:21.575 [main] TRACE - Resolving type for handle ctfonts6623type
22:11:21.577 [main] TRACE - Resolving type for handle ctfont14d8type
22:11:21.587 [main] TRACE - Resolving type for handle ctfills2c6ftype
22:11:21.589 [main] TRACE - Resolving type for handle ctfill550ctype
22:11:21.591 [main] TRACE - Resolving type for handle ctborders0d66type
22:11:21.594 [main] TRACE - Resolving type for handle ctborderf935type
22:11:21.599 [main] TRACE - Resolving type for handle ctcellxfs1322type
22:11:21.602 [main] TRACE - Resolving type for handle ctxf97f7type
22:11:21.606 [main] TRACE - Resolving type for handle ctcellstylexfsa81ftype
22:11:21.607 [main] TRACE - Resolving type for handle ctdxfsb26atype
22:11:21.609 [main] TRACE - Resolving type for handle cttablestyles872ftype
22:11:21.613 [main] TRACE - Resolving type for handle sstf81fdoctype
22:11:21.618 [main] TRACE - Resolving type for handle ctsst44f3type
22:11:21.631 [main] TRACE - Resolving type for handle ctrsta472type
22:11:21.655 [main] TRACE - Resolving type for handle workbookec17doctype
22:11:21.659 [main] TRACE - Resolving type for handle ctworkbook83c3type
22:11:21.667 [main] TRACE - Resolving type for handle ctsheets49fdtype
22:11:21.670 [main] TRACE - Resolving type for handle ctsheet4dbetype
22:11:21.673 [main] TRACE - Resolving type for handle strelationshipid1e94type
22:11:21.678 [main] TRACE - Resolving type for handle worksheetf539doctype
22:11:21.683 [main] TRACE - Resolving type for handle ctworksheet530dtype
22:11:21.700 [main] TRACE - Resolving type for handle ctcols627ctype
22:11:21.705 [main] TRACE - Resolving type for handle ctcola95ftype
22:11:21.727 [main] TRACE - Resolving type for handle ctsheetdata8408type
22:11:21.731 [main] TRACE - Resolving type for handle ctrowdd39type
22:11:21.739 [main] TRACE - Resolving type for handle ctcell842btype
22:11:21.755 [main] TRACE - Resolving type for handle stcellrefe4e0type
22:11:21.779 [main] TRACE - Resolving type for handle stxstringf179type
22:11:21.788 [main] TRACE - Resolving type for handle stcelltypebf95type
22:11:21.799 [main] TRACE - Resolving type for handle stcellstylexfid70c7type
22:11:21.807 [main] TRACE - Resolving type for handle ctsheetdimensiond310type
22:11:21.809 [main] TRACE - Resolving type for handle stref90a2type
22:11:21.827 [main] TRACE - Resolving type for handle propertiesee84doctype
22:11:21.828 [main] TRACE - Resolving type for handle ctproperties3f10type
22:11:21.833 [main] TRACE - Resolving type for handle properties288cdoctype
22:11:21.834 [main] TRACE - Resolving type for handle ctproperties2c18type
22:11:21.846 [main] DEBUG - Save content types part
22:11:21.901 [main] DEBUG - Save package relationships
22:11:21.904 [main] DEBUG - Save part 'docProps/app.xml'
22:11:21.904 [main] DEBUG - Save part 'docProps/core.xml'
22:11:21.906 [main] DEBUG - Save part 'xl/sharedStrings.xml'
22:11:21.906 [main] DEBUG - Save part 'xl/styles.xml'
22:11:21.906 [main] DEBUG - Save part 'xl/theme/theme1.xml'
22:11:21.907 [main] DEBUG - Save part 'xl/workbook.xml'
22:11:21.908 [main] DEBUG - Save part 'xl/worksheets/sheet1.xml'
22:11:21.908 [main] DEBUG - Save part 'xl/worksheets/sheet2.xml'
22:11:21.908 [main] DEBUG - Save part 'xl/worksheets/sheet3.xml'
22:11:21.908 [main] DEBUG - Save part 'xl/worksheets/sheet4.xml'
22:11:21.909 [main] DEBUG - Save part 'xl/worksheets/sheet5.xml'
22:11:21.950 [main] DEBUG - Parsing relationship: /xl/_rels/workbook.xml.rels
22:11:21.951 [main] DEBUG - Parsing relationship: /_rels/.rels
22:11:21.984 [main] DEBUG - Save content types part
22:11:21.985 [main] DEBUG - Save package relationships
22:11:21.986 [main] DEBUG - Save part 'docProps/app.xml'
22:11:21.986 [main] DEBUG - Save part 'docProps/core.xml'
22:11:21.987 [main] DEBUG - Save part 'xl/sharedStrings.xml'
22:11:21.987 [main] DEBUG - Save part 'xl/styles.xml'
22:11:21.987 [main] DEBUG - Save part 'xl/theme/theme1.xml'
22:11:21.988 [main] DEBUG - Save part 'xl/workbook.xml'
22:11:21.990 [main] DEBUG - Save part 'xl/worksheets/sheet1.xml'
22:11:21.990 [main] DEBUG - Save part 'xl/worksheets/sheet2.xml'
22:11:21.990 [main] DEBUG - Save part 'xl/worksheets/sheet3.xml'
22:11:21.990 [main] DEBUG - Save part 'xl/worksheets/sheet4.xml'
22:11:21.990 [main] DEBUG - Save part 'xl/worksheets/sheet5.xml'
22:11:22.023 [main] DEBUG - Parsing relationship: /xl/_rels/workbook.xml.rels
22:11:22.023 [main] DEBUG - Parsing relationship: /_rels/.rels
22:11:22.049 [main] DEBUG - Save content types part
22:11:22.050 [main] DEBUG - Save package relationships
22:11:22.051 [main] DEBUG - Save part 'docProps/app.xml'
22:11:22.051 [main] DEBUG - Save part 'docProps/core.xml'
22:11:22.053 [main] DEBUG - Save part 'xl/sharedStrings.xml'
22:11:22.054 [main] DEBUG - Save part 'xl/styles.xml'
22:11:22.054 [main] DEBUG - Save part 'xl/theme/theme1.xml'
22:11:22.055 [main] DEBUG - Save part 'xl/workbook.xml'
22:11:22.056 [main] DEBUG - Save part 'xl/worksheets/sheet1.xml'
22:11:22.056 [main] DEBUG - Save part 'xl/worksheets/sheet2.xml'
22:11:22.056 [main] DEBUG - Save part 'xl/worksheets/sheet3.xml'
22:11:22.057 [main] DEBUG - Save part 'xl/worksheets/sheet4.xml'
22:11:22.057 [main] DEBUG - Save part 'xl/worksheets/sheet5.xml'
22:11:22.088 [main] DEBUG - Parsing relationship: /xl/_rels/workbook.xml.rels
22:11:22.089 [main] DEBUG - Parsing relationship: /_rels/.rels
22:11:22.110 [main] DEBUG - Save content types part
22:11:22.111 [main] DEBUG - Save package relationships
22:11:22.112 [main] DEBUG - Save part 'docProps/app.xml'
22:11:22.113 [main] DEBUG - Save part 'docProps/core.xml'
22:11:22.114 [main] DEBUG - Save part 'xl/sharedStrings.xml'
22:11:22.114 [main] DEBUG - Save part 'xl/styles.xml'
22:11:22.115 [main] DEBUG - Save part 'xl/theme/theme1.xml'
22:11:22.115 [main] DEBUG - Save part 'xl/workbook.xml'
22:11:22.117 [main] DEBUG - Save part 'xl/worksheets/sheet1.xml'
22:11:22.117 [main] DEBUG - Save part 'xl/worksheets/sheet2.xml'
22:11:22.117 [main] DEBUG - Save part 'xl/worksheets/sheet3.xml'
22:11:22.117 [main] DEBUG - Save part 'xl/worksheets/sheet4.xml'
22:11:22.117 [main] DEBUG - Save part 'xl/worksheets/sheet5.xml'
22:11:22.148 [main] DEBUG - Parsing relationship: /xl/_rels/workbook.xml.rels
22:11:22.149 [main] DEBUG - Parsing relationship: /_rels/.rels
22:11:22.175 [main] DEBUG - Save content types part
22:11:22.177 [main] DEBUG - Save package relationships
22:11:22.177 [main] DEBUG - Save part 'docProps/app.xml'
22:11:22.178 [main] DEBUG - Save part 'docProps/core.xml'
22:11:22.179 [main] DEBUG - Save part 'xl/sharedStrings.xml'
22:11:22.179 [main] DEBUG - Save part 'xl/styles.xml'
22:11:22.179 [main] DEBUG - Save part 'xl/theme/theme1.xml'
22:11:22.180 [main] DEBUG - Save part 'xl/workbook.xml'
22:11:22.181 [main] DEBUG - Save part 'xl/worksheets/sheet1.xml'
22:11:22.181 [main] DEBUG - Save part 'xl/worksheets/sheet2.xml'
22:11:22.182 [main] DEBUG - Save part 'xl/worksheets/sheet3.xml'
22:11:22.182 [main] DEBUG - Save part 'xl/worksheets/sheet4.xml'
22:11:22.182 [main] DEBUG - Save part 'xl/worksheets/sheet5.xml'
22:11:22.210 [main] DEBUG - Parsing relationship: /xl/_rels/workbook.xml.rels
22:11:22.211 [main] DEBUG - Parsing relationship: /_rels/.rels
22:11:22.246 [main] DEBUG - Save content types part
22:11:22.248 [main] DEBUG - Save package relationships
22:11:22.249 [main] DEBUG - Save part 'docProps/app.xml'
22:11:22.249 [main] DEBUG - Save part 'docProps/core.xml'
22:11:22.250 [main] DEBUG - Save part 'xl/sharedStrings.xml'
22:11:22.251 [main] DEBUG - Save part 'xl/styles.xml'
22:11:22.251 [main] DEBUG - Save part 'xl/theme/theme1.xml'
22:11:22.251 [main] DEBUG - Save part 'xl/workbook.xml'
22:11:22.252 [main] DEBUG - Save part 'xl/worksheets/sheet1.xml'
22:11:22.252 [main] DEBUG - Save part 'xl/worksheets/sheet2.xml'
22:11:22.253 [main] DEBUG - Save part 'xl/worksheets/sheet3.xml'
22:11:22.253 [main] DEBUG - Save part 'xl/worksheets/sheet4.xml'
22:11:22.253 [main] DEBUG - Save part 'xl/worksheets/sheet5.xml'
22:11:22.284 [main] DEBUG - Parsing relationship: /xl/_rels/workbook.xml.rels
22:11:22.284 [main] DEBUG - Parsing relationship: /_rels/.rels
22:11:22.315 [main] DEBUG - Save content types part
22:11:22.317 [main] DEBUG - Save package relationships
22:11:22.317 [main] DEBUG - Save part 'docProps/app.xml'
22:11:22.318 [main] DEBUG - Save part 'docProps/core.xml'
22:11:22.319 [main] DEBUG - Save part 'xl/sharedStrings.xml'
22:11:22.319 [main] DEBUG - Save part 'xl/styles.xml'
22:11:22.319 [main] DEBUG - Save part 'xl/theme/theme1.xml'
22:11:22.319 [main] DEBUG - Save part 'xl/workbook.xml'
22:11:22.321 [main] DEBUG - Save part 'xl/worksheets/sheet1.xml'
22:11:22.321 [main] DEBUG - Save part 'xl/worksheets/sheet2.xml'
22:11:22.322 [main] DEBUG - Save part 'xl/worksheets/sheet3.xml'
22:11:22.322 [main] DEBUG - Save part 'xl/worksheets/sheet4.xml'
22:11:22.322 [main] DEBUG - Save part 'xl/worksheets/sheet5.xml'
22:11:22.343 [main] DEBUG - Parsing relationship: /xl/_rels/workbook.xml.rels
22:11:22.344 [main] DEBUG - Parsing relationship: /_rels/.rels
22:11:22.369 [main] DEBUG - Save content types part
22:11:22.371 [main] DEBUG - Save package relationships
22:11:22.371 [main] DEBUG - Save part 'docProps/app.xml'
22:11:22.372 [main] DEBUG - Save part 'docProps/core.xml'
22:11:22.373 [main] DEBUG - Save part 'xl/sharedStrings.xml'
22:11:22.373 [main] DEBUG - Save part 'xl/styles.xml'
22:11:22.373 [main] DEBUG - Save part 'xl/theme/theme1.xml'
22:11:22.373 [main] DEBUG - Save part 'xl/workbook.xml'
22:11:22.375 [main] DEBUG - Save part 'xl/worksheets/sheet1.xml'
22:11:22.375 [main] DEBUG - Save part 'xl/worksheets/sheet2.xml'
22:11:22.375 [main] DEBUG - Save part 'xl/worksheets/sheet3.xml'
22:11:22.375 [main] DEBUG - Save part 'xl/worksheets/sheet4.xml'
22:11:22.375 [main] DEBUG - Save part 'xl/worksheets/sheet5.xml'
22:11:22.400 [main] DEBUG - Parsing relationship: /xl/_rels/workbook.xml.rels
22:11:22.401 [main] DEBUG - Parsing relationship: /_rels/.rels
22:11:22.430 [main] DEBUG - Save content types part
22:11:22.432 [main] DEBUG - Save package relationships
22:11:22.434 [main] DEBUG - Save part 'docProps/app.xml'
22:11:22.435 [main] DEBUG - Save part 'docProps/core.xml'
22:11:22.436 [main] DEBUG - Save part 'xl/sharedStrings.xml'
22:11:22.437 [main] DEBUG - Save part 'xl/styles.xml'
22:11:22.437 [main] DEBUG - Save part 'xl/theme/theme1.xml'
22:11:22.438 [main] DEBUG - Save part 'xl/workbook.xml'
22:11:22.439 [main] DEBUG - Save part 'xl/worksheets/sheet1.xml'
22:11:22.440 [main] DEBUG - Save part 'xl/worksheets/sheet2.xml'
22:11:22.440 [main] DEBUG - Save part 'xl/worksheets/sheet3.xml'
22:11:22.442 [main] DEBUG - Save part 'xl/worksheets/sheet4.xml'
22:11:22.442 [main] DEBUG - Save part 'xl/worksheets/sheet5.xml'
22:11:22.471 [main] DEBUG - Parsing relationship: /xl/_rels/workbook.xml.rels
22:11:22.472 [main] DEBUG - Parsing relationship: /_rels/.rels
22:11:22.504 [main] DEBUG - Save content types part
22:11:22.505 [main] DEBUG - Save package relationships
22:11:22.506 [main] DEBUG - Save part 'docProps/app.xml'
22:11:22.507 [main] DEBUG - Save part 'docProps/core.xml'
22:11:22.508 [main] DEBUG - Save part 'xl/sharedStrings.xml'
22:11:22.508 [main] DEBUG - Save part 'xl/styles.xml'
22:11:22.509 [main] DEBUG - Save part 'xl/theme/theme1.xml'
22:11:22.509 [main] DEBUG - Save part 'xl/workbook.xml'
22:11:22.510 [main] DEBUG - Save part 'xl/worksheets/sheet1.xml'
22:11:22.511 [main] DEBUG - Save part 'xl/worksheets/sheet2.xml'
22:11:22.511 [main] DEBUG - Save part 'xl/worksheets/sheet3.xml'
22:11:22.511 [main] DEBUG - Save part 'xl/worksheets/sheet4.xml'
22:11:22.511 [main] DEBUG - Save part 'xl/worksheets/sheet5.xml'
22:11:39.042 [main] DEBUG - Parsing relationship: /xl/_rels/workbook.xml.rels
22:11:39.044 [main] DEBUG - Parsing relationship: /_rels/.rels
22:11:39.065 [main] DEBUG - Save content types part
22:11:39.066 [main] DEBUG - Save package relationships
22:11:39.067 [main] DEBUG - Save part 'docProps/app.xml'
22:11:39.067 [main] DEBUG - Save part 'docProps/core.xml'
22:11:39.068 [main] DEBUG - Save part 'xl/sharedStrings.xml'
22:11:39.068 [main] DEBUG - Save part 'xl/styles.xml'
22:11:39.069 [main] DEBUG - Save part 'xl/theme/theme1.xml'
22:11:39.069 [main] DEBUG - Save part 'xl/workbook.xml'
22:11:39.070 [main] DEBUG - Save part 'xl/worksheets/sheet1.xml'
22:11:39.070 [main] DEBUG - Save part 'xl/worksheets/sheet2.xml'
22:11:39.070 [main] DEBUG - Save part 'xl/worksheets/sheet3.xml'
22:11:39.070 [main] DEBUG - Save part 'xl/worksheets/sheet4.xml'
22:11:39.070 [main] DEBUG - Save part 'xl/worksheets/sheet5.xml'
22:11:39.099 [main] DEBUG - Parsing relationship: /xl/_rels/workbook.xml.rels
22:11:39.099 [main] DEBUG - Parsing relationship: /_rels/.rels
22:11:39.120 [main] DEBUG - Save content types part
22:11:39.121 [main] DEBUG - Save package relationships
22:11:39.123 [main] DEBUG - Save part 'docProps/app.xml'
22:11:39.123 [main] DEBUG - Save part 'docProps/core.xml'
22:11:39.124 [main] DEBUG - Save part 'xl/sharedStrings.xml'
22:11:39.125 [main] DEBUG - Save part 'xl/styles.xml'
22:11:39.125 [main] DEBUG - Save part 'xl/theme/theme1.xml'
22:11:39.125 [main] DEBUG - Save part 'xl/workbook.xml'
22:11:39.126 [main] DEBUG - Save part 'xl/worksheets/sheet1.xml'
22:11:39.126 [main] DEBUG - Save part 'xl/worksheets/sheet2.xml'
22:11:39.126 [main] DEBUG - Save part 'xl/worksheets/sheet3.xml'
22:11:39.126 [main] DEBUG - Save part 'xl/worksheets/sheet4.xml'
22:11:39.127 [main] DEBUG - Save part 'xl/worksheets/sheet5.xml'
22:11:39.157 [main] DEBUG - Parsing relationship: /xl/_rels/workbook.xml.rels
22:11:39.157 [main] DEBUG - Parsing relationship: /_rels/.rels
22:11:39.181 [main] DEBUG - Save content types part
22:11:39.182 [main] DEBUG - Save package relationships
22:11:39.183 [main] DEBUG - Save part 'docProps/app.xml'
22:11:39.183 [main] DEBUG - Save part 'docProps/core.xml'
22:11:39.184 [main] DEBUG - Save part 'xl/sharedStrings.xml'
22:11:39.184 [main] DEBUG - Save part 'xl/styles.xml'
22:11:39.185 [main] DEBUG - Save part 'xl/theme/theme1.xml'
22:11:39.185 [main] DEBUG - Save part 'xl/workbook.xml'
22:11:39.186 [main] DEBUG - Save part 'xl/worksheets/sheet1.xml'
22:11:39.186 [main] DEBUG - Save part 'xl/worksheets/sheet2.xml'
22:11:39.186 [main] DEBUG - Save part 'xl/worksheets/sheet3.xml'
22:11:39.186 [main] DEBUG - Save part 'xl/worksheets/sheet4.xml'
22:11:39.187 [main] DEBUG - Save part 'xl/worksheets/sheet5.xml'
22:11:39.211 [main] DEBUG - Parsing relationship: /xl/_rels/workbook.xml.rels
22:11:39.211 [main] DEBUG - Parsing relationship: /_rels/.rels
22:11:39.229 [main] DEBUG - Save content types part
22:11:39.230 [main] DEBUG - Save package relationships
22:11:39.230 [main] DEBUG - Save part 'docProps/app.xml'
22:11:39.231 [main] DEBUG - Save part 'docProps/core.xml'
22:11:39.231 [main] DEBUG - Save part 'xl/sharedStrings.xml'
22:11:39.232 [main] DEBUG - Save part 'xl/styles.xml'
22:11:39.232 [main] DEBUG - Save part 'xl/theme/theme1.xml'
22:11:39.232 [main] DEBUG - Save part 'xl/workbook.xml'
22:11:39.233 [main] DEBUG - Save part 'xl/worksheets/sheet1.xml'
22:11:39.233 [main] DEBUG - Save part 'xl/worksheets/sheet2.xml'
22:11:39.233 [main] DEBUG - Save part 'xl/worksheets/sheet3.xml'
22:11:39.233 [main] DEBUG - Save part 'xl/worksheets/sheet4.xml'
22:11:39.233 [main] DEBUG - Save part 'xl/worksheets/sheet5.xml'
22:11:39.260 [main] DEBUG - Parsing relationship: /xl/_rels/workbook.xml.rels
22:11:39.261 [main] DEBUG - Parsing relationship: /_rels/.rels
22:11:39.274 [main] DEBUG - Save content types part
22:11:39.276 [main] DEBUG - Save package relationships
22:11:39.276 [main] DEBUG - Save part 'docProps/app.xml'
22:11:39.276 [main] DEBUG - Save part 'docProps/core.xml'
22:11:39.278 [main] DEBUG - Save part 'xl/sharedStrings.xml'
22:11:39.278 [main] DEBUG - Save part 'xl/styles.xml'
22:11:39.279 [main] DEBUG - Save part 'xl/theme/theme1.xml'
22:11:39.279 [main] DEBUG - Save part 'xl/workbook.xml'
22:11:39.280 [main] DEBUG - Save part 'xl/worksheets/sheet1.xml'
22:11:39.280 [main] DEBUG - Save part 'xl/worksheets/sheet2.xml'
22:11:39.280 [main] DEBUG - Save part 'xl/worksheets/sheet3.xml'
22:11:39.280 [main] DEBUG - Save part 'xl/worksheets/sheet4.xml'
22:11:39.280 [main] DEBUG - Save part 'xl/worksheets/sheet5.xml'
22:11:39.314 [main] DEBUG - Parsing relationship: /xl/_rels/workbook.xml.rels
22:11:39.315 [main] DEBUG - Parsing relationship: /_rels/.rels
22:11:39.331 [main] DEBUG - Save content types part
22:11:39.333 [main] DEBUG - Save package relationships
22:11:39.334 [main] DEBUG - Save part 'docProps/app.xml'
22:11:39.334 [main] DEBUG - Save part 'docProps/core.xml'
22:11:39.335 [main] DEBUG - Save part 'xl/sharedStrings.xml'
22:11:39.335 [main] DEBUG - Save part 'xl/styles.xml'
22:11:39.335 [main] DEBUG - Save part 'xl/theme/theme1.xml'
22:11:39.335 [main] DEBUG - Save part 'xl/workbook.xml'
22:11:39.336 [main] DEBUG - Save part 'xl/worksheets/sheet1.xml'
22:11:39.337 [main] DEBUG - Save part 'xl/worksheets/sheet2.xml'
22:11:39.337 [main] DEBUG - Save part 'xl/worksheets/sheet3.xml'
22:11:39.337 [main] DEBUG - Save part 'xl/worksheets/sheet4.xml'
22:11:39.337 [main] DEBUG - Save part 'xl/worksheets/sheet5.xml'
22:11:39.360 [main] DEBUG - Parsing relationship: /xl/_rels/workbook.xml.rels
22:11:39.361 [main] DEBUG - Parsing relationship: /_rels/.rels
22:11:39.375 [main] DEBUG - Save content types part
22:11:39.376 [main] DEBUG - Save package relationships
22:11:39.377 [main] DEBUG - Save part 'docProps/app.xml'
22:11:39.377 [main] DEBUG - Save part 'docProps/core.xml'
22:11:39.378 [main] DEBUG - Save part 'xl/sharedStrings.xml'
22:11:39.378 [main] DEBUG - Save part 'xl/styles.xml'
22:11:39.378 [main] DEBUG - Save part 'xl/theme/theme1.xml'
22:11:39.378 [main] DEBUG - Save part 'xl/workbook.xml'
22:11:39.379 [main] DEBUG - Save part 'xl/worksheets/sheet1.xml'
22:11:39.379 [main] DEBUG - Save part 'xl/worksheets/sheet2.xml'
22:11:39.379 [main] DEBUG - Save part 'xl/worksheets/sheet3.xml'
22:11:39.380 [main] DEBUG - Save part 'xl/worksheets/sheet4.xml'
22:11:39.380 [main] DEBUG - Save part 'xl/worksheets/sheet5.xml'
22:11:39.409 [main] DEBUG - Parsing relationship: /xl/_rels/workbook.xml.rels
22:11:39.409 [main] DEBUG - Parsing relationship: /_rels/.rels
22:11:39.420 [main] DEBUG - Save content types part
22:11:39.421 [main] DEBUG - Save package relationships
22:11:39.422 [main] DEBUG - Save part 'docProps/app.xml'
22:11:39.422 [main] DEBUG - Save part 'docProps/core.xml'
22:11:39.423 [main] DEBUG - Save part 'xl/sharedStrings.xml'
22:11:39.423 [main] DEBUG - Save part 'xl/styles.xml'
22:11:39.423 [main] DEBUG - Save part 'xl/theme/theme1.xml'
22:11:39.423 [main] DEBUG - Save part 'xl/workbook.xml'
22:11:39.424 [main] DEBUG - Save part 'xl/worksheets/sheet1.xml'
22:11:39.424 [main] DEBUG - Save part 'xl/worksheets/sheet2.xml'
22:11:39.424 [main] DEBUG - Save part 'xl/worksheets/sheet3.xml'
22:11:39.425 [main] DEBUG - Save part 'xl/worksheets/sheet4.xml'
22:11:39.425 [main] DEBUG - Save part 'xl/worksheets/sheet5.xml'
22:11:39.453 [main] DEBUG - Parsing relationship: /xl/_rels/workbook.xml.rels
22:11:39.453 [main] DEBUG - Parsing relationship: /_rels/.rels
22:11:39.466 [main] DEBUG - Save content types part
22:11:39.467 [main] DEBUG - Save package relationships
22:11:39.468 [main] DEBUG - Save part 'docProps/app.xml'
22:11:39.468 [main] DEBUG - Save part 'docProps/core.xml'
22:11:39.469 [main] DEBUG - Save part 'xl/sharedStrings.xml'
22:11:39.469 [main] DEBUG - Save part 'xl/styles.xml'
22:11:39.469 [main] DEBUG - Save part 'xl/theme/theme1.xml'
22:11:39.469 [main] DEBUG - Save part 'xl/workbook.xml'
22:11:39.470 [main] DEBUG - Save part 'xl/worksheets/sheet1.xml'
22:11:39.470 [main] DEBUG - Save part 'xl/worksheets/sheet2.xml'
22:11:39.471 [main] DEBUG - Save part 'xl/worksheets/sheet3.xml'
22:11:39.471 [main] DEBUG - Save part 'xl/worksheets/sheet4.xml'
22:11:39.471 [main] DEBUG - Save part 'xl/worksheets/sheet5.xml'
22:11:39.498 [main] DEBUG - Parsing relationship: /xl/_rels/workbook.xml.rels
22:11:39.498 [main] DEBUG - Parsing relationship: /_rels/.rels
22:11:39.510 [main] DEBUG - Save content types part
22:11:39.511 [main] DEBUG - Save package relationships
22:11:39.512 [main] DEBUG - Save part 'docProps/app.xml'
22:11:39.512 [main] DEBUG - Save part 'docProps/core.xml'
22:11:39.512 [main] DEBUG - Save part 'xl/sharedStrings.xml'
22:11:39.513 [main] DEBUG - Save part 'xl/styles.xml'
22:11:39.513 [main] DEBUG - Save part 'xl/theme/theme1.xml'
22:11:39.513 [main] DEBUG - Save part 'xl/workbook.xml'
22:11:39.514 [main] DEBUG - Save part 'xl/worksheets/sheet1.xml'
22:11:39.514 [main] DEBUG - Save part 'xl/worksheets/sheet2.xml'
22:11:39.514 [main] DEBUG - Save part 'xl/worksheets/sheet3.xml'
22:11:39.514 [main] DEBUG - Save part 'xl/worksheets/sheet4.xml'
22:11:39.514 [main] DEBUG - Save part 'xl/worksheets/sheet5.xml'
22:11:39.542 [main] DEBUG - Parsing relationship: /xl/_rels/workbook.xml.rels
22:11:39.542 [main] DEBUG - Parsing relationship: /_rels/.rels
22:11:39.553 [main] DEBUG - Save content types part
22:11:39.553 [main] DEBUG - Save package relationships
22:11:39.554 [main] DEBUG - Save part 'docProps/app.xml'
22:11:39.554 [main] DEBUG - Save part 'docProps/core.xml'
22:11:39.555 [main] DEBUG - Save part 'xl/sharedStrings.xml'
22:11:39.555 [main] DEBUG - Save part 'xl/styles.xml'
22:11:39.556 [main] DEBUG - Save part 'xl/theme/theme1.xml'
22:11:39.556 [main] DEBUG - Save part 'xl/workbook.xml'
22:11:39.556 [main] DEBUG - Save part 'xl/worksheets/sheet1.xml'
22:11:39.557 [main] DEBUG - Save part 'xl/worksheets/sheet2.xml'
22:11:39.557 [main] DEBUG - Save part 'xl/worksheets/sheet3.xml'
22:11:39.557 [main] DEBUG - Save part 'xl/worksheets/sheet4.xml'
22:11:39.557 [main] DEBUG - Save part 'xl/worksheets/sheet5.xml'
22:11:39.603 [main] DEBUG - Parsing relationship: /xl/_rels/workbook.xml.rels
22:11:39.604 [main] DEBUG - Parsing relationship: /_rels/.rels
22:11:39.617 [main] DEBUG - Save content types part
22:11:39.618 [main] DEBUG - Save package relationships
22:11:39.619 [main] DEBUG - Save part 'docProps/app.xml'
22:11:39.619 [main] DEBUG - Save part 'docProps/core.xml'
22:11:39.620 [main] DEBUG - Save part 'xl/sharedStrings.xml'
22:11:39.620 [main] DEBUG - Save part 'xl/styles.xml'
22:11:39.620 [main] DEBUG - Save part 'xl/theme/theme1.xml'
22:11:39.620 [main] DEBUG - Save part 'xl/workbook.xml'
22:11:39.621 [main] DEBUG - Save part 'xl/worksheets/sheet1.xml'
22:11:39.621 [main] DEBUG - Save part 'xl/worksheets/sheet2.xml'
22:11:39.621 [main] DEBUG - Save part 'xl/worksheets/sheet3.xml'
22:11:39.622 [main] DEBUG - Save part 'xl/worksheets/sheet4.xml'
22:11:39.622 [main] DEBUG - Save part 'xl/worksheets/sheet5.xml'
22:11:39.650 [main] DEBUG - Parsing relationship: /xl/_rels/workbook.xml.rels
22:11:39.651 [main] DEBUG - Parsing relationship: /_rels/.rels
22:11:39.663 [main] DEBUG - Save content types part
22:11:39.664 [main] DEBUG - Save package relationships
22:11:39.665 [main] DEBUG - Save part 'docProps/app.xml'
22:11:39.665 [main] DEBUG - Save part 'docProps/core.xml'
22:11:39.665 [main] DEBUG - Save part 'xl/sharedStrings.xml'
22:11:39.666 [main] DEBUG - Save part 'xl/styles.xml'
22:11:39.666 [main] DEBUG - Save part 'xl/theme/theme1.xml'
22:11:39.666 [main] DEBUG - Save part 'xl/workbook.xml'
22:11:39.667 [main] DEBUG - Save part 'xl/worksheets/sheet1.xml'
22:11:39.667 [main] DEBUG - Save part 'xl/worksheets/sheet2.xml'
22:11:39.667 [main] DEBUG - Save part 'xl/worksheets/sheet3.xml'
22:11:39.667 [main] DEBUG - Save part 'xl/worksheets/sheet4.xml'
22:11:39.667 [main] DEBUG - Save part 'xl/worksheets/sheet5.xml'
22:11:39.696 [main] DEBUG - Parsing relationship: /xl/_rels/workbook.xml.rels
22:11:39.696 [main] DEBUG - Parsing relationship: /_rels/.rels
22:11:39.709 [main] DEBUG - Save content types part
22:11:39.710 [main] DEBUG - Save package relationships
22:11:39.711 [main] DEBUG - Save part 'docProps/app.xml'
22:11:39.711 [main] DEBUG - Save part 'docProps/core.xml'
22:11:39.712 [main] DEBUG - Save part 'xl/sharedStrings.xml'
22:11:39.712 [main] DEBUG - Save part 'xl/styles.xml'
22:11:39.712 [main] DEBUG - Save part 'xl/theme/theme1.xml'
22:11:39.712 [main] DEBUG - Save part 'xl/workbook.xml'
22:11:39.713 [main] DEBUG - Save part 'xl/worksheets/sheet1.xml'
22:11:39.713 [main] DEBUG - Save part 'xl/worksheets/sheet2.xml'
22:11:39.713 [main] DEBUG - Save part 'xl/worksheets/sheet3.xml'
22:11:39.713 [main] DEBUG - Save part 'xl/worksheets/sheet4.xml'
22:11:39.713 [main] DEBUG - Save part 'xl/worksheets/sheet5.xml'
22:11:39.737 [main] DEBUG - Parsing relationship: /xl/_rels/workbook.xml.rels
22:11:39.737 [main] DEBUG - Parsing relationship: /_rels/.rels
22:11:39.748 [main] DEBUG - Save content types part
22:11:39.748 [main] DEBUG - Save package relationships
22:11:39.749 [main] DEBUG - Save part 'docProps/app.xml'
22:11:39.749 [main] DEBUG - Save part 'docProps/core.xml'
22:11:39.749 [main] DEBUG - Save part 'xl/sharedStrings.xml'
22:11:39.750 [main] DEBUG - Save part 'xl/styles.xml'
22:11:39.750 [main] DEBUG - Save part 'xl/theme/theme1.xml'
22:11:39.750 [main] DEBUG - Save part 'xl/workbook.xml'
22:11:39.750 [main] DEBUG - Save part 'xl/worksheets/sheet1.xml'
22:11:39.751 [main] DEBUG - Save part 'xl/worksheets/sheet2.xml'
22:11:39.751 [main] DEBUG - Save part 'xl/worksheets/sheet3.xml'
22:11:39.751 [main] DEBUG - Save part 'xl/worksheets/sheet4.xml'
22:11:39.751 [main] DEBUG - Save part 'xl/worksheets/sheet5.xml'
22:11:39.781 [main] DEBUG - Parsing relationship: /xl/_rels/workbook.xml.rels
22:11:39.782 [main] DEBUG - Parsing relationship: /_rels/.rels
22:11:39.800 [main] DEBUG - Save content types part
22:11:39.801 [main] DEBUG - Save package relationships
22:11:39.802 [main] DEBUG - Save part 'docProps/app.xml'
22:11:39.802 [main] DEBUG - Save part 'docProps/core.xml'
22:11:39.803 [main] DEBUG - Save part 'xl/sharedStrings.xml'
22:11:39.803 [main] DEBUG - Save part 'xl/styles.xml'
22:11:39.803 [main] DEBUG - Save part 'xl/theme/theme1.xml'
22:11:39.804 [main] DEBUG - Save part 'xl/workbook.xml'
22:11:39.805 [main] DEBUG - Save part 'xl/worksheets/sheet1.xml'
22:11:39.805 [main] DEBUG - Save part 'xl/worksheets/sheet2.xml'
22:11:39.805 [main] DEBUG - Save part 'xl/worksheets/sheet3.xml'
22:11:39.805 [main] DEBUG - Save part 'xl/worksheets/sheet4.xml'
22:11:39.805 [main] DEBUG - Save part 'xl/worksheets/sheet5.xml'
22:11:39.832 [main] DEBUG - Parsing relationship: /xl/_rels/workbook.xml.rels
22:11:39.833 [main] DEBUG - Parsing relationship: /_rels/.rels
22:11:39.845 [main] DEBUG - Save content types part
22:11:39.846 [main] DEBUG - Save package relationships
22:11:39.847 [main] DEBUG - Save part 'docProps/app.xml'
22:11:39.847 [main] DEBUG - Save part 'docProps/core.xml'
22:11:39.848 [main] DEBUG - Save part 'xl/sharedStrings.xml'
22:11:39.848 [main] DEBUG - Save part 'xl/styles.xml'
22:11:39.848 [main] DEBUG - Save part 'xl/theme/theme1.xml'
22:11:39.848 [main] DEBUG - Save part 'xl/workbook.xml'
22:11:39.849 [main] DEBUG - Save part 'xl/worksheets/sheet1.xml'
22:11:39.849 [main] DEBUG - Save part 'xl/worksheets/sheet2.xml'
22:11:39.849 [main] DEBUG - Save part 'xl/worksheets/sheet3.xml'
22:11:39.850 [main] DEBUG - Save part 'xl/worksheets/sheet4.xml'
22:11:39.850 [main] DEBUG - Save part 'xl/worksheets/sheet5.xml'
22:11:39.877 [main] DEBUG - Parsing relationship: /xl/_rels/workbook.xml.rels
22:11:39.878 [main] DEBUG - Parsing relationship: /_rels/.rels
22:11:39.903 [main] DEBUG - Save content types part
22:11:39.904 [main] DEBUG - Save package relationships
22:11:39.905 [main] DEBUG - Save part 'docProps/app.xml'
22:11:39.905 [main] DEBUG - Save part 'docProps/core.xml'
22:11:39.906 [main] DEBUG - Save part 'xl/sharedStrings.xml'
22:11:39.906 [main] DEBUG - Save part 'xl/styles.xml'
22:11:39.906 [main] DEBUG - Save part 'xl/theme/theme1.xml'
22:11:39.907 [main] DEBUG - Save part 'xl/workbook.xml'
22:11:39.907 [main] DEBUG - Save part 'xl/worksheets/sheet1.xml'
22:11:39.907 [main] DEBUG - Save part 'xl/worksheets/sheet2.xml'
22:11:39.908 [main] DEBUG - Save part 'xl/worksheets/sheet3.xml'
22:11:39.908 [main] DEBUG - Save part 'xl/worksheets/sheet4.xml'
22:11:39.908 [main] DEBUG - Save part 'xl/worksheets/sheet5.xml'
22:11:39.943 [main] DEBUG - Parsing relationship: /xl/_rels/workbook.xml.rels
22:11:39.944 [main] DEBUG - Parsing relationship: /_rels/.rels
22:11:39.959 [main] DEBUG - Save content types part
22:11:39.960 [main] DEBUG - Save package relationships
22:11:39.961 [main] DEBUG - Save part 'docProps/app.xml'
22:11:39.961 [main] DEBUG - Save part 'docProps/core.xml'
22:11:39.962 [main] DEBUG - Save part 'xl/sharedStrings.xml'
22:11:39.963 [main] DEBUG - Save part 'xl/styles.xml'
22:11:39.964 [main] DEBUG - Save part 'xl/theme/theme1.xml'
22:11:39.964 [main] DEBUG - Save part 'xl/workbook.xml'
22:11:39.965 [main] DEBUG - Save part 'xl/worksheets/sheet1.xml'
22:11:39.965 [main] DEBUG - Save part 'xl/worksheets/sheet2.xml'
22:11:39.965 [main] DEBUG - Save part 'xl/worksheets/sheet3.xml'
22:11:39.965 [main] DEBUG - Save part 'xl/worksheets/sheet4.xml'
22:11:39.965 [main] DEBUG - Save part 'xl/worksheets/sheet5.xml'
22:11:39.994 [main] DEBUG - Parsing relationship: /xl/_rels/workbook.xml.rels
22:11:39.995 [main] DEBUG - Parsing relationship: /_rels/.rels
22:11:40.010 [main] DEBUG - Save content types part
22:11:40.012 [main] DEBUG - Save package relationships
22:11:40.012 [main] DEBUG - Save part 'docProps/app.xml'
22:11:40.013 [main] DEBUG - Save part 'docProps/core.xml'
22:11:40.013 [main] DEBUG - Save part 'xl/sharedStrings.xml'
22:11:40.014 [main] DEBUG - Save part 'xl/styles.xml'
22:11:40.014 [main] DEBUG - Save part 'xl/theme/theme1.xml'
22:11:40.014 [main] DEBUG - Save part 'xl/workbook.xml'
22:11:40.015 [main] DEBUG - Save part 'xl/worksheets/sheet1.xml'
22:11:40.016 [main] DEBUG - Save part 'xl/worksheets/sheet2.xml'
22:11:40.016 [main] DEBUG - Save part 'xl/worksheets/sheet3.xml'
22:11:40.016 [main] DEBUG - Save part 'xl/worksheets/sheet4.xml'
22:11:40.016 [main] DEBUG - Save part 'xl/worksheets/sheet5.xml'
22:11:40.041 [main] DEBUG - Parsing relationship: /xl/_rels/workbook.xml.rels
22:11:40.042 [main] DEBUG - Parsing relationship: /_rels/.rels
22:11:40.053 [main] DEBUG - Save content types part
22:11:40.054 [main] DEBUG - Save package relationships
22:11:40.054 [main] DEBUG - Save part 'docProps/app.xml'
22:11:40.055 [main] DEBUG - Save part 'docProps/core.xml'
22:11:40.056 [main] DEBUG - Save part 'xl/sharedStrings.xml'
22:11:40.056 [main] DEBUG - Save part 'xl/styles.xml'
22:11:40.056 [main] DEBUG - Save part 'xl/theme/theme1.xml'
22:11:40.057 [main] DEBUG - Save part 'xl/workbook.xml'
22:11:40.057 [main] DEBUG - Save part 'xl/worksheets/sheet1.xml'
22:11:40.058 [main] DEBUG - Save part 'xl/worksheets/sheet2.xml'
22:11:40.058 [main] DEBUG - Save part 'xl/worksheets/sheet3.xml'
22:11:40.058 [main] DEBUG - Save part 'xl/worksheets/sheet4.xml'
22:11:40.058 [main] DEBUG - Save part 'xl/worksheets/sheet5.xml'
22:11:40.084 [main] DEBUG - Parsing relationship: /xl/_rels/workbook.xml.rels
22:11:40.085 [main] DEBUG - Parsing relationship: /_rels/.rels
22:11:40.105 [main] DEBUG - Save content types part
22:11:40.107 [main] DEBUG - Save package relationships
22:11:40.108 [main] DEBUG - Save part 'docProps/app.xml'
22:11:40.108 [main] DEBUG - Save part 'docProps/core.xml'
22:11:40.109 [main] DEBUG - Save part 'xl/sharedStrings.xml'
22:11:40.109 [main] DEBUG - Save part 'xl/styles.xml'
22:11:40.110 [main] DEBUG - Save part 'xl/theme/theme1.xml'
22:11:40.110 [main] DEBUG - Save part 'xl/workbook.xml'
22:11:40.111 [main] DEBUG - Save part 'xl/worksheets/sheet1.xml'
22:11:40.111 [main] DEBUG - Save part 'xl/worksheets/sheet2.xml'
22:11:40.112 [main] DEBUG - Save part 'xl/worksheets/sheet3.xml'
22:11:40.112 [main] DEBUG - Save part 'xl/worksheets/sheet4.xml'
22:11:40.112 [main] DEBUG - Save part 'xl/worksheets/sheet5.xml'
22:11:49.916 [main] DEBUG - Parsing relationship: /xl/_rels/workbook.xml.rels
22:11:49.917 [main] DEBUG - Parsing relationship: /_rels/.rels
22:11:49.940 [main] DEBUG - Parsing relationship: /xl/_rels/workbook.xml.rels
22:11:49.940 [main] DEBUG - Parsing relationship: /_rels/.rels
22:11:49.953 [main] DEBUG - Parsing relationship: /xl/_rels/workbook.xml.rels
22:11:49.954 [main] DEBUG - Parsing relationship: /_rels/.rels
22:11:49.965 [main] DEBUG - Parsing relationship: /xl/_rels/workbook.xml.rels
22:11:49.965 [main] DEBUG - Parsing relationship: /_rels/.rels
22:11:49.977 [main] DEBUG - Parsing relationship: /xl/_rels/workbook.xml.rels
22:11:49.977 [main] DEBUG - Parsing relationship: /_rels/.rels
22:11:49.992 [main] DEBUG - Parsing relationship: /xl/_rels/workbook.xml.rels
22:11:49.992 [main] DEBUG - Parsing relationship: /_rels/.rels
22:11:50.005 [main] DEBUG - Parsing relationship: /xl/_rels/workbook.xml.rels
22:11:50.006 [main] DEBUG - Parsing relationship: /_rels/.rels
22:11:50.032 [main] DEBUG - Parsing relationship: /xl/_rels/workbook.xml.rels
22:11:50.033 [main] DEBUG - Parsing relationship: /_rels/.rels
22:11:50.056 [main] DEBUG - Parsing relationship: /xl/_rels/workbook.xml.rels
22:11:50.056 [main] DEBUG - Parsing relationship: /_rels/.rels
22:11:50.073 [main] DEBUG - Parsing relationship: /xl/_rels/workbook.xml.rels
22:11:50.073 [main] DEBUG - Parsing relationship: /_rels/.rels
22:11:50.091 [main] DEBUG - Parsing relationship: /xl/_rels/workbook.xml.rels
22:11:50.092 [main] DEBUG - Parsing relationship: /_rels/.rels
22:11:50.102 [main] DEBUG - Parsing relationship: /xl/_rels/workbook.xml.rels
22:11:50.103 [main] DEBUG - Parsing relationship: /_rels/.rels
22:11:50.112 [main] DEBUG - Parsing relationship: /xl/_rels/workbook.xml.rels
22:11:50.112 [main] DEBUG - Parsing relationship: /_rels/.rels
22:11:50.122 [main] DEBUG - Parsing relationship: /xl/_rels/workbook.xml.rels
22:11:50.122 [main] DEBUG - Parsing relationship: /_rels/.rels
22:13:46.855 [main] DEBUG - Parsing relationship: /xl/_rels/workbook.xml.rels
22:13:46.857 [main] DEBUG - Parsing relationship: /_rels/.rels
22:13:46.874 [main] DEBUG - Save content types part
22:13:46.875 [main] DEBUG - Save package relationships
22:13:46.876 [main] DEBUG - Save part 'docProps/app.xml'
22:13:46.877 [main] DEBUG - Save part 'docProps/core.xml'
22:13:46.878 [main] DEBUG - Save part 'xl/sharedStrings.xml'
22:13:46.878 [main] DEBUG - Save part 'xl/styles.xml'
22:13:46.878 [main] DEBUG - Save part 'xl/theme/theme1.xml'
22:13:46.879 [main] DEBUG - Save part 'xl/workbook.xml'
22:13:46.880 [main] DEBUG - Save part 'xl/worksheets/sheet1.xml'
22:13:46.881 [main] DEBUG - Save part 'xl/worksheets/sheet2.xml'
22:13:46.881 [main] DEBUG - Save part 'xl/worksheets/sheet3.xml'
22:13:46.881 [main] DEBUG - Save part 'xl/worksheets/sheet4.xml'
22:13:46.881 [main] DEBUG - Save part 'xl/worksheets/sheet5.xml'
22:13:46.914 [main] DEBUG - Parsing relationship: /xl/_rels/workbook.xml.rels
22:13:46.915 [main] DEBUG - Parsing relationship: /_rels/.rels
22:13:46.928 [main] DEBUG - Save content types part
22:13:46.930 [main] DEBUG - Save package relationships
22:13:46.930 [main] DEBUG - Save part 'docProps/app.xml'
22:13:46.930 [main] DEBUG - Save part 'docProps/core.xml'
22:13:46.931 [main] DEBUG - Save part 'xl/sharedStrings.xml'
22:13:46.931 [main] DEBUG - Save part 'xl/styles.xml'
22:13:46.932 [main] DEBUG - Save part 'xl/theme/theme1.xml'
22:13:46.932 [main] DEBUG - Save part 'xl/workbook.xml'
22:13:46.933 [main] DEBUG - Save part 'xl/worksheets/sheet1.xml'
22:13:46.933 [main] DEBUG - Save part 'xl/worksheets/sheet2.xml'
22:13:46.933 [main] DEBUG - Save part 'xl/worksheets/sheet3.xml'
22:13:46.933 [main] DEBUG - Save part 'xl/worksheets/sheet4.xml'
22:13:46.933 [main] DEBUG - Save part 'xl/worksheets/sheet5.xml'
22:13:46.975 [main] DEBUG - Parsing relationship: /xl/_rels/workbook.xml.rels
22:13:46.976 [main] DEBUG - Parsing relationship: /_rels/.rels
22:13:46.999 [main] DEBUG - Save content types part
22:13:47.000 [main] DEBUG - Save package relationships
22:13:47.001 [main] DEBUG - Save part 'docProps/app.xml'
22:13:47.001 [main] DEBUG - Save part 'docProps/core.xml'
22:13:47.003 [main] DEBUG - Save part 'xl/sharedStrings.xml'
22:13:47.003 [main] DEBUG - Save part 'xl/styles.xml'
22:13:47.003 [main] DEBUG - Save part 'xl/theme/theme1.xml'
22:13:47.003 [main] DEBUG - Save part 'xl/workbook.xml'
22:13:47.004 [main] DEBUG - Save part 'xl/worksheets/sheet1.xml'
22:13:47.004 [main] DEBUG - Save part 'xl/worksheets/sheet2.xml'
22:13:47.005 [main] DEBUG - Save part 'xl/worksheets/sheet3.xml'
22:13:47.005 [main] DEBUG - Save part 'xl/worksheets/sheet4.xml'
22:13:47.005 [main] DEBUG - Save part 'xl/worksheets/sheet5.xml'
22:13:47.104 [main] DEBUG - Parsing relationship: /xl/_rels/workbook.xml.rels
22:13:47.106 [main] DEBUG - Parsing relationship: /_rels/.rels
22:13:47.129 [main] DEBUG - Save content types part
22:13:47.130 [main] DEBUG - Save package relationships
22:13:47.131 [main] DEBUG - Save part 'docProps/app.xml'
22:13:47.131 [main] DEBUG - Save part 'docProps/core.xml'
22:13:47.132 [main] DEBUG - Save part 'xl/sharedStrings.xml'
22:13:47.133 [main] DEBUG - Save part 'xl/styles.xml'
22:13:47.133 [main] DEBUG - Save part 'xl/theme/theme1.xml'
22:13:47.133 [main] DEBUG - Save part 'xl/workbook.xml'
22:13:47.134 [main] DEBUG - Save part 'xl/worksheets/sheet1.xml'
22:13:47.134 [main] DEBUG - Save part 'xl/worksheets/sheet2.xml'
22:13:47.135 [main] DEBUG - Save part 'xl/worksheets/sheet3.xml'
22:13:47.135 [main] DEBUG - Save part 'xl/worksheets/sheet4.xml'
22:13:47.135 [main] DEBUG - Save part 'xl/worksheets/sheet5.xml'
22:13:47.166 [main] DEBUG - Parsing relationship: /xl/_rels/workbook.xml.rels
22:13:47.167 [main] DEBUG - Parsing relationship: /_rels/.rels
22:13:47.194 [main] DEBUG - Save content types part
22:13:47.195 [main] DEBUG - Save package relationships
22:13:47.197 [main] DEBUG - Save part 'docProps/app.xml'
22:13:47.198 [main] DEBUG - Save part 'docProps/core.xml'
22:13:47.201 [main] DEBUG - Save part 'xl/sharedStrings.xml'
22:13:47.201 [main] DEBUG - Save part 'xl/styles.xml'
22:13:47.202 [main] DEBUG - Save part 'xl/theme/theme1.xml'
22:13:47.202 [main] DEBUG - Save part 'xl/workbook.xml'
22:13:47.204 [main] DEBUG - Save part 'xl/worksheets/sheet1.xml'
22:13:47.205 [main] DEBUG - Save part 'xl/worksheets/sheet2.xml'
22:13:47.205 [main] DEBUG - Save part 'xl/worksheets/sheet3.xml'
22:13:47.205 [main] DEBUG - Save part 'xl/worksheets/sheet4.xml'
22:13:47.206 [main] DEBUG - Save part 'xl/worksheets/sheet5.xml'
22:13:47.260 [main] DEBUG - Parsing relationship: /xl/_rels/workbook.xml.rels
22:13:47.260 [main] DEBUG - Parsing relationship: /_rels/.rels
22:13:47.275 [main] DEBUG - Save content types part
22:13:47.277 [main] DEBUG - Save package relationships
22:13:47.278 [main] DEBUG - Save part 'docProps/app.xml'
22:13:47.278 [main] DEBUG - Save part 'docProps/core.xml'
22:13:47.279 [main] DEBUG - Save part 'xl/sharedStrings.xml'
22:13:47.280 [main] DEBUG - Save part 'xl/styles.xml'
22:13:47.280 [main] DEBUG - Save part 'xl/theme/theme1.xml'
22:13:47.280 [main] DEBUG - Save part 'xl/workbook.xml'
22:13:47.281 [main] DEBUG - Save part 'xl/worksheets/sheet1.xml'
22:13:47.281 [main] DEBUG - Save part 'xl/worksheets/sheet2.xml'
