18:38:21.303 [main] DEBUG - Save part 'xl/worksheets/sheet4.xml'
18:38:21.307 [main] DEBUG - Save part 'xl/worksheets/sheet5.xml'
18:38:21.307 [main] DEBUG - Save part 'xl/worksheets/sheet6.xml'
18:38:21.308 [main] DEBUG - Save part 'xl/worksheets/sheet7.xml'
18:38:21.308 [main] DEBUG - Save part 'xl/worksheets/sheet8.xml'
18:38:21.308 [main] DEBUG - Save part 'xl/worksheets/sheet9.xml'
18:38:21.323 [main] DEBUG - Parsing relationship: /xl/_rels/workbook.xml.rels
18:38:21.324 [main] DEBUG - Parsing relationship: /xl/worksheets/_rels/sheet6.xml.rels
18:38:21.324 [main] DEBUG - Parsing relationship: /_rels/.rels
18:38:21.334 [main] DEBUG - using default POIXMLDocumentPart for http://schemas.openxmlformats.org/officeDocument/2006/relationships/printerSettings
18:38:21.342 [main] DEBUG - Save content types part
18:38:21.343 [main] DEBUG - Save package relationships
18:38:21.343 [main] DEBUG - Save part 'docProps/app.xml'
18:38:21.343 [main] DEBUG - Save part 'docProps/core.xml'
18:38:21.343 [main] DEBUG - Save part 'xl/printerSettings/printerSettings1.bin'
18:38:21.344 [main] DEBUG - Save part 'xl/sharedStrings.xml'
18:38:21.344 [main] DEBUG - Save part 'xl/styles.xml'
18:38:21.344 [main] DEBUG - Save part 'xl/theme/theme1.xml'
18:38:21.344 [main] DEBUG - Save part 'xl/workbook.xml'
18:38:21.345 [main] DEBUG - Save part 'xl/worksheets/sheet1.xml'
18:38:21.345 [main] DEBUG - Save part 'xl/worksheets/sheet2.xml'
18:38:21.345 [main] DEBUG - Save part 'xl/worksheets/sheet3.xml'
18:38:21.345 [main] DEBUG - Save part 'xl/worksheets/sheet4.xml'
18:38:21.345 [main] DEBUG - Save part 'xl/worksheets/sheet5.xml'
18:38:21.345 [main] DEBUG - Save part 'xl/worksheets/sheet6.xml'
18:38:21.345 [main] DEBUG - Save part 'xl/worksheets/sheet7.xml'
18:38:21.345 [main] DEBUG - Save part 'xl/worksheets/sheet8.xml'
18:38:21.346 [main] DEBUG - Save part 'xl/worksheets/sheet9.xml'
18:38:21.361 [main] DEBUG - Parsing relationship: /xl/_rels/workbook.xml.rels
18:38:21.361 [main] DEBUG - Parsing relationship: /xl/worksheets/_rels/sheet6.xml.rels
18:38:21.361 [main] DEBUG - Parsing relationship: /_rels/.rels
18:38:21.366 [main] DEBUG - using default POIXMLDocumentPart for http://schemas.openxmlformats.org/officeDocument/2006/relationships/printerSettings
18:38:21.376 [main] DEBUG - Save content types part
18:38:21.376 [main] DEBUG - Save package relationships
18:38:21.376 [main] DEBUG - Save part 'docProps/app.xml'
18:38:21.376 [main] DEBUG - Save part 'docProps/core.xml'
18:38:21.377 [main] DEBUG - Save part 'xl/printerSettings/printerSettings1.bin'
18:38:21.377 [main] DEBUG - Save part 'xl/sharedStrings.xml'
18:38:21.377 [main] DEBUG - Save part 'xl/styles.xml'
18:38:21.377 [main] DEBUG - Save part 'xl/theme/theme1.xml'
18:38:21.378 [main] DEBUG - Save part 'xl/workbook.xml'
18:38:21.378 [main] DEBUG - Save part 'xl/worksheets/sheet1.xml'
18:38:21.378 [main] DEBUG - Save part 'xl/worksheets/sheet2.xml'
18:38:21.378 [main] DEBUG - Save part 'xl/worksheets/sheet3.xml'
18:38:21.378 [main] DEBUG - Save part 'xl/worksheets/sheet4.xml'
18:38:21.378 [main] DEBUG - Save part 'xl/worksheets/sheet5.xml'
18:38:21.378 [main] DEBUG - Save part 'xl/worksheets/sheet6.xml'
18:38:21.379 [main] DEBUG - Save part 'xl/worksheets/sheet7.xml'
18:38:21.379 [main] DEBUG - Save part 'xl/worksheets/sheet8.xml'
18:38:21.379 [main] DEBUG - Save part 'xl/worksheets/sheet9.xml'
18:38:21.405 [main] DEBUG - Parsing relationship: /xl/_rels/workbook.xml.rels
18:38:21.405 [main] DEBUG - Parsing relationship: /xl/worksheets/_rels/sheet6.xml.rels
18:38:21.405 [main] DEBUG - Parsing relationship: /_rels/.rels
18:38:21.408 [main] DEBUG - using default POIXMLDocumentPart for http://schemas.openxmlformats.org/officeDocument/2006/relationships/printerSettings
18:38:21.421 [main] DEBUG - Save content types part
18:38:21.421 [main] DEBUG - Save package relationships
18:38:21.422 [main] DEBUG - Save part 'docProps/app.xml'
18:38:21.422 [main] DEBUG - Save part 'docProps/core.xml'
18:38:21.422 [main] DEBUG - Save part 'xl/printerSettings/printerSettings1.bin'
18:38:21.422 [main] DEBUG - Save part 'xl/sharedStrings.xml'
18:38:21.423 [main] DEBUG - Save part 'xl/styles.xml'
18:38:21.423 [main] DEBUG - Save part 'xl/theme/theme1.xml'
18:38:21.423 [main] DEBUG - Save part 'xl/workbook.xml'
18:38:21.423 [main] DEBUG - Save part 'xl/worksheets/sheet1.xml'
18:38:21.424 [main] DEBUG - Save part 'xl/worksheets/sheet2.xml'
18:38:21.424 [main] DEBUG - Save part 'xl/worksheets/sheet3.xml'
18:38:21.424 [main] DEBUG - Save part 'xl/worksheets/sheet4.xml'
18:38:21.424 [main] DEBUG - Save part 'xl/worksheets/sheet5.xml'
18:38:21.424 [main] DEBUG - Save part 'xl/worksheets/sheet6.xml'
18:38:21.424 [main] DEBUG - Save part 'xl/worksheets/sheet7.xml'
18:38:21.424 [main] DEBUG - Save part 'xl/worksheets/sheet8.xml'
18:38:21.424 [main] DEBUG - Save part 'xl/worksheets/sheet9.xml'
18:38:21.449 [main] DEBUG - Parsing relationship: /xl/_rels/workbook.xml.rels
18:38:21.449 [main] DEBUG - Parsing relationship: /xl/worksheets/_rels/sheet6.xml.rels
18:38:21.449 [main] DEBUG - Parsing relationship: /_rels/.rels
18:38:21.452 [main] DEBUG - using default POIXMLDocumentPart for http://schemas.openxmlformats.org/officeDocument/2006/relationships/printerSettings
18:38:21.460 [main] DEBUG - Save content types part
18:38:21.461 [main] DEBUG - Save package relationships
18:38:21.461 [main] DEBUG - Save part 'docProps/app.xml'
18:38:21.461 [main] DEBUG - Save part 'docProps/core.xml'
18:38:21.462 [main] DEBUG - Save part 'xl/printerSettings/printerSettings1.bin'
18:38:21.462 [main] DEBUG - Save part 'xl/sharedStrings.xml'
18:38:21.462 [main] DEBUG - Save part 'xl/styles.xml'
18:38:21.462 [main] DEBUG - Save part 'xl/theme/theme1.xml'
18:38:21.463 [main] DEBUG - Save part 'xl/workbook.xml'
18:38:21.463 [main] DEBUG - Save part 'xl/worksheets/sheet1.xml'
18:38:21.463 [main] DEBUG - Save part 'xl/worksheets/sheet2.xml'
18:38:21.463 [main] DEBUG - Save part 'xl/worksheets/sheet3.xml'
18:38:21.463 [main] DEBUG - Save part 'xl/worksheets/sheet4.xml'
18:38:21.463 [main] DEBUG - Save part 'xl/worksheets/sheet5.xml'
18:38:21.463 [main] DEBUG - Save part 'xl/worksheets/sheet6.xml'
18:38:21.464 [main] DEBUG - Save part 'xl/worksheets/sheet7.xml'
18:38:21.464 [main] DEBUG - Save part 'xl/worksheets/sheet8.xml'
18:38:21.465 [main] DEBUG - Save part 'xl/worksheets/sheet9.xml'
18:38:21.490 [main] DEBUG - Parsing relationship: /xl/_rels/workbook.xml.rels
18:38:21.490 [main] DEBUG - Parsing relationship: /xl/worksheets/_rels/sheet6.xml.rels
18:38:21.490 [main] DEBUG - Parsing relationship: /_rels/.rels
18:38:21.496 [main] DEBUG - using default POIXMLDocumentPart for http://schemas.openxmlformats.org/officeDocument/2006/relationships/printerSettings
18:38:21.507 [main] DEBUG - Save content types part
18:38:21.507 [main] DEBUG - Save package relationships
18:38:21.508 [main] DEBUG - Save part 'docProps/app.xml'
18:38:21.508 [main] DEBUG - Save part 'docProps/core.xml'
18:38:21.508 [main] DEBUG - Save part 'xl/printerSettings/printerSettings1.bin'
18:38:21.508 [main] DEBUG - Save part 'xl/sharedStrings.xml'
18:38:21.509 [main] DEBUG - Save part 'xl/styles.xml'
18:38:21.509 [main] DEBUG - Save part 'xl/theme/theme1.xml'
18:38:21.509 [main] DEBUG - Save part 'xl/workbook.xml'
18:38:21.510 [main] DEBUG - Save part 'xl/worksheets/sheet1.xml'
18:38:21.510 [main] DEBUG - Save part 'xl/worksheets/sheet2.xml'
18:38:21.510 [main] DEBUG - Save part 'xl/worksheets/sheet3.xml'
18:38:21.510 [main] DEBUG - Save part 'xl/worksheets/sheet4.xml'
18:38:21.510 [main] DEBUG - Save part 'xl/worksheets/sheet5.xml'
18:38:21.510 [main] DEBUG - Save part 'xl/worksheets/sheet6.xml'
18:38:21.511 [main] DEBUG - Save part 'xl/worksheets/sheet7.xml'
18:38:21.511 [main] DEBUG - Save part 'xl/worksheets/sheet8.xml'
18:38:21.511 [main] DEBUG - Save part 'xl/worksheets/sheet9.xml'
18:38:21.536 [main] DEBUG - Parsing relationship: /xl/_rels/workbook.xml.rels
18:38:21.536 [main] DEBUG - Parsing relationship: /xl/worksheets/_rels/sheet6.xml.rels
18:38:21.536 [main] DEBUG - Parsing relationship: /_rels/.rels
18:38:21.539 [main] DEBUG - using default POIXMLDocumentPart for http://schemas.openxmlformats.org/officeDocument/2006/relationships/printerSettings
18:38:21.549 [main] DEBUG - Save content types part
18:38:21.549 [main] DEBUG - Save package relationships
18:38:21.550 [main] DEBUG - Save part 'docProps/app.xml'
18:38:21.550 [main] DEBUG - Save part 'docProps/core.xml'
18:38:21.550 [main] DEBUG - Save part 'xl/printerSettings/printerSettings1.bin'
18:38:21.550 [main] DEBUG - Save part 'xl/sharedStrings.xml'
18:38:21.551 [main] DEBUG - Save part 'xl/styles.xml'
18:38:21.551 [main] DEBUG - Save part 'xl/theme/theme1.xml'
18:38:21.551 [main] DEBUG - Save part 'xl/workbook.xml'
18:38:21.551 [main] DEBUG - Save part 'xl/worksheets/sheet1.xml'
18:38:21.551 [main] DEBUG - Save part 'xl/worksheets/sheet2.xml'
18:38:21.551 [main] DEBUG - Save part 'xl/worksheets/sheet3.xml'
18:38:21.551 [main] DEBUG - Save part 'xl/worksheets/sheet4.xml'
18:38:21.552 [main] DEBUG - Save part 'xl/worksheets/sheet5.xml'
18:38:21.552 [main] DEBUG - Save part 'xl/worksheets/sheet6.xml'
18:38:21.552 [main] DEBUG - Save part 'xl/worksheets/sheet7.xml'
18:38:21.552 [main] DEBUG - Save part 'xl/worksheets/sheet8.xml'
18:38:21.552 [main] DEBUG - Save part 'xl/worksheets/sheet9.xml'
18:38:21.578 [main] DEBUG - Parsing relationship: /xl/_rels/workbook.xml.rels
18:38:21.579 [main] DEBUG - Parsing relationship: /xl/worksheets/_rels/sheet6.xml.rels
18:38:21.579 [main] DEBUG - Parsing relationship: /_rels/.rels
18:38:21.582 [main] DEBUG - using default POIXMLDocumentPart for http://schemas.openxmlformats.org/officeDocument/2006/relationships/printerSettings
18:38:21.590 [main] DEBUG - Save content types part
18:38:21.591 [main] DEBUG - Save package relationships
18:38:21.591 [main] DEBUG - Save part 'docProps/app.xml'
18:38:21.591 [main] DEBUG - Save part 'docProps/core.xml'
18:38:21.591 [main] DEBUG - Save part 'xl/printerSettings/printerSettings1.bin'
18:38:21.592 [main] DEBUG - Save part 'xl/sharedStrings.xml'
18:38:21.592 [main] DEBUG - Save part 'xl/styles.xml'
18:38:21.592 [main] DEBUG - Save part 'xl/theme/theme1.xml'
18:38:21.592 [main] DEBUG - Save part 'xl/workbook.xml'
18:38:21.593 [main] DEBUG - Save part 'xl/worksheets/sheet1.xml'
18:38:21.593 [main] DEBUG - Save part 'xl/worksheets/sheet2.xml'
18:38:21.593 [main] DEBUG - Save part 'xl/worksheets/sheet3.xml'
18:38:21.593 [main] DEBUG - Save part 'xl/worksheets/sheet4.xml'
18:38:21.593 [main] DEBUG - Save part 'xl/worksheets/sheet5.xml'
18:38:21.593 [main] DEBUG - Save part 'xl/worksheets/sheet6.xml'
18:38:21.593 [main] DEBUG - Save part 'xl/worksheets/sheet7.xml'
18:38:21.594 [main] DEBUG - Save part 'xl/worksheets/sheet8.xml'
18:38:21.594 [main] DEBUG - Save part 'xl/worksheets/sheet9.xml'
18:38:21.621 [main] DEBUG - Parsing relationship: /xl/_rels/workbook.xml.rels
18:38:21.622 [main] DEBUG - Parsing relationship: /xl/worksheets/_rels/sheet6.xml.rels
18:38:21.622 [main] DEBUG - Parsing relationship: /_rels/.rels
18:38:21.627 [main] DEBUG - using default POIXMLDocumentPart for http://schemas.openxmlformats.org/officeDocument/2006/relationships/printerSettings
18:38:21.637 [main] DEBUG - Save content types part
18:38:21.637 [main] DEBUG - Save package relationships
18:38:21.638 [main] DEBUG - Save part 'docProps/app.xml'
18:38:21.638 [main] DEBUG - Save part 'docProps/core.xml'
18:38:21.638 [main] DEBUG - Save part 'xl/printerSettings/printerSettings1.bin'
18:38:21.638 [main] DEBUG - Save part 'xl/sharedStrings.xml'
18:38:21.638 [main] DEBUG - Save part 'xl/styles.xml'
18:38:21.638 [main] DEBUG - Save part 'xl/theme/theme1.xml'
18:38:21.639 [main] DEBUG - Save part 'xl/workbook.xml'
18:38:21.639 [main] DEBUG - Save part 'xl/worksheets/sheet1.xml'
18:38:21.639 [main] DEBUG - Save part 'xl/worksheets/sheet2.xml'
18:38:21.639 [main] DEBUG - Save part 'xl/worksheets/sheet3.xml'
18:38:21.639 [main] DEBUG - Save part 'xl/worksheets/sheet4.xml'
18:38:21.639 [main] DEBUG - Save part 'xl/worksheets/sheet5.xml'
18:38:21.640 [main] DEBUG - Save part 'xl/worksheets/sheet6.xml'
18:38:21.640 [main] DEBUG - Save part 'xl/worksheets/sheet7.xml'
18:38:21.640 [main] DEBUG - Save part 'xl/worksheets/sheet8.xml'
18:38:21.640 [main] DEBUG - Save part 'xl/worksheets/sheet9.xml'
18:38:21.666 [main] DEBUG - Parsing relationship: /xl/_rels/workbook.xml.rels
18:38:21.666 [main] DEBUG - Parsing relationship: /xl/worksheets/_rels/sheet6.xml.rels
18:38:21.666 [main] DEBUG - Parsing relationship: /_rels/.rels
18:38:21.670 [main] DEBUG - using default POIXMLDocumentPart for http://schemas.openxmlformats.org/officeDocument/2006/relationships/printerSettings
18:38:21.678 [main] DEBUG - Save content types part
18:38:21.679 [main] DEBUG - Save package relationships
18:38:21.679 [main] DEBUG - Save part 'docProps/app.xml'
18:38:21.679 [main] DEBUG - Save part 'docProps/core.xml'
18:38:21.679 [main] DEBUG - Save part 'xl/printerSettings/printerSettings1.bin'
18:38:21.679 [main] DEBUG - Save part 'xl/sharedStrings.xml'
18:38:21.680 [main] DEBUG - Save part 'xl/styles.xml'
18:38:21.680 [main] DEBUG - Save part 'xl/theme/theme1.xml'
18:38:21.680 [main] DEBUG - Save part 'xl/workbook.xml'
18:38:21.680 [main] DEBUG - Save part 'xl/worksheets/sheet1.xml'
18:38:21.681 [main] DEBUG - Save part 'xl/worksheets/sheet2.xml'
18:38:21.681 [main] DEBUG - Save part 'xl/worksheets/sheet3.xml'
18:38:21.681 [main] DEBUG - Save part 'xl/worksheets/sheet4.xml'
18:38:21.681 [main] DEBUG - Save part 'xl/worksheets/sheet5.xml'
18:38:21.681 [main] DEBUG - Save part 'xl/worksheets/sheet6.xml'
18:38:21.681 [main] DEBUG - Save part 'xl/worksheets/sheet7.xml'
18:38:21.681 [main] DEBUG - Save part 'xl/worksheets/sheet8.xml'
18:38:21.682 [main] DEBUG - Save part 'xl/worksheets/sheet9.xml'
18:38:21.707 [main] DEBUG - Parsing relationship: /xl/_rels/workbook.xml.rels
18:38:21.707 [main] DEBUG - Parsing relationship: /xl/worksheets/_rels/sheet6.xml.rels
18:38:21.707 [main] DEBUG - Parsing relationship: /_rels/.rels
18:38:21.710 [main] DEBUG - using default POIXMLDocumentPart for http://schemas.openxmlformats.org/officeDocument/2006/relationships/printerSettings
18:38:21.718 [main] DEBUG - Save content types part
18:38:21.719 [main] DEBUG - Save package relationships
18:38:21.719 [main] DEBUG - Save part 'docProps/app.xml'
18:38:21.719 [main] DEBUG - Save part 'docProps/core.xml'
18:38:21.720 [main] DEBUG - Save part 'xl/printerSettings/printerSettings1.bin'
18:38:21.720 [main] DEBUG - Save part 'xl/sharedStrings.xml'
18:38:21.720 [main] DEBUG - Save part 'xl/styles.xml'
18:38:21.720 [main] DEBUG - Save part 'xl/theme/theme1.xml'
18:38:21.720 [main] DEBUG - Save part 'xl/workbook.xml'
18:38:21.721 [main] DEBUG - Save part 'xl/worksheets/sheet1.xml'
18:38:21.721 [main] DEBUG - Save part 'xl/worksheets/sheet2.xml'
18:38:21.721 [main] DEBUG - Save part 'xl/worksheets/sheet3.xml'
18:38:21.721 [main] DEBUG - Save part 'xl/worksheets/sheet4.xml'
18:38:21.721 [main] DEBUG - Save part 'xl/worksheets/sheet5.xml'
18:38:21.721 [main] DEBUG - Save part 'xl/worksheets/sheet6.xml'
18:38:21.722 [main] DEBUG - Save part 'xl/worksheets/sheet7.xml'
18:38:21.722 [main] DEBUG - Save part 'xl/worksheets/sheet8.xml'
18:38:21.722 [main] DEBUG - Save part 'xl/worksheets/sheet9.xml'
18:38:21.748 [main] DEBUG - Parsing relationship: /xl/_rels/workbook.xml.rels
18:38:21.748 [main] DEBUG - Parsing relationship: /xl/worksheets/_rels/sheet6.xml.rels
18:38:21.748 [main] DEBUG - Parsing relationship: /_rels/.rels
18:38:21.751 [main] DEBUG - using default POIXMLDocumentPart for http://schemas.openxmlformats.org/officeDocument/2006/relationships/printerSettings
18:38:21.760 [main] DEBUG - Save content types part
18:38:21.760 [main] DEBUG - Save package relationships
18:38:21.760 [main] DEBUG - Save part 'docProps/app.xml'
18:38:21.760 [main] DEBUG - Save part 'docProps/core.xml'
18:38:21.761 [main] DEBUG - Save part 'xl/printerSettings/printerSettings1.bin'
18:38:21.761 [main] DEBUG - Save part 'xl/sharedStrings.xml'
18:38:21.761 [main] DEBUG - Save part 'xl/styles.xml'
18:38:21.761 [main] DEBUG - Save part 'xl/theme/theme1.xml'
18:38:21.762 [main] DEBUG - Save part 'xl/workbook.xml'
18:38:21.762 [main] DEBUG - Save part 'xl/worksheets/sheet1.xml'
18:38:21.762 [main] DEBUG - Save part 'xl/worksheets/sheet2.xml'
18:38:21.762 [main] DEBUG - Save part 'xl/worksheets/sheet3.xml'
18:38:21.762 [main] DEBUG - Save part 'xl/worksheets/sheet4.xml'
18:38:21.762 [main] DEBUG - Save part 'xl/worksheets/sheet5.xml'
18:38:21.763 [main] DEBUG - Save part 'xl/worksheets/sheet6.xml'
18:38:21.763 [main] DEBUG - Save part 'xl/worksheets/sheet7.xml'
18:38:21.763 [main] DEBUG - Save part 'xl/worksheets/sheet8.xml'
18:38:21.763 [main] DEBUG - Save part 'xl/worksheets/sheet9.xml'
18:38:21.788 [main] DEBUG - Parsing relationship: /xl/_rels/workbook.xml.rels
18:38:21.789 [main] DEBUG - Parsing relationship: /xl/worksheets/_rels/sheet6.xml.rels
18:38:21.789 [main] DEBUG - Parsing relationship: /_rels/.rels
18:38:21.793 [main] DEBUG - using default POIXMLDocumentPart for http://schemas.openxmlformats.org/officeDocument/2006/relationships/printerSettings
18:38:21.812 [main] DEBUG - Save content types part
18:38:21.813 [main] DEBUG - Save package relationships
18:38:21.813 [main] DEBUG - Save part 'docProps/app.xml'
18:38:21.813 [main] DEBUG - Save part 'docProps/core.xml'
18:38:21.814 [main] DEBUG - Save part 'xl/printerSettings/printerSettings1.bin'
18:38:21.814 [main] DEBUG - Save part 'xl/sharedStrings.xml'
18:38:21.814 [main] DEBUG - Save part 'xl/styles.xml'
18:38:21.814 [main] DEBUG - Save part 'xl/theme/theme1.xml'
18:38:21.815 [main] DEBUG - Save part 'xl/workbook.xml'
18:38:21.815 [main] DEBUG - Save part 'xl/worksheets/sheet1.xml'
18:38:21.815 [main] DEBUG - Save part 'xl/worksheets/sheet2.xml'
18:38:21.815 [main] DEBUG - Save part 'xl/worksheets/sheet3.xml'
18:38:21.816 [main] DEBUG - Save part 'xl/worksheets/sheet4.xml'
18:38:21.816 [main] DEBUG - Save part 'xl/worksheets/sheet5.xml'
18:38:21.816 [main] DEBUG - Save part 'xl/worksheets/sheet6.xml'
18:38:21.816 [main] DEBUG - Save part 'xl/worksheets/sheet7.xml'
18:38:21.817 [main] DEBUG - Save part 'xl/worksheets/sheet8.xml'
18:38:21.817 [main] DEBUG - Save part 'xl/worksheets/sheet9.xml'
18:38:21.841 [main] DEBUG - Parsing relationship: /xl/_rels/workbook.xml.rels
18:38:21.841 [main] DEBUG - Parsing relationship: /xl/worksheets/_rels/sheet6.xml.rels
18:38:21.842 [main] DEBUG - Parsing relationship: /_rels/.rels
18:38:21.845 [main] DEBUG - using default POIXMLDocumentPart for http://schemas.openxmlformats.org/officeDocument/2006/relationships/printerSettings
18:38:21.852 [main] DEBUG - Save content types part
18:38:21.852 [main] DEBUG - Save package relationships
18:38:21.853 [main] DEBUG - Save part 'docProps/app.xml'
18:38:21.853 [main] DEBUG - Save part 'docProps/core.xml'
18:38:21.853 [main] DEBUG - Save part 'xl/printerSettings/printerSettings1.bin'
18:38:21.853 [main] DEBUG - Save part 'xl/sharedStrings.xml'
18:38:21.854 [main] DEBUG - Save part 'xl/styles.xml'
18:38:21.854 [main] DEBUG - Save part 'xl/theme/theme1.xml'
18:38:21.854 [main] DEBUG - Save part 'xl/workbook.xml'
18:38:21.855 [main] DEBUG - Save part 'xl/worksheets/sheet1.xml'
18:38:21.855 [main] DEBUG - Save part 'xl/worksheets/sheet2.xml'
18:38:21.855 [main] DEBUG - Save part 'xl/worksheets/sheet3.xml'
18:38:21.855 [main] DEBUG - Save part 'xl/worksheets/sheet4.xml'
18:38:21.855 [main] DEBUG - Save part 'xl/worksheets/sheet5.xml'
18:38:21.855 [main] DEBUG - Save part 'xl/worksheets/sheet6.xml'
18:38:21.855 [main] DEBUG - Save part 'xl/worksheets/sheet7.xml'
18:38:21.855 [main] DEBUG - Save part 'xl/worksheets/sheet8.xml'
18:38:21.856 [main] DEBUG - Save part 'xl/worksheets/sheet9.xml'
18:38:21.881 [main] DEBUG - Parsing relationship: /xl/_rels/workbook.xml.rels
18:38:21.881 [main] DEBUG - Parsing relationship: /xl/worksheets/_rels/sheet6.xml.rels
18:38:21.881 [main] DEBUG - Parsing relationship: /_rels/.rels
18:38:21.885 [main] DEBUG - using default POIXMLDocumentPart for http://schemas.openxmlformats.org/officeDocument/2006/relationships/printerSettings
18:38:21.894 [main] DEBUG - Save content types part
18:38:21.894 [main] DEBUG - Save package relationships
18:38:21.894 [main] DEBUG - Save part 'docProps/app.xml'
18:38:21.895 [main] DEBUG - Save part 'docProps/core.xml'
18:38:21.895 [main] DEBUG - Save part 'xl/printerSettings/printerSettings1.bin'
18:38:21.895 [main] DEBUG - Save part 'xl/sharedStrings.xml'
18:38:21.895 [main] DEBUG - Save part 'xl/styles.xml'
18:38:21.895 [main] DEBUG - Save part 'xl/theme/theme1.xml'
18:38:21.896 [main] DEBUG - Save part 'xl/workbook.xml'
18:38:21.896 [main] DEBUG - Save part 'xl/worksheets/sheet1.xml'
18:38:21.896 [main] DEBUG - Save part 'xl/worksheets/sheet2.xml'
18:38:21.896 [main] DEBUG - Save part 'xl/worksheets/sheet3.xml'
18:38:21.896 [main] DEBUG - Save part 'xl/worksheets/sheet4.xml'
18:38:21.896 [main] DEBUG - Save part 'xl/worksheets/sheet5.xml'
18:38:21.897 [main] DEBUG - Save part 'xl/worksheets/sheet6.xml'
18:38:21.897 [main] DEBUG - Save part 'xl/worksheets/sheet7.xml'
18:38:21.897 [main] DEBUG - Save part 'xl/worksheets/sheet8.xml'
18:38:21.897 [main] DEBUG - Save part 'xl/worksheets/sheet9.xml'
18:38:29.670 [main] INFO  - Navigating to Sofa and Recliners Option
18:38:30.956 [main] DEBUG - Parsing relationship: /xl/_rels/workbook.xml.rels
18:38:30.956 [main] DEBUG - Parsing relationship: /xl/worksheets/_rels/sheet6.xml.rels
18:38:30.956 [main] DEBUG - Parsing relationship: /_rels/.rels
18:38:30.962 [main] DEBUG - using default POIXMLDocumentPart for http://schemas.openxmlformats.org/officeDocument/2006/relationships/printerSettings
18:38:30.976 [main] DEBUG - Save content types part
18:38:30.977 [main] DEBUG - Save package relationships
18:38:30.977 [main] DEBUG - Save part 'docProps/app.xml'
18:38:30.977 [main] DEBUG - Save part 'docProps/core.xml'
18:38:30.977 [main] DEBUG - Save part 'xl/printerSettings/printerSettings1.bin'
18:38:30.978 [main] DEBUG - Save part 'xl/sharedStrings.xml'
18:38:30.978 [main] DEBUG - Save part 'xl/styles.xml'
18:38:30.978 [main] DEBUG - Save part 'xl/theme/theme1.xml'
18:38:30.978 [main] DEBUG - Save part 'xl/workbook.xml'
18:38:30.979 [main] DEBUG - Save part 'xl/worksheets/sheet1.xml'
18:38:30.979 [main] DEBUG - Save part 'xl/worksheets/sheet2.xml'
18:38:30.979 [main] DEBUG - Save part 'xl/worksheets/sheet3.xml'
18:38:30.979 [main] DEBUG - Save part 'xl/worksheets/sheet4.xml'
18:38:30.979 [main] DEBUG - Save part 'xl/worksheets/sheet5.xml'
18:38:30.979 [main] DEBUG - Save part 'xl/worksheets/sheet6.xml'
18:38:30.979 [main] DEBUG - Save part 'xl/worksheets/sheet7.xml'
18:38:30.980 [main] DEBUG - Save part 'xl/worksheets/sheet8.xml'
18:38:30.980 [main] DEBUG - Save part 'xl/worksheets/sheet9.xml'
18:38:31.013 [main] DEBUG - Parsing relationship: /xl/_rels/workbook.xml.rels
18:38:31.013 [main] DEBUG - Parsing relationship: /xl/worksheets/_rels/sheet6.xml.rels
18:38:31.013 [main] DEBUG - Parsing relationship: /_rels/.rels
18:38:31.018 [main] DEBUG - using default POIXMLDocumentPart for http://schemas.openxmlformats.org/officeDocument/2006/relationships/printerSettings
18:38:31.033 [main] DEBUG - Save content types part
18:38:31.034 [main] DEBUG - Save package relationships
18:38:31.034 [main] DEBUG - Save part 'docProps/app.xml'
18:38:31.034 [main] DEBUG - Save part 'docProps/core.xml'
18:38:31.035 [main] DEBUG - Save part 'xl/printerSettings/printerSettings1.bin'
18:38:31.035 [main] DEBUG - Save part 'xl/sharedStrings.xml'
18:38:31.035 [main] DEBUG - Save part 'xl/styles.xml'
18:38:31.035 [main] DEBUG - Save part 'xl/theme/theme1.xml'
18:38:31.036 [main] DEBUG - Save part 'xl/workbook.xml'
18:38:31.036 [main] DEBUG - Save part 'xl/worksheets/sheet1.xml'
18:38:31.036 [main] DEBUG - Save part 'xl/worksheets/sheet2.xml'
18:38:31.037 [main] DEBUG - Save part 'xl/worksheets/sheet3.xml'
18:38:31.037 [main] DEBUG - Save part 'xl/worksheets/sheet4.xml'
18:38:31.037 [main] DEBUG - Save part 'xl/worksheets/sheet5.xml'
18:38:31.037 [main] DEBUG - Save part 'xl/worksheets/sheet6.xml'
18:38:31.037 [main] DEBUG - Save part 'xl/worksheets/sheet7.xml'
18:38:31.038 [main] DEBUG - Save part 'xl/worksheets/sheet8.xml'
18:38:31.038 [main] DEBUG - Save part 'xl/worksheets/sheet9.xml'
18:38:31.075 [main] DEBUG - Parsing relationship: /xl/_rels/workbook.xml.rels
18:38:31.075 [main] DEBUG - Parsing relationship: /xl/worksheets/_rels/sheet6.xml.rels
18:38:31.076 [main] DEBUG - Parsing relationship: /_rels/.rels
18:38:31.080 [main] DEBUG - using default POIXMLDocumentPart for http://schemas.openxmlformats.org/officeDocument/2006/relationships/printerSettings
18:38:31.089 [main] DEBUG - Save content types part
18:38:31.090 [main] DEBUG - Save package relationships
18:38:31.091 [main] DEBUG - Save part 'docProps/app.xml'
18:38:31.091 [main] DEBUG - Save part 'docProps/core.xml'
18:38:31.092 [main] DEBUG - Save part 'xl/printerSettings/printerSettings1.bin'
18:38:31.092 [main] DEBUG - Save part 'xl/sharedStrings.xml'
18:38:31.093 [main] DEBUG - Save part 'xl/styles.xml'
18:38:31.093 [main] DEBUG - Save part 'xl/theme/theme1.xml'
18:38:31.093 [main] DEBUG - Save part 'xl/workbook.xml'
18:38:31.094 [main] DEBUG - Save part 'xl/worksheets/sheet1.xml'
18:38:31.094 [main] DEBUG - Save part 'xl/worksheets/sheet2.xml'
18:38:31.094 [main] DEBUG - Save part 'xl/worksheets/sheet3.xml'
18:38:31.094 [main] DEBUG - Save part 'xl/worksheets/sheet4.xml'
18:38:31.095 [main] DEBUG - Save part 'xl/worksheets/sheet5.xml'
18:38:31.095 [main] DEBUG - Save part 'xl/worksheets/sheet6.xml'
18:38:31.096 [main] DEBUG - Save part 'xl/worksheets/sheet7.xml'
18:38:31.096 [main] DEBUG - Save part 'xl/worksheets/sheet8.xml'
18:38:31.096 [main] DEBUG - Save part 'xl/worksheets/sheet9.xml'
18:38:31.123 [main] DEBUG - Parsing relationship: /xl/_rels/workbook.xml.rels
18:38:31.123 [main] DEBUG - Parsing relationship: /xl/worksheets/_rels/sheet6.xml.rels
18:38:31.123 [main] DEBUG - Parsing relationship: /_rels/.rels
18:38:31.126 [main] DEBUG - using default POIXMLDocumentPart for http://schemas.openxmlformats.org/officeDocument/2006/relationships/printerSettings
18:38:31.134 [main] DEBUG - Save content types part
18:38:31.134 [main] DEBUG - Save package relationships
18:38:31.134 [main] DEBUG - Save part 'docProps/app.xml'
18:38:31.135 [main] DEBUG - Save part 'docProps/core.xml'
18:38:31.136 [main] DEBUG - Save part 'xl/printerSettings/printerSettings1.bin'
18:38:31.136 [main] DEBUG - Save part 'xl/sharedStrings.xml'
18:38:31.136 [main] DEBUG - Save part 'xl/styles.xml'
18:38:31.136 [main] DEBUG - Save part 'xl/theme/theme1.xml'
18:38:31.137 [main] DEBUG - Save part 'xl/workbook.xml'
18:38:31.138 [main] DEBUG - Save part 'xl/worksheets/sheet1.xml'
18:38:31.138 [main] DEBUG - Save part 'xl/worksheets/sheet2.xml'
18:38:31.138 [main] DEBUG - Save part 'xl/worksheets/sheet3.xml'
18:38:31.138 [main] DEBUG - Save part 'xl/worksheets/sheet4.xml'
18:38:31.138 [main] DEBUG - Save part 'xl/worksheets/sheet5.xml'
18:38:31.138 [main] DEBUG - Save part 'xl/worksheets/sheet6.xml'
18:38:31.139 [main] DEBUG - Save part 'xl/worksheets/sheet7.xml'
18:38:31.139 [main] DEBUG - Save part 'xl/worksheets/sheet8.xml'
18:38:31.140 [main] DEBUG - Save part 'xl/worksheets/sheet9.xml'
18:38:31.173 [main] DEBUG - Parsing relationship: /xl/_rels/workbook.xml.rels
18:38:31.173 [main] DEBUG - Parsing relationship: /xl/worksheets/_rels/sheet6.xml.rels
18:38:31.173 [main] DEBUG - Parsing relationship: /_rels/.rels
18:38:31.178 [main] DEBUG - using default POIXMLDocumentPart for http://schemas.openxmlformats.org/officeDocument/2006/relationships/printerSettings
18:38:31.190 [main] DEBUG - Save content types part
18:38:31.191 [main] DEBUG - Save package relationships
18:38:31.191 [main] DEBUG - Save part 'docProps/app.xml'
18:38:31.192 [main] DEBUG - Save part 'docProps/core.xml'
18:38:31.192 [main] DEBUG - Save part 'xl/printerSettings/printerSettings1.bin'
18:38:31.193 [main] DEBUG - Save part 'xl/sharedStrings.xml'
18:38:31.193 [main] DEBUG - Save part 'xl/styles.xml'
18:38:31.194 [main] DEBUG - Save part 'xl/theme/theme1.xml'
18:38:31.194 [main] DEBUG - Save part 'xl/workbook.xml'
18:38:31.195 [main] DEBUG - Save part 'xl/worksheets/sheet1.xml'
18:38:31.195 [main] DEBUG - Save part 'xl/worksheets/sheet2.xml'
18:38:31.195 [main] DEBUG - Save part 'xl/worksheets/sheet3.xml'
18:38:31.196 [main] DEBUG - Save part 'xl/worksheets/sheet4.xml'
18:38:31.196 [main] DEBUG - Save part 'xl/worksheets/sheet5.xml'
18:38:31.196 [main] DEBUG - Save part 'xl/worksheets/sheet6.xml'
18:38:31.198 [main] DEBUG - Save part 'xl/worksheets/sheet7.xml'
18:38:31.198 [main] DEBUG - Save part 'xl/worksheets/sheet8.xml'
18:38:31.198 [main] DEBUG - Save part 'xl/worksheets/sheet9.xml'
18:38:31.233 [main] DEBUG - Parsing relationship: /xl/_rels/workbook.xml.rels
18:38:31.233 [main] DEBUG - Parsing relationship: /xl/worksheets/_rels/sheet6.xml.rels
18:38:31.233 [main] DEBUG - Parsing relationship: /_rels/.rels
18:38:31.236 [main] DEBUG - using default POIXMLDocumentPart for http://schemas.openxmlformats.org/officeDocument/2006/relationships/printerSettings
18:38:31.245 [main] DEBUG - Save content types part
18:38:31.245 [main] DEBUG - Save package relationships
18:38:31.246 [main] DEBUG - Save part 'docProps/app.xml'
18:38:31.246 [main] DEBUG - Save part 'docProps/core.xml'
18:38:31.246 [main] DEBUG - Save part 'xl/printerSettings/printerSettings1.bin'
18:38:31.246 [main] DEBUG - Save part 'xl/sharedStrings.xml'
18:38:31.246 [main] DEBUG - Save part 'xl/styles.xml'
18:38:31.247 [main] DEBUG - Save part 'xl/theme/theme1.xml'
18:38:31.247 [main] DEBUG - Save part 'xl/workbook.xml'
18:38:31.247 [main] DEBUG - Save part 'xl/worksheets/sheet1.xml'
18:38:31.247 [main] DEBUG - Save part 'xl/worksheets/sheet2.xml'
18:38:31.247 [main] DEBUG - Save part 'xl/worksheets/sheet3.xml'
18:38:31.247 [main] DEBUG - Save part 'xl/worksheets/sheet4.xml'
18:38:31.248 [main] DEBUG - Save part 'xl/worksheets/sheet5.xml'
18:38:31.248 [main] DEBUG - Save part 'xl/worksheets/sheet6.xml'
18:38:31.248 [main] DEBUG - Save part 'xl/worksheets/sheet7.xml'
18:38:31.248 [main] DEBUG - Save part 'xl/worksheets/sheet8.xml'
18:38:31.248 [main] DEBUG - Save part 'xl/worksheets/sheet9.xml'
18:38:31.276 [main] DEBUG - Parsing relationship: /xl/_rels/workbook.xml.rels
18:38:31.277 [main] DEBUG - Parsing relationship: /xl/worksheets/_rels/sheet6.xml.rels
18:38:31.277 [main] DEBUG - Parsing relationship: /_rels/.rels
18:38:31.283 [main] DEBUG - using default POIXMLDocumentPart for http://schemas.openxmlformats.org/officeDocument/2006/relationships/printerSettings
18:38:31.296 [main] DEBUG - Save content types part
18:38:31.298 [main] DEBUG - Save package relationships
18:38:31.299 [main] DEBUG - Save part 'docProps/app.xml'
18:38:31.299 [main] DEBUG - Save part 'docProps/core.xml'
18:38:31.301 [main] DEBUG - Save part 'xl/printerSettings/printerSettings1.bin'
18:38:31.301 [main] DEBUG - Save part 'xl/sharedStrings.xml'
18:38:31.302 [main] DEBUG - Save part 'xl/styles.xml'
18:38:31.302 [main] DEBUG - Save part 'xl/theme/theme1.xml'
18:38:31.302 [main] DEBUG - Save part 'xl/workbook.xml'
18:38:31.303 [main] DEBUG - Save part 'xl/worksheets/sheet1.xml'
18:38:31.304 [main] DEBUG - Save part 'xl/worksheets/sheet2.xml'
18:38:31.304 [main] DEBUG - Save part 'xl/worksheets/sheet3.xml'
18:38:31.304 [main] DEBUG - Save part 'xl/worksheets/sheet4.xml'
18:38:31.304 [main] DEBUG - Save part 'xl/worksheets/sheet5.xml'
18:38:31.304 [main] DEBUG - Save part 'xl/worksheets/sheet6.xml'
18:38:31.305 [main] DEBUG - Save part 'xl/worksheets/sheet7.xml'
18:38:31.306 [main] DEBUG - Save part 'xl/worksheets/sheet8.xml'
18:38:31.306 [main] DEBUG - Save part 'xl/worksheets/sheet9.xml'
18:38:31.330 [main] DEBUG - Parsing relationship: /xl/_rels/workbook.xml.rels
18:38:31.330 [main] DEBUG - Parsing relationship: /xl/worksheets/_rels/sheet6.xml.rels
18:38:31.330 [main] DEBUG - Parsing relationship: /_rels/.rels
18:38:31.344 [main] DEBUG - using default POIXMLDocumentPart for http://schemas.openxmlformats.org/officeDocument/2006/relationships/printerSettings
18:38:31.361 [main] DEBUG - Save content types part
18:38:31.362 [main] DEBUG - Save package relationships
18:38:31.364 [main] DEBUG - Save part 'docProps/app.xml'
18:38:31.364 [main] DEBUG - Save part 'docProps/core.xml'
18:38:31.365 [main] DEBUG - Save part 'xl/printerSettings/printerSettings1.bin'
18:38:31.365 [main] DEBUG - Save part 'xl/sharedStrings.xml'
18:38:31.366 [main] DEBUG - Save part 'xl/styles.xml'
18:38:31.366 [main] DEBUG - Save part 'xl/theme/theme1.xml'
18:38:31.366 [main] DEBUG - Save part 'xl/workbook.xml'
18:38:31.367 [main] DEBUG - Save part 'xl/worksheets/sheet1.xml'
18:38:31.367 [main] DEBUG - Save part 'xl/worksheets/sheet2.xml'
18:38:31.367 [main] DEBUG - Save part 'xl/worksheets/sheet3.xml'
18:38:31.367 [main] DEBUG - Save part 'xl/worksheets/sheet4.xml'
18:38:31.367 [main] DEBUG - Save part 'xl/worksheets/sheet5.xml'
18:38:31.367 [main] DEBUG - Save part 'xl/worksheets/sheet6.xml'
18:38:31.367 [main] DEBUG - Save part 'xl/worksheets/sheet7.xml'
18:38:31.367 [main] DEBUG - Save part 'xl/worksheets/sheet8.xml'
18:38:31.368 [main] DEBUG - Save part 'xl/worksheets/sheet9.xml'
18:38:31.394 [main] DEBUG - Parsing relationship: /xl/_rels/workbook.xml.rels
18:38:31.394 [main] DEBUG - Parsing relationship: /xl/worksheets/_rels/sheet6.xml.rels
18:38:31.394 [main] DEBUG - Parsing relationship: /_rels/.rels
18:38:31.397 [main] DEBUG - using default POIXMLDocumentPart for http://schemas.openxmlformats.org/officeDocument/2006/relationships/printerSettings
18:38:31.405 [main] DEBUG - Save content types part
18:38:31.406 [main] DEBUG - Save package relationships
18:38:31.406 [main] DEBUG - Save part 'docProps/app.xml'
18:38:31.406 [main] DEBUG - Save part 'docProps/core.xml'
18:38:31.407 [main] DEBUG - Save part 'xl/printerSettings/printerSettings1.bin'
18:38:31.407 [main] DEBUG - Save part 'xl/sharedStrings.xml'
18:38:31.407 [main] DEBUG - Save part 'xl/styles.xml'
18:38:31.407 [main] DEBUG - Save part 'xl/theme/theme1.xml'
18:38:31.407 [main] DEBUG - Save part 'xl/workbook.xml'
18:38:31.408 [main] DEBUG - Save part 'xl/worksheets/sheet1.xml'
18:38:31.408 [main] DEBUG - Save part 'xl/worksheets/sheet2.xml'
18:38:31.408 [main] DEBUG - Save part 'xl/worksheets/sheet3.xml'
18:38:31.408 [main] DEBUG - Save part 'xl/worksheets/sheet4.xml'
18:38:31.408 [main] DEBUG - Save part 'xl/worksheets/sheet5.xml'
18:38:31.408 [main] DEBUG - Save part 'xl/worksheets/sheet6.xml'
18:38:31.409 [main] DEBUG - Save part 'xl/worksheets/sheet7.xml'
18:38:31.409 [main] DEBUG - Save part 'xl/worksheets/sheet8.xml'
18:38:31.409 [main] DEBUG - Save part 'xl/worksheets/sheet9.xml'
18:38:31.436 [main] DEBUG - Parsing relationship: /xl/_rels/workbook.xml.rels
18:38:31.436 [main] DEBUG - Parsing relationship: /xl/worksheets/_rels/sheet6.xml.rels
18:38:31.436 [main] DEBUG - Parsing relationship: /_rels/.rels
18:38:31.439 [main] DEBUG - using default POIXMLDocumentPart for http://schemas.openxmlformats.org/officeDocument/2006/relationships/printerSettings
18:38:31.448 [main] DEBUG - Save content types part
18:38:31.449 [main] DEBUG - Save package relationships
18:38:31.449 [main] DEBUG - Save part 'docProps/app.xml'
18:38:31.449 [main] DEBUG - Save part 'docProps/core.xml'
18:38:31.450 [main] DEBUG - Save part 'xl/printerSettings/printerSettings1.bin'
18:38:31.450 [main] DEBUG - Save part 'xl/sharedStrings.xml'
18:38:31.450 [main] DEBUG - Save part 'xl/styles.xml'
18:38:31.450 [main] DEBUG - Save part 'xl/theme/theme1.xml'
18:38:31.450 [main] DEBUG - Save part 'xl/workbook.xml'
18:38:31.451 [main] DEBUG - Save part 'xl/worksheets/sheet1.xml'
18:38:31.451 [main] DEBUG - Save part 'xl/worksheets/sheet2.xml'
18:38:31.451 [main] DEBUG - Save part 'xl/worksheets/sheet3.xml'
18:38:31.451 [main] DEBUG - Save part 'xl/worksheets/sheet4.xml'
18:38:31.451 [main] DEBUG - Save part 'xl/worksheets/sheet5.xml'
18:38:31.451 [main] DEBUG - Save part 'xl/worksheets/sheet6.xml'
18:38:31.452 [main] DEBUG - Save part 'xl/worksheets/sheet7.xml'
18:38:31.452 [main] DEBUG - Save part 'xl/worksheets/sheet8.xml'
18:38:31.452 [main] DEBUG - Save part 'xl/worksheets/sheet9.xml'
18:38:31.484 [main] DEBUG - Parsing relationship: /xl/_rels/workbook.xml.rels
18:38:31.484 [main] DEBUG - Parsing relationship: /xl/worksheets/_rels/sheet6.xml.rels
18:38:31.484 [main] DEBUG - Parsing relationship: /_rels/.rels
18:38:31.489 [main] DEBUG - using default POIXMLDocumentPart for http://schemas.openxmlformats.org/officeDocument/2006/relationships/printerSettings
18:38:31.504 [main] DEBUG - Save content types part
18:38:31.505 [main] DEBUG - Save package relationships
18:38:31.505 [main] DEBUG - Save part 'docProps/app.xml'
18:38:31.505 [main] DEBUG - Save part 'docProps/core.xml'
18:38:31.506 [main] DEBUG - Save part 'xl/printerSettings/printerSettings1.bin'
18:38:31.506 [main] DEBUG - Save part 'xl/sharedStrings.xml'
18:38:31.506 [main] DEBUG - Save part 'xl/styles.xml'
18:38:31.506 [main] DEBUG - Save part 'xl/theme/theme1.xml'
18:38:31.506 [main] DEBUG - Save part 'xl/workbook.xml'
18:38:31.507 [main] DEBUG - Save part 'xl/worksheets/sheet1.xml'
18:38:31.507 [main] DEBUG - Save part 'xl/worksheets/sheet2.xml'
18:38:31.507 [main] DEBUG - Save part 'xl/worksheets/sheet3.xml'
18:38:31.507 [main] DEBUG - Save part 'xl/worksheets/sheet4.xml'
18:38:31.507 [main] DEBUG - Save part 'xl/worksheets/sheet5.xml'
18:38:31.507 [main] DEBUG - Save part 'xl/worksheets/sheet6.xml'
18:38:31.508 [main] DEBUG - Save part 'xl/worksheets/sheet7.xml'
18:38:31.508 [main] DEBUG - Save part 'xl/worksheets/sheet8.xml'
18:38:31.508 [main] DEBUG - Save part 'xl/worksheets/sheet9.xml'
18:38:31.535 [main] DEBUG - Parsing relationship: /xl/_rels/workbook.xml.rels
18:38:31.535 [main] DEBUG - Parsing relationship: /xl/worksheets/_rels/sheet6.xml.rels
18:38:31.535 [main] DEBUG - Parsing relationship: /_rels/.rels
18:38:31.538 [main] DEBUG - using default POIXMLDocumentPart for http://schemas.openxmlformats.org/officeDocument/2006/relationships/printerSettings
18:38:31.546 [main] DEBUG - Save content types part
18:38:31.546 [main] DEBUG - Save package relationships
18:38:31.547 [main] DEBUG - Save part 'docProps/app.xml'
18:38:31.547 [main] DEBUG - Save part 'docProps/core.xml'
18:38:31.547 [main] DEBUG - Save part 'xl/printerSettings/printerSettings1.bin'
18:38:31.547 [main] DEBUG - Save part 'xl/sharedStrings.xml'
18:38:31.548 [main] DEBUG - Save part 'xl/styles.xml'
18:38:31.548 [main] DEBUG - Save part 'xl/theme/theme1.xml'
18:38:31.548 [main] DEBUG - Save part 'xl/workbook.xml'
18:38:31.548 [main] DEBUG - Save part 'xl/worksheets/sheet1.xml'
18:38:31.548 [main] DEBUG - Save part 'xl/worksheets/sheet2.xml'
18:38:31.548 [main] DEBUG - Save part 'xl/worksheets/sheet3.xml'
18:38:31.548 [main] DEBUG - Save part 'xl/worksheets/sheet4.xml'
18:38:31.549 [main] DEBUG - Save part 'xl/worksheets/sheet5.xml'
18:38:31.549 [main] DEBUG - Save part 'xl/worksheets/sheet6.xml'
18:38:31.549 [main] DEBUG - Save part 'xl/worksheets/sheet7.xml'
18:38:31.549 [main] DEBUG - Save part 'xl/worksheets/sheet8.xml'
18:38:31.549 [main] DEBUG - Save part 'xl/worksheets/sheet9.xml'
18:38:31.579 [main] DEBUG - Parsing relationship: /xl/_rels/workbook.xml.rels
18:38:31.580 [main] DEBUG - Parsing relationship: /xl/worksheets/_rels/sheet6.xml.rels
18:38:31.580 [main] DEBUG - Parsing relationship: /_rels/.rels
18:38:31.583 [main] DEBUG - using default POIXMLDocumentPart for http://schemas.openxmlformats.org/officeDocument/2006/relationships/printerSettings
18:38:31.596 [main] DEBUG - Save content types part
18:38:31.597 [main] DEBUG - Save package relationships
18:38:31.598 [main] DEBUG - Save part 'docProps/app.xml'
18:38:31.598 [main] DEBUG - Save part 'docProps/core.xml'
18:38:31.599 [main] DEBUG - Save part 'xl/printerSettings/printerSettings1.bin'
18:38:31.600 [main] DEBUG - Save part 'xl/sharedStrings.xml'
18:38:31.601 [main] DEBUG - Save part 'xl/styles.xml'
18:38:31.601 [main] DEBUG - Save part 'xl/theme/theme1.xml'
18:38:31.602 [main] DEBUG - Save part 'xl/workbook.xml'
18:38:31.604 [main] DEBUG - Save part 'xl/worksheets/sheet1.xml'
18:38:31.604 [main] DEBUG - Save part 'xl/worksheets/sheet2.xml'
18:38:31.604 [main] DEBUG - Save part 'xl/worksheets/sheet3.xml'
18:38:31.604 [main] DEBUG - Save part 'xl/worksheets/sheet4.xml'
18:38:31.604 [main] DEBUG - Save part 'xl/worksheets/sheet5.xml'
18:38:31.604 [main] DEBUG - Save part 'xl/worksheets/sheet6.xml'
18:38:31.605 [main] DEBUG - Save part 'xl/worksheets/sheet7.xml'
18:38:31.605 [main] DEBUG - Save part 'xl/worksheets/sheet8.xml'
18:38:31.605 [main] DEBUG - Save part 'xl/worksheets/sheet9.xml'
18:38:31.636 [main] DEBUG - Parsing relationship: /xl/_rels/workbook.xml.rels
18:38:31.636 [main] DEBUG - Parsing relationship: /xl/worksheets/_rels/sheet6.xml.rels
18:38:31.637 [main] DEBUG - Parsing relationship: /_rels/.rels
18:38:31.640 [main] DEBUG - using default POIXMLDocumentPart for http://schemas.openxmlformats.org/officeDocument/2006/relationships/printerSettings
18:38:31.648 [main] DEBUG - Save content types part
18:38:31.650 [main] DEBUG - Save package relationships
18:38:31.651 [main] DEBUG - Save part 'docProps/app.xml'
18:38:31.651 [main] DEBUG - Save part 'docProps/core.xml'
18:38:31.652 [main] DEBUG - Save part 'xl/printerSettings/printerSettings1.bin'
18:38:31.653 [main] DEBUG - Save part 'xl/sharedStrings.xml'
18:38:31.653 [main] DEBUG - Save part 'xl/styles.xml'
18:38:31.654 [main] DEBUG - Save part 'xl/theme/theme1.xml'
18:38:31.654 [main] DEBUG - Save part 'xl/workbook.xml'
18:38:31.655 [main] DEBUG - Save part 'xl/worksheets/sheet1.xml'
18:38:31.655 [main] DEBUG - Save part 'xl/worksheets/sheet2.xml'
18:38:31.656 [main] DEBUG - Save part 'xl/worksheets/sheet3.xml'
18:38:31.656 [main] DEBUG - Save part 'xl/worksheets/sheet4.xml'
18:38:31.656 [main] DEBUG - Save part 'xl/worksheets/sheet5.xml'
18:38:31.657 [main] DEBUG - Save part 'xl/worksheets/sheet6.xml'
18:38:31.658 [main] DEBUG - Save part 'xl/worksheets/sheet7.xml'
18:38:31.658 [main] DEBUG - Save part 'xl/worksheets/sheet8.xml'
18:38:31.658 [main] DEBUG - Save part 'xl/worksheets/sheet9.xml'
18:38:31.687 [main] DEBUG - Parsing relationship: /xl/_rels/workbook.xml.rels
18:38:31.687 [main] DEBUG - Parsing relationship: /xl/worksheets/_rels/sheet6.xml.rels
18:38:31.687 [main] DEBUG - Parsing relationship: /_rels/.rels
18:38:31.691 [main] DEBUG - using default POIXMLDocumentPart for http://schemas.openxmlformats.org/officeDocument/2006/relationships/printerSettings
18:38:31.700 [main] DEBUG - Save content types part
18:38:31.701 [main] DEBUG - Save package relationships
18:38:31.701 [main] DEBUG - Save part 'docProps/app.xml'
18:38:31.701 [main] DEBUG - Save part 'docProps/core.xml'
18:38:31.701 [main] DEBUG - Save part 'xl/printerSettings/printerSettings1.bin'
18:38:31.701 [main] DEBUG - Save part 'xl/sharedStrings.xml'
18:38:31.702 [main] DEBUG - Save part 'xl/styles.xml'
18:38:31.702 [main] DEBUG - Save part 'xl/theme/theme1.xml'
18:38:31.702 [main] DEBUG - Save part 'xl/workbook.xml'
18:38:31.703 [main] DEBUG - Save part 'xl/worksheets/sheet1.xml'
18:38:31.703 [main] DEBUG - Save part 'xl/worksheets/sheet2.xml'
18:38:31.703 [main] DEBUG - Save part 'xl/worksheets/sheet3.xml'
18:38:31.703 [main] DEBUG - Save part 'xl/worksheets/sheet4.xml'
18:38:31.703 [main] DEBUG - Save part 'xl/worksheets/sheet5.xml'
18:38:31.703 [main] DEBUG - Save part 'xl/worksheets/sheet6.xml'
18:38:31.703 [main] DEBUG - Save part 'xl/worksheets/sheet7.xml'
18:38:31.704 [main] DEBUG - Save part 'xl/worksheets/sheet8.xml'
18:38:31.704 [main] DEBUG - Save part 'xl/worksheets/sheet9.xml'
18:38:31.732 [main] DEBUG - Parsing relationship: /xl/_rels/workbook.xml.rels
18:38:31.732 [main] DEBUG - Parsing relationship: /xl/worksheets/_rels/sheet6.xml.rels
18:38:31.732 [main] DEBUG - Parsing relationship: /_rels/.rels
18:38:31.735 [main] DEBUG - using default POIXMLDocumentPart for http://schemas.openxmlformats.org/officeDocument/2006/relationships/printerSettings
18:38:31.744 [main] DEBUG - Save content types part
18:38:31.745 [main] DEBUG - Save package relationships
18:38:31.745 [main] DEBUG - Save part 'docProps/app.xml'
18:38:31.746 [main] DEBUG - Save part 'docProps/core.xml'
18:38:31.746 [main] DEBUG - Save part 'xl/printerSettings/printerSettings1.bin'
18:38:31.746 [main] DEBUG - Save part 'xl/sharedStrings.xml'
18:38:31.746 [main] DEBUG - Save part 'xl/styles.xml'
18:38:31.746 [main] DEBUG - Save part 'xl/theme/theme1.xml'
18:38:31.747 [main] DEBUG - Save part 'xl/workbook.xml'
18:38:31.747 [main] DEBUG - Save part 'xl/worksheets/sheet1.xml'
18:38:31.747 [main] DEBUG - Save part 'xl/worksheets/sheet2.xml'
18:38:31.747 [main] DEBUG - Save part 'xl/worksheets/sheet3.xml'
18:38:31.747 [main] DEBUG - Save part 'xl/worksheets/sheet4.xml'
18:38:31.747 [main] DEBUG - Save part 'xl/worksheets/sheet5.xml'
18:38:31.748 [main] DEBUG - Save part 'xl/worksheets/sheet6.xml'
18:38:31.748 [main] DEBUG - Save part 'xl/worksheets/sheet7.xml'
18:38:31.748 [main] DEBUG - Save part 'xl/worksheets/sheet8.xml'
18:38:31.748 [main] DEBUG - Save part 'xl/worksheets/sheet9.xml'
18:38:31.766 [main] DEBUG - Parsing relationship: /xl/_rels/workbook.xml.rels
18:38:31.766 [main] DEBUG - Parsing relationship: /xl/worksheets/_rels/sheet6.xml.rels
18:38:31.767 [main] DEBUG - Parsing relationship: /_rels/.rels
18:38:31.770 [main] DEBUG - using default POIXMLDocumentPart for http://schemas.openxmlformats.org/officeDocument/2006/relationships/printerSettings
18:38:31.779 [main] DEBUG - Save content types part
18:38:31.780 [main] DEBUG - Save package relationships
18:38:31.780 [main] DEBUG - Save part 'docProps/app.xml'
18:38:31.780 [main] DEBUG - Save part 'docProps/core.xml'
18:38:31.781 [main] DEBUG - Save part 'xl/printerSettings/printerSettings1.bin'
18:38:31.781 [main] DEBUG - Save part 'xl/sharedStrings.xml'
18:38:31.781 [main] DEBUG - Save part 'xl/styles.xml'
18:38:31.781 [main] DEBUG - Save part 'xl/theme/theme1.xml'
18:38:31.781 [main] DEBUG - Save part 'xl/workbook.xml'
18:38:31.782 [main] DEBUG - Save part 'xl/worksheets/sheet1.xml'
18:38:31.782 [main] DEBUG - Save part 'xl/worksheets/sheet2.xml'
18:38:31.782 [main] DEBUG - Save part 'xl/worksheets/sheet3.xml'
18:38:31.782 [main] DEBUG - Save part 'xl/worksheets/sheet4.xml'
18:38:31.782 [main] DEBUG - Save part 'xl/worksheets/sheet5.xml'
18:38:31.782 [main] DEBUG - Save part 'xl/worksheets/sheet6.xml'
18:38:31.783 [main] DEBUG - Save part 'xl/worksheets/sheet7.xml'
18:38:31.783 [main] DEBUG - Save part 'xl/worksheets/sheet8.xml'
18:38:31.783 [main] DEBUG - Save part 'xl/worksheets/sheet9.xml'
18:38:31.810 [main] DEBUG - Parsing relationship: /xl/_rels/workbook.xml.rels
18:38:31.810 [main] DEBUG - Parsing relationship: /xl/worksheets/_rels/sheet6.xml.rels
18:38:31.810 [main] DEBUG - Parsing relationship: /_rels/.rels
18:38:31.815 [main] DEBUG - using default POIXMLDocumentPart for http://schemas.openxmlformats.org/officeDocument/2006/relationships/printerSettings
18:38:31.824 [main] DEBUG - Save content types part
18:38:31.824 [main] DEBUG - Save package relationships
18:38:31.825 [main] DEBUG - Save part 'docProps/app.xml'
18:38:31.825 [main] DEBUG - Save part 'docProps/core.xml'
18:38:31.825 [main] DEBUG - Save part 'xl/printerSettings/printerSettings1.bin'
18:38:31.825 [main] DEBUG - Save part 'xl/sharedStrings.xml'
18:38:31.826 [main] DEBUG - Save part 'xl/styles.xml'
18:38:31.826 [main] DEBUG - Save part 'xl/theme/theme1.xml'
18:38:31.826 [main] DEBUG - Save part 'xl/workbook.xml'
18:38:31.826 [main] DEBUG - Save part 'xl/worksheets/sheet1.xml'
18:38:31.826 [main] DEBUG - Save part 'xl/worksheets/sheet2.xml'
18:38:31.827 [main] DEBUG - Save part 'xl/worksheets/sheet3.xml'
18:38:31.827 [main] DEBUG - Save part 'xl/worksheets/sheet4.xml'
18:38:31.827 [main] DEBUG - Save part 'xl/worksheets/sheet5.xml'
18:38:31.827 [main] DEBUG - Save part 'xl/worksheets/sheet6.xml'
18:38:31.827 [main] DEBUG - Save part 'xl/worksheets/sheet7.xml'
18:38:31.827 [main] DEBUG - Save part 'xl/worksheets/sheet8.xml'
18:38:31.827 [main] DEBUG - Save part 'xl/worksheets/sheet9.xml'
18:38:31.856 [main] DEBUG - Parsing relationship: /xl/_rels/workbook.xml.rels
18:38:31.856 [main] DEBUG - Parsing relationship: /xl/worksheets/_rels/sheet6.xml.rels
18:38:31.856 [main] DEBUG - Parsing relationship: /_rels/.rels
18:38:31.860 [main] DEBUG - using default POIXMLDocumentPart for http://schemas.openxmlformats.org/officeDocument/2006/relationships/printerSettings
18:38:31.870 [main] DEBUG - Save content types part
18:38:31.870 [main] DEBUG - Save package relationships
18:38:31.871 [main] DEBUG - Save part 'docProps/app.xml'
18:38:31.871 [main] DEBUG - Save part 'docProps/core.xml'
18:38:31.871 [main] DEBUG - Save part 'xl/printerSettings/printerSettings1.bin'
18:38:31.871 [main] DEBUG - Save part 'xl/sharedStrings.xml'
18:38:31.872 [main] DEBUG - Save part 'xl/styles.xml'
18:38:31.872 [main] DEBUG - Save part 'xl/theme/theme1.xml'
18:38:31.872 [main] DEBUG - Save part 'xl/workbook.xml'
18:38:31.872 [main] DEBUG - Save part 'xl/worksheets/sheet1.xml'
18:38:31.873 [main] DEBUG - Save part 'xl/worksheets/sheet2.xml'
