22:34:55.736 [main] DEBUG - Save part 'xl/styles.xml'
22:34:55.746 [main] DEBUG - Save part 'xl/theme/theme1.xml'
22:34:55.747 [main] DEBUG - Save part 'xl/workbook.xml'
22:34:55.748 [main] DEBUG - Save part 'xl/worksheets/sheet1.xml'
22:34:55.749 [main] DEBUG - Save part 'xl/worksheets/sheet2.xml'
22:34:55.749 [main] DEBUG - Save part 'xl/worksheets/sheet3.xml'
22:34:55.749 [main] DEBUG - Save part 'xl/worksheets/sheet4.xml'
22:34:55.749 [main] DEBUG - Save part 'xl/worksheets/sheet5.xml'
22:34:55.749 [main] DEBUG - Save part 'xl/worksheets/sheet6.xml'
22:34:55.768 [main] DEBUG - Parsing relationship: /xl/_rels/workbook.xml.rels
22:34:55.775 [main] DEBUG - Parsing relationship: /_rels/.rels
22:34:55.790 [main] DEBUG - Save content types part
22:34:55.791 [main] DEBUG - Save package relationships
22:34:55.791 [main] DEBUG - Save part 'docProps/app.xml'
22:34:55.792 [main] DEBUG - Save part 'docProps/core.xml'
22:34:55.792 [main] DEBUG - Save part 'xl/sharedStrings.xml'
22:34:55.793 [main] DEBUG - Save part 'xl/styles.xml'
22:34:55.793 [main] DEBUG - Save part 'xl/theme/theme1.xml'
22:34:55.793 [main] DEBUG - Save part 'xl/workbook.xml'
22:34:55.794 [main] DEBUG - Save part 'xl/worksheets/sheet1.xml'
22:34:55.794 [main] DEBUG - Save part 'xl/worksheets/sheet2.xml'
22:34:55.794 [main] DEBUG - Save part 'xl/worksheets/sheet3.xml'
22:34:55.794 [main] DEBUG - Save part 'xl/worksheets/sheet4.xml'
22:34:55.794 [main] DEBUG - Save part 'xl/worksheets/sheet5.xml'
22:34:55.795 [main] DEBUG - Save part 'xl/worksheets/sheet6.xml'
22:34:55.812 [main] DEBUG - Parsing relationship: /xl/_rels/workbook.xml.rels
22:34:55.812 [main] DEBUG - Parsing relationship: /_rels/.rels
22:34:55.831 [main] DEBUG - Save content types part
22:34:55.832 [main] DEBUG - Save package relationships
22:34:55.833 [main] DEBUG - Save part 'docProps/app.xml'
22:34:55.833 [main] DEBUG - Save part 'docProps/core.xml'
22:34:55.835 [main] DEBUG - Save part 'xl/sharedStrings.xml'
22:34:55.835 [main] DEBUG - Save part 'xl/styles.xml'
22:34:55.835 [main] DEBUG - Save part 'xl/theme/theme1.xml'
22:34:55.836 [main] DEBUG - Save part 'xl/workbook.xml'
22:34:55.836 [main] DEBUG - Save part 'xl/worksheets/sheet1.xml'
22:34:55.837 [main] DEBUG - Save part 'xl/worksheets/sheet2.xml'
22:34:55.837 [main] DEBUG - Save part 'xl/worksheets/sheet3.xml'
22:34:55.837 [main] DEBUG - Save part 'xl/worksheets/sheet4.xml'
22:34:55.837 [main] DEBUG - Save part 'xl/worksheets/sheet5.xml'
22:34:55.837 [main] DEBUG - Save part 'xl/worksheets/sheet6.xml'
22:34:55.861 [main] DEBUG - Parsing relationship: /xl/_rels/workbook.xml.rels
22:34:55.861 [main] DEBUG - Parsing relationship: /_rels/.rels
22:34:55.875 [main] DEBUG - Save content types part
22:34:55.876 [main] DEBUG - Save package relationships
22:34:55.877 [main] DEBUG - Save part 'docProps/app.xml'
22:34:55.877 [main] DEBUG - Save part 'docProps/core.xml'
22:34:55.878 [main] DEBUG - Save part 'xl/sharedStrings.xml'
22:34:55.878 [main] DEBUG - Save part 'xl/styles.xml'
22:34:55.879 [main] DEBUG - Save part 'xl/theme/theme1.xml'
22:34:55.879 [main] DEBUG - Save part 'xl/workbook.xml'
22:34:55.881 [main] DEBUG - Save part 'xl/worksheets/sheet1.xml'
22:34:55.881 [main] DEBUG - Save part 'xl/worksheets/sheet2.xml'
22:34:55.881 [main] DEBUG - Save part 'xl/worksheets/sheet3.xml'
22:34:55.881 [main] DEBUG - Save part 'xl/worksheets/sheet4.xml'
22:34:55.881 [main] DEBUG - Save part 'xl/worksheets/sheet5.xml'
22:34:55.882 [main] DEBUG - Save part 'xl/worksheets/sheet6.xml'
22:34:55.908 [main] DEBUG - Parsing relationship: /xl/_rels/workbook.xml.rels
22:34:55.908 [main] DEBUG - Parsing relationship: /_rels/.rels
22:34:55.930 [main] DEBUG - Save content types part
22:34:55.931 [main] DEBUG - Save package relationships
22:34:55.932 [main] DEBUG - Save part 'docProps/app.xml'
22:34:55.932 [main] DEBUG - Save part 'docProps/core.xml'
22:34:55.934 [main] DEBUG - Save part 'xl/sharedStrings.xml'
22:34:55.934 [main] DEBUG - Save part 'xl/styles.xml'
22:34:55.935 [main] DEBUG - Save part 'xl/theme/theme1.xml'
22:34:55.935 [main] DEBUG - Save part 'xl/workbook.xml'
22:34:55.937 [main] DEBUG - Save part 'xl/worksheets/sheet1.xml'
22:34:55.937 [main] DEBUG - Save part 'xl/worksheets/sheet2.xml'
22:34:55.938 [main] DEBUG - Save part 'xl/worksheets/sheet3.xml'
22:34:55.938 [main] DEBUG - Save part 'xl/worksheets/sheet4.xml'
22:34:55.938 [main] DEBUG - Save part 'xl/worksheets/sheet5.xml'
22:34:55.939 [main] DEBUG - Save part 'xl/worksheets/sheet6.xml'
22:34:55.963 [main] DEBUG - Parsing relationship: /xl/_rels/workbook.xml.rels
22:34:55.963 [main] DEBUG - Parsing relationship: /_rels/.rels
22:34:55.981 [main] DEBUG - Save content types part
22:34:55.982 [main] DEBUG - Save package relationships
22:34:55.983 [main] DEBUG - Save part 'docProps/app.xml'
22:34:55.983 [main] DEBUG - Save part 'docProps/core.xml'
22:34:55.984 [main] DEBUG - Save part 'xl/sharedStrings.xml'
22:34:55.984 [main] DEBUG - Save part 'xl/styles.xml'
22:34:55.984 [main] DEBUG - Save part 'xl/theme/theme1.xml'
22:34:55.985 [main] DEBUG - Save part 'xl/workbook.xml'
22:34:55.986 [main] DEBUG - Save part 'xl/worksheets/sheet1.xml'
22:34:55.986 [main] DEBUG - Save part 'xl/worksheets/sheet2.xml'
22:34:55.986 [main] DEBUG - Save part 'xl/worksheets/sheet3.xml'
22:34:55.986 [main] DEBUG - Save part 'xl/worksheets/sheet4.xml'
22:34:55.987 [main] DEBUG - Save part 'xl/worksheets/sheet5.xml'
22:34:55.987 [main] DEBUG - Save part 'xl/worksheets/sheet6.xml'
22:34:56.013 [main] DEBUG - Parsing relationship: /xl/_rels/workbook.xml.rels
22:34:56.014 [main] DEBUG - Parsing relationship: /_rels/.rels
22:34:56.030 [main] DEBUG - Save content types part
22:34:56.031 [main] DEBUG - Save package relationships
22:34:56.032 [main] DEBUG - Save part 'docProps/app.xml'
22:34:56.032 [main] DEBUG - Save part 'docProps/core.xml'
22:34:56.033 [main] DEBUG - Save part 'xl/sharedStrings.xml'
22:34:56.033 [main] DEBUG - Save part 'xl/styles.xml'
22:34:56.033 [main] DEBUG - Save part 'xl/theme/theme1.xml'
22:34:56.034 [main] DEBUG - Save part 'xl/workbook.xml'
22:34:56.034 [main] DEBUG - Save part 'xl/worksheets/sheet1.xml'
22:34:56.034 [main] DEBUG - Save part 'xl/worksheets/sheet2.xml'
22:34:56.035 [main] DEBUG - Save part 'xl/worksheets/sheet3.xml'
22:34:56.035 [main] DEBUG - Save part 'xl/worksheets/sheet4.xml'
22:34:56.035 [main] DEBUG - Save part 'xl/worksheets/sheet5.xml'
22:34:56.035 [main] DEBUG - Save part 'xl/worksheets/sheet6.xml'
22:34:56.062 [main] DEBUG - Parsing relationship: /xl/_rels/workbook.xml.rels
22:34:56.062 [main] DEBUG - Parsing relationship: /_rels/.rels
22:34:56.077 [main] DEBUG - Save content types part
22:34:56.078 [main] DEBUG - Save package relationships
22:34:56.078 [main] DEBUG - Save part 'docProps/app.xml'
22:34:56.078 [main] DEBUG - Save part 'docProps/core.xml'
22:34:56.079 [main] DEBUG - Save part 'xl/sharedStrings.xml'
22:34:56.079 [main] DEBUG - Save part 'xl/styles.xml'
22:34:56.080 [main] DEBUG - Save part 'xl/theme/theme1.xml'
22:34:56.080 [main] DEBUG - Save part 'xl/workbook.xml'
22:34:56.080 [main] DEBUG - Save part 'xl/worksheets/sheet1.xml'
22:34:56.081 [main] DEBUG - Save part 'xl/worksheets/sheet2.xml'
22:34:56.081 [main] DEBUG - Save part 'xl/worksheets/sheet3.xml'
22:34:56.081 [main] DEBUG - Save part 'xl/worksheets/sheet4.xml'
22:34:56.081 [main] DEBUG - Save part 'xl/worksheets/sheet5.xml'
22:34:56.081 [main] DEBUG - Save part 'xl/worksheets/sheet6.xml'
22:34:56.105 [main] DEBUG - Parsing relationship: /xl/_rels/workbook.xml.rels
22:34:56.106 [main] DEBUG - Parsing relationship: /_rels/.rels
22:34:56.119 [main] DEBUG - Save content types part
22:34:56.119 [main] DEBUG - Save package relationships
22:34:56.120 [main] DEBUG - Save part 'docProps/app.xml'
22:34:56.120 [main] DEBUG - Save part 'docProps/core.xml'
22:34:56.121 [main] DEBUG - Save part 'xl/sharedStrings.xml'
22:34:56.121 [main] DEBUG - Save part 'xl/styles.xml'
22:34:56.121 [main] DEBUG - Save part 'xl/theme/theme1.xml'
22:34:56.122 [main] DEBUG - Save part 'xl/workbook.xml'
22:34:56.122 [main] DEBUG - Save part 'xl/worksheets/sheet1.xml'
22:34:56.123 [main] DEBUG - Save part 'xl/worksheets/sheet2.xml'
22:34:56.123 [main] DEBUG - Save part 'xl/worksheets/sheet3.xml'
22:34:56.123 [main] DEBUG - Save part 'xl/worksheets/sheet4.xml'
22:34:56.123 [main] DEBUG - Save part 'xl/worksheets/sheet5.xml'
22:34:56.123 [main] DEBUG - Save part 'xl/worksheets/sheet6.xml'
22:34:56.142 [main] DEBUG - Parsing relationship: /xl/_rels/workbook.xml.rels
22:34:56.143 [main] DEBUG - Parsing relationship: /_rels/.rels
22:34:56.154 [main] DEBUG - Save content types part
22:34:56.155 [main] DEBUG - Save package relationships
22:34:56.156 [main] DEBUG - Save part 'docProps/app.xml'
22:34:56.156 [main] DEBUG - Save part 'docProps/core.xml'
22:34:56.157 [main] DEBUG - Save part 'xl/sharedStrings.xml'
22:34:56.157 [main] DEBUG - Save part 'xl/styles.xml'
22:34:56.157 [main] DEBUG - Save part 'xl/theme/theme1.xml'
22:34:56.157 [main] DEBUG - Save part 'xl/workbook.xml'
22:34:56.159 [main] DEBUG - Save part 'xl/worksheets/sheet1.xml'
22:34:56.159 [main] DEBUG - Save part 'xl/worksheets/sheet2.xml'
22:34:56.159 [main] DEBUG - Save part 'xl/worksheets/sheet3.xml'
22:34:56.159 [main] DEBUG - Save part 'xl/worksheets/sheet4.xml'
22:34:56.159 [main] DEBUG - Save part 'xl/worksheets/sheet5.xml'
22:34:56.159 [main] DEBUG - Save part 'xl/worksheets/sheet6.xml'
22:34:56.179 [main] DEBUG - Parsing relationship: /xl/_rels/workbook.xml.rels
22:34:56.179 [main] DEBUG - Parsing relationship: /_rels/.rels
22:34:56.198 [main] DEBUG - Save content types part
22:34:56.200 [main] DEBUG - Save package relationships
22:34:56.200 [main] DEBUG - Save part 'docProps/app.xml'
22:34:56.201 [main] DEBUG - Save part 'docProps/core.xml'
22:34:56.202 [main] DEBUG - Save part 'xl/sharedStrings.xml'
22:34:56.202 [main] DEBUG - Save part 'xl/styles.xml'
22:34:56.202 [main] DEBUG - Save part 'xl/theme/theme1.xml'
22:34:56.203 [main] DEBUG - Save part 'xl/workbook.xml'
22:34:56.204 [main] DEBUG - Save part 'xl/worksheets/sheet1.xml'
22:34:56.204 [main] DEBUG - Save part 'xl/worksheets/sheet2.xml'
22:34:56.204 [main] DEBUG - Save part 'xl/worksheets/sheet3.xml'
22:34:56.204 [main] DEBUG - Save part 'xl/worksheets/sheet4.xml'
22:34:56.205 [main] DEBUG - Save part 'xl/worksheets/sheet5.xml'
22:34:56.205 [main] DEBUG - Save part 'xl/worksheets/sheet6.xml'
22:34:56.230 [main] DEBUG - Parsing relationship: /xl/_rels/workbook.xml.rels
22:34:56.230 [main] DEBUG - Parsing relationship: /_rels/.rels
22:34:56.245 [main] DEBUG - Save content types part
22:34:56.246 [main] DEBUG - Save package relationships
22:34:56.247 [main] DEBUG - Save part 'docProps/app.xml'
22:34:56.247 [main] DEBUG - Save part 'docProps/core.xml'
22:34:56.248 [main] DEBUG - Save part 'xl/sharedStrings.xml'
22:34:56.248 [main] DEBUG - Save part 'xl/styles.xml'
22:34:56.248 [main] DEBUG - Save part 'xl/theme/theme1.xml'
22:34:56.249 [main] DEBUG - Save part 'xl/workbook.xml'
22:34:56.249 [main] DEBUG - Save part 'xl/worksheets/sheet1.xml'
22:34:56.250 [main] DEBUG - Save part 'xl/worksheets/sheet2.xml'
22:34:56.250 [main] DEBUG - Save part 'xl/worksheets/sheet3.xml'
22:34:56.250 [main] DEBUG - Save part 'xl/worksheets/sheet4.xml'
22:34:56.250 [main] DEBUG - Save part 'xl/worksheets/sheet5.xml'
22:34:56.250 [main] DEBUG - Save part 'xl/worksheets/sheet6.xml'
22:34:56.274 [main] DEBUG - Parsing relationship: /xl/_rels/workbook.xml.rels
22:34:56.274 [main] DEBUG - Parsing relationship: /_rels/.rels
22:34:56.288 [main] DEBUG - Save content types part
22:34:56.289 [main] DEBUG - Save package relationships
22:34:56.290 [main] DEBUG - Save part 'docProps/app.xml'
22:34:56.290 [main] DEBUG - Save part 'docProps/core.xml'
22:34:56.291 [main] DEBUG - Save part 'xl/sharedStrings.xml'
22:34:56.291 [main] DEBUG - Save part 'xl/styles.xml'
22:34:56.291 [main] DEBUG - Save part 'xl/theme/theme1.xml'
22:34:56.291 [main] DEBUG - Save part 'xl/workbook.xml'
22:34:56.292 [main] DEBUG - Save part 'xl/worksheets/sheet1.xml'
22:34:56.292 [main] DEBUG - Save part 'xl/worksheets/sheet2.xml'
22:34:56.292 [main] DEBUG - Save part 'xl/worksheets/sheet3.xml'
22:34:56.292 [main] DEBUG - Save part 'xl/worksheets/sheet4.xml'
22:34:56.293 [main] DEBUG - Save part 'xl/worksheets/sheet5.xml'
22:34:56.293 [main] DEBUG - Save part 'xl/worksheets/sheet6.xml'
22:34:56.308 [main] DEBUG - Parsing relationship: /xl/_rels/workbook.xml.rels
22:34:56.310 [main] DEBUG - Parsing relationship: /_rels/.rels
22:34:56.327 [main] DEBUG - Save content types part
22:34:56.329 [main] DEBUG - Save package relationships
22:34:56.330 [main] DEBUG - Save part 'docProps/app.xml'
22:34:56.330 [main] DEBUG - Save part 'docProps/core.xml'
22:34:56.331 [main] DEBUG - Save part 'xl/sharedStrings.xml'
22:34:56.332 [main] DEBUG - Save part 'xl/styles.xml'
22:34:56.332 [main] DEBUG - Save part 'xl/theme/theme1.xml'
22:34:56.332 [main] DEBUG - Save part 'xl/workbook.xml'
22:34:56.333 [main] DEBUG - Save part 'xl/worksheets/sheet1.xml'
22:34:56.333 [main] DEBUG - Save part 'xl/worksheets/sheet2.xml'
22:34:56.333 [main] DEBUG - Save part 'xl/worksheets/sheet3.xml'
22:34:56.333 [main] DEBUG - Save part 'xl/worksheets/sheet4.xml'
22:34:56.333 [main] DEBUG - Save part 'xl/worksheets/sheet5.xml'
22:34:56.334 [main] DEBUG - Save part 'xl/worksheets/sheet6.xml'
22:34:56.357 [main] DEBUG - Parsing relationship: /xl/_rels/workbook.xml.rels
22:34:56.358 [main] DEBUG - Parsing relationship: /_rels/.rels
22:34:56.373 [main] DEBUG - Save content types part
22:34:56.373 [main] DEBUG - Save package relationships
22:34:56.374 [main] DEBUG - Save part 'docProps/app.xml'
22:34:56.374 [main] DEBUG - Save part 'docProps/core.xml'
22:34:56.375 [main] DEBUG - Save part 'xl/sharedStrings.xml'
22:34:56.376 [main] DEBUG - Save part 'xl/styles.xml'
22:34:56.376 [main] DEBUG - Save part 'xl/theme/theme1.xml'
22:34:56.376 [main] DEBUG - Save part 'xl/workbook.xml'
22:34:56.377 [main] DEBUG - Save part 'xl/worksheets/sheet1.xml'
22:34:56.377 [main] DEBUG - Save part 'xl/worksheets/sheet2.xml'
22:34:56.377 [main] DEBUG - Save part 'xl/worksheets/sheet3.xml'
22:34:56.377 [main] DEBUG - Save part 'xl/worksheets/sheet4.xml'
22:34:56.378 [main] DEBUG - Save part 'xl/worksheets/sheet5.xml'
22:34:56.378 [main] DEBUG - Save part 'xl/worksheets/sheet6.xml'
22:34:56.401 [main] DEBUG - Parsing relationship: /xl/_rels/workbook.xml.rels
22:34:56.401 [main] DEBUG - Parsing relationship: /_rels/.rels
22:34:56.416 [main] DEBUG - Save content types part
22:34:56.417 [main] DEBUG - Save package relationships
22:34:56.418 [main] DEBUG - Save part 'docProps/app.xml'
22:34:56.418 [main] DEBUG - Save part 'docProps/core.xml'
22:34:56.419 [main] DEBUG - Save part 'xl/sharedStrings.xml'
22:34:56.419 [main] DEBUG - Save part 'xl/styles.xml'
22:34:56.419 [main] DEBUG - Save part 'xl/theme/theme1.xml'
22:34:56.419 [main] DEBUG - Save part 'xl/workbook.xml'
22:34:56.420 [main] DEBUG - Save part 'xl/worksheets/sheet1.xml'
22:34:56.420 [main] DEBUG - Save part 'xl/worksheets/sheet2.xml'
22:34:56.420 [main] DEBUG - Save part 'xl/worksheets/sheet3.xml'
22:34:56.420 [main] DEBUG - Save part 'xl/worksheets/sheet4.xml'
22:34:56.421 [main] DEBUG - Save part 'xl/worksheets/sheet5.xml'
22:34:56.421 [main] DEBUG - Save part 'xl/worksheets/sheet6.xml'
22:34:56.421 [main] INFO  - ✅ FAQs written successfully.
22:38:06.210 [main] INFO  - Navigating to login screen.
22:38:06.447 [main] INFO  - Login screen loaded successfully.
22:38:06.461 [main] INFO  - Running login test for row 1 - Scenario: missing_email
22:38:10.681 [main] DEBUG - Parsing relationship: /xl/_rels/workbook.xml.rels
22:38:10.687 [main] DEBUG - Parsing relationship: /_rels/.rels
22:38:10.943 [main] TRACE - Loading type system org.apache.poi.schemas.ooxml.system.ooxml
22:38:10.946 [main] TRACE - Loading type system org.apache.xmlbeans.metadata.system.sXMLCONFIG
22:38:10.946 [main] TRACE - Loading type system org.apache.xmlbeans.metadata.system.sXMLLANG
22:38:10.947 [main] TRACE - Loading type system org.apache.xmlbeans.metadata.system.sXMLSCHEMA
22:38:10.947 [main] TRACE - Loading type system org.apache.xmlbeans.metadata.system.sXMLTOOLS
22:38:10.949 [main] TRACE - Reading unresolved handles for type system org.apache.xmlbeans.metadata.system.sXMLTOOLS
22:38:10.958 [main] TRACE - Finished loading type system org.apache.xmlbeans.metadata.system.sXMLTOOLS
22:38:10.959 [main] TRACE - Reading unresolved handles for type system org.apache.xmlbeans.metadata.system.sXMLSCHEMA
22:38:10.964 [main] TRACE - Finished loading type system org.apache.xmlbeans.metadata.system.sXMLSCHEMA
22:38:10.964 [main] TRACE - Reading unresolved handles for type system org.apache.xmlbeans.metadata.system.sXMLLANG
22:38:10.965 [main] TRACE - Finished loading type system org.apache.xmlbeans.metadata.system.sXMLLANG
22:38:10.966 [main] TRACE - Reading unresolved handles for type system org.apache.xmlbeans.metadata.system.sXMLCONFIG
22:38:10.967 [main] TRACE - Finished loading type system org.apache.xmlbeans.metadata.system.sXMLCONFIG
22:38:10.967 [main] TRACE - Reading unresolved handles for type system org.apache.poi.schemas.ooxml.system.ooxml
22:38:11.026 [main] TRACE - Finished loading type system org.apache.poi.schemas.ooxml.system.ooxml
22:38:11.027 [main] TRACE - Resolving type for handle themefd26doctype
22:38:11.096 [main] TRACE - Resolving type for handle stylesheet5d8bdoctype
22:38:11.102 [main] TRACE - Resolving type for handle ctstylesheet4257type
22:38:11.113 [main] TRACE - Resolving type for handle ctfonts6623type
22:38:11.118 [main] TRACE - Resolving type for handle ctfont14d8type
22:38:11.127 [main] TRACE - Resolving type for handle ctfills2c6ftype
22:38:11.129 [main] TRACE - Resolving type for handle ctfill550ctype
22:38:11.132 [main] TRACE - Resolving type for handle ctborders0d66type
22:38:11.134 [main] TRACE - Resolving type for handle ctborderf935type
22:38:11.139 [main] TRACE - Resolving type for handle ctcellxfs1322type
22:38:11.142 [main] TRACE - Resolving type for handle ctxf97f7type
22:38:11.147 [main] TRACE - Resolving type for handle ctcellstylexfsa81ftype
22:38:11.149 [main] TRACE - Resolving type for handle ctdxfsb26atype
22:38:11.152 [main] TRACE - Resolving type for handle cttablestyles872ftype
22:38:11.156 [main] TRACE - Resolving type for handle sstf81fdoctype
22:38:11.161 [main] TRACE - Resolving type for handle ctsst44f3type
22:38:11.171 [main] TRACE - Resolving type for handle ctrsta472type
22:38:11.201 [main] TRACE - Resolving type for handle workbookec17doctype
22:38:11.204 [main] TRACE - Resolving type for handle ctworkbook83c3type
22:38:11.211 [main] TRACE - Resolving type for handle ctsheets49fdtype
22:38:11.213 [main] TRACE - Resolving type for handle ctsheet4dbetype
22:38:11.215 [main] TRACE - Resolving type for handle strelationshipid1e94type
22:38:11.217 [main] TRACE - Resolving type for handle worksheetf539doctype
22:38:11.221 [main] TRACE - Resolving type for handle ctworksheet530dtype
22:38:11.231 [main] TRACE - Resolving type for handle ctcols627ctype
22:38:11.234 [main] TRACE - Resolving type for handle ctcola95ftype
22:38:11.259 [main] TRACE - Resolving type for handle ctsheetdata8408type
22:38:11.261 [main] TRACE - Resolving type for handle ctrowdd39type
22:38:11.266 [main] TRACE - Resolving type for handle ctcell842btype
22:38:11.274 [main] TRACE - Resolving type for handle stcellrefe4e0type
22:38:11.307 [main] TRACE - Resolving type for handle stxstringf179type
22:38:11.314 [main] TRACE - Resolving type for handle stcelltypebf95type
22:38:11.330 [main] TRACE - Resolving type for handle stcellstylexfid70c7type
22:38:11.336 [main] TRACE - Resolving type for handle ctsheetdimensiond310type
22:38:11.338 [main] TRACE - Resolving type for handle stref90a2type
22:38:11.355 [main] TRACE - Resolving type for handle ctnumfmtsb58btype
22:38:11.367 [main] TRACE - Resolving type for handle propertiesee84doctype
22:38:11.370 [main] TRACE - Resolving type for handle ctproperties3f10type
22:38:11.378 [main] TRACE - Resolving type for handle properties288cdoctype
22:38:11.380 [main] TRACE - Resolving type for handle ctproperties2c18type
22:38:11.393 [main] DEBUG - Save content types part
22:38:11.454 [main] DEBUG - Save package relationships
22:38:11.459 [main] DEBUG - Save part 'docProps/app.xml'
22:38:11.460 [main] DEBUG - Save part 'docProps/core.xml'
22:38:11.463 [main] DEBUG - Save part 'xl/sharedStrings.xml'
22:38:11.464 [main] DEBUG - Save part 'xl/styles.xml'
22:38:11.464 [main] DEBUG - Save part 'xl/theme/theme1.xml'
22:38:11.465 [main] DEBUG - Save part 'xl/workbook.xml'
22:38:11.467 [main] DEBUG - Save part 'xl/worksheets/sheet1.xml'
22:38:11.468 [main] DEBUG - Save part 'xl/worksheets/sheet2.xml'
22:38:11.468 [main] DEBUG - Save part 'xl/worksheets/sheet3.xml'
22:38:11.469 [main] DEBUG - Save part 'xl/worksheets/sheet4.xml'
22:38:11.469 [main] DEBUG - Save part 'xl/worksheets/sheet5.xml'
22:38:11.469 [main] DEBUG - Save part 'xl/worksheets/sheet6.xml'
22:38:11.505 [main] DEBUG - Parsing relationship: /xl/_rels/workbook.xml.rels
22:38:11.506 [main] DEBUG - Parsing relationship: /_rels/.rels
22:38:11.551 [main] DEBUG - Save content types part
22:38:11.553 [main] DEBUG - Save package relationships
22:38:11.555 [main] DEBUG - Save part 'docProps/app.xml'
22:38:11.555 [main] DEBUG - Save part 'docProps/core.xml'
22:38:11.557 [main] DEBUG - Save part 'xl/sharedStrings.xml'
22:38:11.557 [main] DEBUG - Save part 'xl/styles.xml'
22:38:11.557 [main] DEBUG - Save part 'xl/theme/theme1.xml'
22:38:11.558 [main] DEBUG - Save part 'xl/workbook.xml'
22:38:11.559 [main] DEBUG - Save part 'xl/worksheets/sheet1.xml'
22:38:11.559 [main] DEBUG - Save part 'xl/worksheets/sheet2.xml'
22:38:11.559 [main] DEBUG - Save part 'xl/worksheets/sheet3.xml'
22:38:11.559 [main] DEBUG - Save part 'xl/worksheets/sheet4.xml'
22:38:11.560 [main] DEBUG - Save part 'xl/worksheets/sheet5.xml'
22:38:11.560 [main] DEBUG - Save part 'xl/worksheets/sheet6.xml'
22:38:11.561 [main] INFO  - Login result for row 1: Passed
22:38:11.561 [main] INFO  - Running login test for row 2 - Scenario: missing_password
22:38:12.275 [main] DEBUG - Parsing relationship: /xl/_rels/workbook.xml.rels
22:38:12.276 [main] DEBUG - Parsing relationship: /_rels/.rels
22:38:12.346 [main] DEBUG - Save content types part
22:38:12.348 [main] DEBUG - Save package relationships
22:38:12.349 [main] DEBUG - Save part 'docProps/app.xml'
22:38:12.350 [main] DEBUG - Save part 'docProps/core.xml'
22:38:12.352 [main] DEBUG - Save part 'xl/sharedStrings.xml'
22:38:12.354 [main] DEBUG - Save part 'xl/styles.xml'
22:38:12.355 [main] DEBUG - Save part 'xl/theme/theme1.xml'
22:38:12.355 [main] DEBUG - Save part 'xl/workbook.xml'
22:38:12.358 [main] DEBUG - Save part 'xl/worksheets/sheet1.xml'
22:38:12.358 [main] DEBUG - Save part 'xl/worksheets/sheet2.xml'
22:38:12.359 [main] DEBUG - Save part 'xl/worksheets/sheet3.xml'
22:38:12.359 [main] DEBUG - Save part 'xl/worksheets/sheet4.xml'
22:38:12.360 [main] DEBUG - Save part 'xl/worksheets/sheet5.xml'
22:38:12.360 [main] DEBUG - Save part 'xl/worksheets/sheet6.xml'
22:38:12.393 [main] DEBUG - Parsing relationship: /xl/_rels/workbook.xml.rels
22:38:12.395 [main] DEBUG - Parsing relationship: /_rels/.rels
22:38:12.463 [main] DEBUG - Save content types part
22:38:12.465 [main] DEBUG - Save package relationships
22:38:12.467 [main] DEBUG - Save part 'docProps/app.xml'
22:38:12.468 [main] DEBUG - Save part 'docProps/core.xml'
22:38:12.471 [main] DEBUG - Save part 'xl/sharedStrings.xml'
22:38:12.471 [main] DEBUG - Save part 'xl/styles.xml'
22:38:12.472 [main] DEBUG - Save part 'xl/theme/theme1.xml'
22:38:12.473 [main] DEBUG - Save part 'xl/workbook.xml'
22:38:12.475 [main] DEBUG - Save part 'xl/worksheets/sheet1.xml'
22:38:12.475 [main] DEBUG - Save part 'xl/worksheets/sheet2.xml'
22:38:12.475 [main] DEBUG - Save part 'xl/worksheets/sheet3.xml'
22:38:12.476 [main] DEBUG - Save part 'xl/worksheets/sheet4.xml'
22:38:12.476 [main] DEBUG - Save part 'xl/worksheets/sheet5.xml'
22:38:12.476 [main] DEBUG - Save part 'xl/worksheets/sheet6.xml'
22:38:12.477 [main] INFO  - Login result for row 2: Passed
22:38:12.477 [main] INFO  - Running login test for row 3 - Scenario: invalid_login
22:38:14.643 [main] DEBUG - Parsing relationship: /xl/_rels/workbook.xml.rels
22:38:14.644 [main] DEBUG - Parsing relationship: /_rels/.rels
22:38:14.676 [main] DEBUG - Save content types part
22:38:14.678 [main] DEBUG - Save package relationships
22:38:14.679 [main] DEBUG - Save part 'docProps/app.xml'
22:38:14.679 [main] DEBUG - Save part 'docProps/core.xml'
22:38:14.680 [main] DEBUG - Save part 'xl/sharedStrings.xml'
22:38:14.680 [main] DEBUG - Save part 'xl/styles.xml'
22:38:14.681 [main] DEBUG - Save part 'xl/theme/theme1.xml'
22:38:14.681 [main] DEBUG - Save part 'xl/workbook.xml'
22:38:14.683 [main] DEBUG - Save part 'xl/worksheets/sheet1.xml'
22:38:14.684 [main] DEBUG - Save part 'xl/worksheets/sheet2.xml'
22:38:14.684 [main] DEBUG - Save part 'xl/worksheets/sheet3.xml'
22:38:14.684 [main] DEBUG - Save part 'xl/worksheets/sheet4.xml'
22:38:14.685 [main] DEBUG - Save part 'xl/worksheets/sheet5.xml'
22:38:14.685 [main] DEBUG - Save part 'xl/worksheets/sheet6.xml'
22:38:14.713 [main] DEBUG - Parsing relationship: /xl/_rels/workbook.xml.rels
22:38:14.714 [main] DEBUG - Parsing relationship: /_rels/.rels
22:38:14.760 [main] DEBUG - Save content types part
22:38:14.762 [main] DEBUG - Save package relationships
22:38:14.765 [main] DEBUG - Save part 'docProps/app.xml'
22:38:14.765 [main] DEBUG - Save part 'docProps/core.xml'
22:38:14.767 [main] DEBUG - Save part 'xl/sharedStrings.xml'
22:38:14.767 [main] DEBUG - Save part 'xl/styles.xml'
22:38:14.768 [main] DEBUG - Save part 'xl/theme/theme1.xml'
22:38:14.769 [main] DEBUG - Save part 'xl/workbook.xml'
22:38:14.772 [main] DEBUG - Save part 'xl/worksheets/sheet1.xml'
22:38:14.773 [main] DEBUG - Save part 'xl/worksheets/sheet2.xml'
22:38:14.773 [main] DEBUG - Save part 'xl/worksheets/sheet3.xml'
22:38:14.773 [main] DEBUG - Save part 'xl/worksheets/sheet4.xml'
22:38:14.773 [main] DEBUG - Save part 'xl/worksheets/sheet5.xml'
22:38:14.774 [main] DEBUG - Save part 'xl/worksheets/sheet6.xml'
22:38:14.774 [main] INFO  - Login result for row 3: Passed
22:38:14.774 [main] INFO  - Running login test for row 4 - Scenario: valid_login
22:38:27.623 [main] DEBUG - Parsing relationship: /xl/_rels/workbook.xml.rels
22:38:27.625 [main] DEBUG - Parsing relationship: /_rels/.rels
22:38:27.684 [main] DEBUG - Save content types part
22:38:27.687 [main] DEBUG - Save package relationships
22:38:27.689 [main] DEBUG - Save part 'docProps/app.xml'
22:38:27.690 [main] DEBUG - Save part 'docProps/core.xml'
22:38:27.691 [main] DEBUG - Save part 'xl/sharedStrings.xml'
22:38:27.692 [main] DEBUG - Save part 'xl/styles.xml'
22:38:27.692 [main] DEBUG - Save part 'xl/theme/theme1.xml'
22:38:27.693 [main] DEBUG - Save part 'xl/workbook.xml'
22:38:27.694 [main] DEBUG - Save part 'xl/worksheets/sheet1.xml'
22:38:27.694 [main] DEBUG - Save part 'xl/worksheets/sheet2.xml'
22:38:27.695 [main] DEBUG - Save part 'xl/worksheets/sheet3.xml'
22:38:27.695 [main] DEBUG - Save part 'xl/worksheets/sheet4.xml'
22:38:27.695 [main] DEBUG - Save part 'xl/worksheets/sheet5.xml'
22:38:27.695 [main] DEBUG - Save part 'xl/worksheets/sheet6.xml'
22:38:27.731 [main] DEBUG - Parsing relationship: /xl/_rels/workbook.xml.rels
22:38:27.734 [main] DEBUG - Parsing relationship: /_rels/.rels
22:38:27.776 [main] DEBUG - Save content types part
22:38:27.779 [main] DEBUG - Save package relationships
22:38:27.780 [main] DEBUG - Save part 'docProps/app.xml'
22:38:27.781 [main] DEBUG - Save part 'docProps/core.xml'
22:38:27.784 [main] DEBUG - Save part 'xl/sharedStrings.xml'
22:38:27.784 [main] DEBUG - Save part 'xl/styles.xml'
22:38:27.785 [main] DEBUG - Save part 'xl/theme/theme1.xml'
22:38:27.785 [main] DEBUG - Save part 'xl/workbook.xml'
22:38:27.787 [main] DEBUG - Save part 'xl/worksheets/sheet1.xml'
22:38:27.787 [main] DEBUG - Save part 'xl/worksheets/sheet2.xml'
22:38:27.787 [main] DEBUG - Save part 'xl/worksheets/sheet3.xml'
22:38:27.788 [main] DEBUG - Save part 'xl/worksheets/sheet4.xml'
22:38:27.788 [main] DEBUG - Save part 'xl/worksheets/sheet5.xml'
22:38:27.788 [main] DEBUG - Save part 'xl/worksheets/sheet6.xml'
22:38:27.795 [main] INFO  - Login result for row 4: Passed
22:38:44.418 [main] DEBUG - Parsing relationship: /xl/_rels/workbook.xml.rels
22:38:44.419 [main] DEBUG - Parsing relationship: /_rels/.rels
22:38:44.452 [main] DEBUG - Save content types part
22:38:44.454 [main] DEBUG - Save package relationships
22:38:44.456 [main] DEBUG - Save part 'docProps/app.xml'
22:38:44.456 [main] DEBUG - Save part 'docProps/core.xml'
22:38:44.458 [main] DEBUG - Save part 'xl/sharedStrings.xml'
22:38:44.458 [main] DEBUG - Save part 'xl/styles.xml'
22:38:44.459 [main] DEBUG - Save part 'xl/theme/theme1.xml'
22:38:44.459 [main] DEBUG - Save part 'xl/workbook.xml'
22:38:44.461 [main] DEBUG - Save part 'xl/worksheets/sheet1.xml'
22:38:44.462 [main] DEBUG - Save part 'xl/worksheets/sheet2.xml'
22:38:44.462 [main] DEBUG - Save part 'xl/worksheets/sheet3.xml'
22:38:44.462 [main] DEBUG - Save part 'xl/worksheets/sheet4.xml'
22:38:44.463 [main] DEBUG - Save part 'xl/worksheets/sheet5.xml'
22:38:44.463 [main] DEBUG - Save part 'xl/worksheets/sheet6.xml'
22:38:44.488 [main] DEBUG - Parsing relationship: /xl/_rels/workbook.xml.rels
22:38:44.489 [main] DEBUG - Parsing relationship: /_rels/.rels
22:38:44.518 [main] DEBUG - Save content types part
22:38:44.520 [main] DEBUG - Save package relationships
22:38:44.522 [main] DEBUG - Save part 'docProps/app.xml'
22:38:44.522 [main] DEBUG - Save part 'docProps/core.xml'
22:38:44.524 [main] DEBUG - Save part 'xl/sharedStrings.xml'
22:38:44.524 [main] DEBUG - Save part 'xl/styles.xml'
22:38:44.525 [main] DEBUG - Save part 'xl/theme/theme1.xml'
22:38:44.525 [main] DEBUG - Save part 'xl/workbook.xml'
22:38:44.527 [main] DEBUG - Save part 'xl/worksheets/sheet1.xml'
22:38:44.528 [main] DEBUG - Save part 'xl/worksheets/sheet2.xml'
22:38:44.528 [main] DEBUG - Save part 'xl/worksheets/sheet3.xml'
22:38:44.528 [main] DEBUG - Save part 'xl/worksheets/sheet4.xml'
22:38:44.529 [main] DEBUG - Save part 'xl/worksheets/sheet5.xml'
22:38:44.529 [main] DEBUG - Save part 'xl/worksheets/sheet6.xml'
22:38:44.556 [main] DEBUG - Parsing relationship: /xl/_rels/workbook.xml.rels
22:38:44.557 [main] DEBUG - Parsing relationship: /_rels/.rels
22:38:44.578 [main] DEBUG - Save content types part
22:38:44.579 [main] DEBUG - Save package relationships
22:38:44.580 [main] DEBUG - Save part 'docProps/app.xml'
22:38:44.580 [main] DEBUG - Save part 'docProps/core.xml'
22:38:44.581 [main] DEBUG - Save part 'xl/sharedStrings.xml'
22:38:44.581 [main] DEBUG - Save part 'xl/styles.xml'
22:38:44.581 [main] DEBUG - Save part 'xl/theme/theme1.xml'
22:38:44.583 [main] DEBUG - Save part 'xl/workbook.xml'
22:38:44.584 [main] DEBUG - Save part 'xl/worksheets/sheet1.xml'
22:38:44.584 [main] DEBUG - Save part 'xl/worksheets/sheet2.xml'
22:38:44.584 [main] DEBUG - Save part 'xl/worksheets/sheet3.xml'
22:38:44.584 [main] DEBUG - Save part 'xl/worksheets/sheet4.xml'
22:38:44.585 [main] DEBUG - Save part 'xl/worksheets/sheet5.xml'
22:38:44.585 [main] DEBUG - Save part 'xl/worksheets/sheet6.xml'
22:38:44.609 [main] DEBUG - Parsing relationship: /xl/_rels/workbook.xml.rels
22:38:44.610 [main] DEBUG - Parsing relationship: /_rels/.rels
22:38:44.631 [main] DEBUG - Save content types part
22:38:44.632 [main] DEBUG - Save package relationships
22:38:44.633 [main] DEBUG - Save part 'docProps/app.xml'
22:38:44.633 [main] DEBUG - Save part 'docProps/core.xml'
22:38:44.634 [main] DEBUG - Save part 'xl/sharedStrings.xml'
22:38:44.634 [main] DEBUG - Save part 'xl/styles.xml'
22:38:44.635 [main] DEBUG - Save part 'xl/theme/theme1.xml'
22:38:44.635 [main] DEBUG - Save part 'xl/workbook.xml'
22:38:44.636 [main] DEBUG - Save part 'xl/worksheets/sheet1.xml'
22:38:44.636 [main] DEBUG - Save part 'xl/worksheets/sheet2.xml'
22:38:44.636 [main] DEBUG - Save part 'xl/worksheets/sheet3.xml'
22:38:44.636 [main] DEBUG - Save part 'xl/worksheets/sheet4.xml'
22:38:44.637 [main] DEBUG - Save part 'xl/worksheets/sheet5.xml'
22:38:44.637 [main] DEBUG - Save part 'xl/worksheets/sheet6.xml'
22:38:44.664 [main] DEBUG - Parsing relationship: /xl/_rels/workbook.xml.rels
22:38:44.664 [main] DEBUG - Parsing relationship: /_rels/.rels
22:38:44.687 [main] DEBUG - Save content types part
22:38:44.688 [main] DEBUG - Save package relationships
22:38:44.689 [main] DEBUG - Save part 'docProps/app.xml'
22:38:44.689 [main] DEBUG - Save part 'docProps/core.xml'
22:38:44.691 [main] DEBUG - Save part 'xl/sharedStrings.xml'
22:38:44.692 [main] DEBUG - Save part 'xl/styles.xml'
22:38:44.692 [main] DEBUG - Save part 'xl/theme/theme1.xml'
22:38:44.692 [main] DEBUG - Save part 'xl/workbook.xml'
22:38:44.694 [main] DEBUG - Save part 'xl/worksheets/sheet1.xml'
22:38:44.695 [main] DEBUG - Save part 'xl/worksheets/sheet2.xml'
22:38:44.695 [main] DEBUG - Save part 'xl/worksheets/sheet3.xml'
22:38:44.695 [main] DEBUG - Save part 'xl/worksheets/sheet4.xml'
22:38:44.695 [main] DEBUG - Save part 'xl/worksheets/sheet5.xml'
22:38:44.696 [main] DEBUG - Save part 'xl/worksheets/sheet6.xml'
22:38:44.721 [main] DEBUG - Parsing relationship: /xl/_rels/workbook.xml.rels
22:38:44.723 [main] DEBUG - Parsing relationship: /_rels/.rels
22:38:44.745 [main] DEBUG - Save content types part
22:38:44.746 [main] DEBUG - Save package relationships
22:38:44.747 [main] DEBUG - Save part 'docProps/app.xml'
22:38:44.747 [main] DEBUG - Save part 'docProps/core.xml'
22:38:44.748 [main] DEBUG - Save part 'xl/sharedStrings.xml'
22:38:44.748 [main] DEBUG - Save part 'xl/styles.xml'
22:38:44.748 [main] DEBUG - Save part 'xl/theme/theme1.xml'
22:38:44.749 [main] DEBUG - Save part 'xl/workbook.xml'
22:38:44.750 [main] DEBUG - Save part 'xl/worksheets/sheet1.xml'
22:38:44.750 [main] DEBUG - Save part 'xl/worksheets/sheet2.xml'
22:38:44.750 [main] DEBUG - Save part 'xl/worksheets/sheet3.xml'
22:38:44.751 [main] DEBUG - Save part 'xl/worksheets/sheet4.xml'
22:38:44.751 [main] DEBUG - Save part 'xl/worksheets/sheet5.xml'
22:38:44.751 [main] DEBUG - Save part 'xl/worksheets/sheet6.xml'
22:38:44.776 [main] DEBUG - Parsing relationship: /xl/_rels/workbook.xml.rels
22:38:44.776 [main] DEBUG - Parsing relationship: /_rels/.rels
22:38:44.798 [main] DEBUG - Save content types part
22:38:44.800 [main] DEBUG - Save package relationships
22:38:44.801 [main] DEBUG - Save part 'docProps/app.xml'
22:38:44.801 [main] DEBUG - Save part 'docProps/core.xml'
22:38:44.801 [main] DEBUG - Save part 'xl/sharedStrings.xml'
22:38:44.802 [main] DEBUG - Save part 'xl/styles.xml'
22:38:44.802 [main] DEBUG - Save part 'xl/theme/theme1.xml'
22:38:44.802 [main] DEBUG - Save part 'xl/workbook.xml'
22:38:44.803 [main] DEBUG - Save part 'xl/worksheets/sheet1.xml'
22:38:44.804 [main] DEBUG - Save part 'xl/worksheets/sheet2.xml'
22:38:44.804 [main] DEBUG - Save part 'xl/worksheets/sheet3.xml'
22:38:44.804 [main] DEBUG - Save part 'xl/worksheets/sheet4.xml'
22:38:44.804 [main] DEBUG - Save part 'xl/worksheets/sheet5.xml'
22:38:44.804 [main] DEBUG - Save part 'xl/worksheets/sheet6.xml'
22:38:44.826 [main] DEBUG - Parsing relationship: /xl/_rels/workbook.xml.rels
22:38:44.827 [main] DEBUG - Parsing relationship: /_rels/.rels
22:38:44.845 [main] DEBUG - Save content types part
22:38:44.847 [main] DEBUG - Save package relationships
22:38:44.849 [main] DEBUG - Save part 'docProps/app.xml'
22:38:44.849 [main] DEBUG - Save part 'docProps/core.xml'
22:38:44.851 [main] DEBUG - Save part 'xl/sharedStrings.xml'
22:38:44.852 [main] DEBUG - Save part 'xl/styles.xml'
22:38:44.857 [main] DEBUG - Save part 'xl/theme/theme1.xml'
22:38:44.857 [main] DEBUG - Save part 'xl/workbook.xml'
22:38:44.858 [main] DEBUG - Save part 'xl/worksheets/sheet1.xml'
22:38:44.858 [main] DEBUG - Save part 'xl/worksheets/sheet2.xml'
22:38:44.859 [main] DEBUG - Save part 'xl/worksheets/sheet3.xml'
22:38:44.859 [main] DEBUG - Save part 'xl/worksheets/sheet4.xml'
22:38:44.859 [main] DEBUG - Save part 'xl/worksheets/sheet5.xml'
22:38:44.859 [main] DEBUG - Save part 'xl/worksheets/sheet6.xml'
22:38:44.885 [main] DEBUG - Parsing relationship: /xl/_rels/workbook.xml.rels
22:38:44.886 [main] DEBUG - Parsing relationship: /_rels/.rels
22:38:44.902 [main] DEBUG - Save content types part
22:38:44.903 [main] DEBUG - Save package relationships
22:38:44.904 [main] DEBUG - Save part 'docProps/app.xml'
22:38:44.904 [main] DEBUG - Save part 'docProps/core.xml'
22:38:44.905 [main] DEBUG - Save part 'xl/sharedStrings.xml'
22:38:44.905 [main] DEBUG - Save part 'xl/styles.xml'
22:38:44.905 [main] DEBUG - Save part 'xl/theme/theme1.xml'
22:38:44.905 [main] DEBUG - Save part 'xl/workbook.xml'
22:38:44.907 [main] DEBUG - Save part 'xl/worksheets/sheet1.xml'
22:38:44.907 [main] DEBUG - Save part 'xl/worksheets/sheet2.xml'
22:38:44.907 [main] DEBUG - Save part 'xl/worksheets/sheet3.xml'
22:38:44.907 [main] DEBUG - Save part 'xl/worksheets/sheet4.xml'
22:38:44.907 [main] DEBUG - Save part 'xl/worksheets/sheet5.xml'
22:38:44.907 [main] DEBUG - Save part 'xl/worksheets/sheet6.xml'
22:38:44.931 [main] DEBUG - Parsing relationship: /xl/_rels/workbook.xml.rels
22:38:44.932 [main] DEBUG - Parsing relationship: /_rels/.rels
22:38:44.946 [main] DEBUG - Save content types part
22:38:44.947 [main] DEBUG - Save package relationships
22:38:44.948 [main] DEBUG - Save part 'docProps/app.xml'
22:38:44.948 [main] DEBUG - Save part 'docProps/core.xml'
22:38:44.949 [main] DEBUG - Save part 'xl/sharedStrings.xml'
22:38:44.950 [main] DEBUG - Save part 'xl/styles.xml'
22:38:44.950 [main] DEBUG - Save part 'xl/theme/theme1.xml'
22:38:44.950 [main] DEBUG - Save part 'xl/workbook.xml'
22:38:44.951 [main] DEBUG - Save part 'xl/worksheets/sheet1.xml'
22:38:44.952 [main] DEBUG - Save part 'xl/worksheets/sheet2.xml'
22:38:44.952 [main] DEBUG - Save part 'xl/worksheets/sheet3.xml'
22:38:44.952 [main] DEBUG - Save part 'xl/worksheets/sheet4.xml'
22:38:44.952 [main] DEBUG - Save part 'xl/worksheets/sheet5.xml'
22:38:44.953 [main] DEBUG - Save part 'xl/worksheets/sheet6.xml'
22:38:44.980 [main] DEBUG - Parsing relationship: /xl/_rels/workbook.xml.rels
22:38:44.980 [main] DEBUG - Parsing relationship: /_rels/.rels
22:38:44.999 [main] DEBUG - Save content types part
22:38:45.000 [main] DEBUG - Save package relationships
22:38:45.001 [main] DEBUG - Save part 'docProps/app.xml'
22:38:45.001 [main] DEBUG - Save part 'docProps/core.xml'
22:38:45.002 [main] DEBUG - Save part 'xl/sharedStrings.xml'
22:38:45.002 [main] DEBUG - Save part 'xl/styles.xml'
22:38:45.003 [main] DEBUG - Save part 'xl/theme/theme1.xml'
22:38:45.003 [main] DEBUG - Save part 'xl/workbook.xml'
22:38:45.004 [main] DEBUG - Save part 'xl/worksheets/sheet1.xml'
22:38:45.004 [main] DEBUG - Save part 'xl/worksheets/sheet2.xml'
22:38:45.004 [main] DEBUG - Save part 'xl/worksheets/sheet3.xml'
22:38:45.004 [main] DEBUG - Save part 'xl/worksheets/sheet4.xml'
22:38:45.004 [main] DEBUG - Save part 'xl/worksheets/sheet5.xml'
22:38:45.004 [main] DEBUG - Save part 'xl/worksheets/sheet6.xml'
22:38:45.026 [main] DEBUG - Parsing relationship: /xl/_rels/workbook.xml.rels
22:38:45.026 [main] DEBUG - Parsing relationship: /_rels/.rels
22:38:45.049 [main] DEBUG - Save content types part
22:38:45.051 [main] DEBUG - Save package relationships
22:38:45.052 [main] DEBUG - Save part 'docProps/app.xml'
22:38:45.052 [main] DEBUG - Save part 'docProps/core.xml'
22:38:45.053 [main] DEBUG - Save part 'xl/sharedStrings.xml'
22:38:45.053 [main] DEBUG - Save part 'xl/styles.xml'
22:38:45.053 [main] DEBUG - Save part 'xl/theme/theme1.xml'
22:38:45.054 [main] DEBUG - Save part 'xl/workbook.xml'
22:38:45.055 [main] DEBUG - Save part 'xl/worksheets/sheet1.xml'
22:38:45.055 [main] DEBUG - Save part 'xl/worksheets/sheet2.xml'
22:38:45.055 [main] DEBUG - Save part 'xl/worksheets/sheet3.xml'
22:38:45.055 [main] DEBUG - Save part 'xl/worksheets/sheet4.xml'
22:38:45.056 [main] DEBUG - Save part 'xl/worksheets/sheet5.xml'
22:38:45.056 [main] DEBUG - Save part 'xl/worksheets/sheet6.xml'
22:38:45.080 [main] DEBUG - Parsing relationship: /xl/_rels/workbook.xml.rels
22:38:45.081 [main] DEBUG - Parsing relationship: /_rels/.rels
22:38:45.099 [main] DEBUG - Save content types part
22:38:45.100 [main] DEBUG - Save package relationships
22:38:45.100 [main] DEBUG - Save part 'docProps/app.xml'
22:38:45.100 [main] DEBUG - Save part 'docProps/core.xml'
22:38:45.101 [main] DEBUG - Save part 'xl/sharedStrings.xml'
22:38:45.102 [main] DEBUG - Save part 'xl/styles.xml'
22:38:45.102 [main] DEBUG - Save part 'xl/theme/theme1.xml'
22:38:45.102 [main] DEBUG - Save part 'xl/workbook.xml'
22:38:45.103 [main] DEBUG - Save part 'xl/worksheets/sheet1.xml'
22:38:45.103 [main] DEBUG - Save part 'xl/worksheets/sheet2.xml'
22:38:45.104 [main] DEBUG - Save part 'xl/worksheets/sheet3.xml'
22:38:45.104 [main] DEBUG - Save part 'xl/worksheets/sheet4.xml'
22:38:45.104 [main] DEBUG - Save part 'xl/worksheets/sheet5.xml'
22:38:45.104 [main] DEBUG - Save part 'xl/worksheets/sheet6.xml'
22:38:45.129 [main] DEBUG - Parsing relationship: /xl/_rels/workbook.xml.rels
22:38:45.130 [main] DEBUG - Parsing relationship: /_rels/.rels
22:38:45.152 [main] DEBUG - Save content types part
22:38:45.153 [main] DEBUG - Save package relationships
22:38:45.154 [main] DEBUG - Save part 'docProps/app.xml'
22:38:45.154 [main] DEBUG - Save part 'docProps/core.xml'
22:38:45.155 [main] DEBUG - Save part 'xl/sharedStrings.xml'
22:38:45.155 [main] DEBUG - Save part 'xl/styles.xml'
22:38:45.156 [main] DEBUG - Save part 'xl/theme/theme1.xml'
22:38:45.156 [main] DEBUG - Save part 'xl/workbook.xml'
22:38:45.157 [main] DEBUG - Save part 'xl/worksheets/sheet1.xml'
22:38:45.157 [main] DEBUG - Save part 'xl/worksheets/sheet2.xml'
22:38:45.157 [main] DEBUG - Save part 'xl/worksheets/sheet3.xml'
22:38:45.157 [main] DEBUG - Save part 'xl/worksheets/sheet4.xml'
22:38:45.157 [main] DEBUG - Save part 'xl/worksheets/sheet5.xml'
22:38:45.158 [main] DEBUG - Save part 'xl/worksheets/sheet6.xml'
22:38:45.177 [main] DEBUG - Parsing relationship: /xl/_rels/workbook.xml.rels
22:38:45.178 [main] DEBUG - Parsing relationship: /_rels/.rels
22:38:45.192 [main] DEBUG - Save content types part
22:38:45.194 [main] DEBUG - Save package relationships
22:38:45.194 [main] DEBUG - Save part 'docProps/app.xml'
22:38:45.194 [main] DEBUG - Save part 'docProps/core.xml'
22:38:45.195 [main] DEBUG - Save part 'xl/sharedStrings.xml'
22:38:45.196 [main] DEBUG - Save part 'xl/styles.xml'
22:38:45.196 [main] DEBUG - Save part 'xl/theme/theme1.xml'
22:38:45.196 [main] DEBUG - Save part 'xl/workbook.xml'
22:38:45.197 [main] DEBUG - Save part 'xl/worksheets/sheet1.xml'
22:38:45.198 [main] DEBUG - Save part 'xl/worksheets/sheet2.xml'
22:38:45.198 [main] DEBUG - Save part 'xl/worksheets/sheet3.xml'
22:38:45.198 [main] DEBUG - Save part 'xl/worksheets/sheet4.xml'
22:38:45.198 [main] DEBUG - Save part 'xl/worksheets/sheet5.xml'
22:38:45.198 [main] DEBUG - Save part 'xl/worksheets/sheet6.xml'
22:38:45.218 [main] DEBUG - Parsing relationship: /xl/_rels/workbook.xml.rels
22:38:45.220 [main] DEBUG - Parsing relationship: /_rels/.rels
22:38:45.239 [main] DEBUG - Save content types part
22:38:45.241 [main] DEBUG - Save package relationships
22:38:45.241 [main] DEBUG - Save part 'docProps/app.xml'
22:38:45.242 [main] DEBUG - Save part 'docProps/core.xml'
22:38:45.242 [main] DEBUG - Save part 'xl/sharedStrings.xml'
22:38:45.243 [main] DEBUG - Save part 'xl/styles.xml'
22:38:45.243 [main] DEBUG - Save part 'xl/theme/theme1.xml'
22:38:45.243 [main] DEBUG - Save part 'xl/workbook.xml'
22:38:45.244 [main] DEBUG - Save part 'xl/worksheets/sheet1.xml'
22:38:45.244 [main] DEBUG - Save part 'xl/worksheets/sheet2.xml'
22:38:45.244 [main] DEBUG - Save part 'xl/worksheets/sheet3.xml'
22:38:45.245 [main] DEBUG - Save part 'xl/worksheets/sheet4.xml'
22:38:45.245 [main] DEBUG - Save part 'xl/worksheets/sheet5.xml'
22:38:45.245 [main] DEBUG - Save part 'xl/worksheets/sheet6.xml'
22:38:45.269 [main] DEBUG - Parsing relationship: /xl/_rels/workbook.xml.rels
22:38:45.270 [main] DEBUG - Parsing relationship: /_rels/.rels
22:38:45.287 [main] DEBUG - Save content types part
22:38:45.288 [main] DEBUG - Save package relationships
22:38:45.289 [main] DEBUG - Save part 'docProps/app.xml'
22:38:45.289 [main] DEBUG - Save part 'docProps/core.xml'
22:38:45.290 [main] DEBUG - Save part 'xl/sharedStrings.xml'
22:38:45.291 [main] DEBUG - Save part 'xl/styles.xml'
22:38:45.291 [main] DEBUG - Save part 'xl/theme/theme1.xml'
22:38:45.291 [main] DEBUG - Save part 'xl/workbook.xml'
22:38:45.292 [main] DEBUG - Save part 'xl/worksheets/sheet1.xml'
22:38:45.292 [main] DEBUG - Save part 'xl/worksheets/sheet2.xml'
22:38:45.292 [main] DEBUG - Save part 'xl/worksheets/sheet3.xml'
22:38:45.292 [main] DEBUG - Save part 'xl/worksheets/sheet4.xml'
22:38:45.292 [main] DEBUG - Save part 'xl/worksheets/sheet5.xml'
22:38:45.293 [main] DEBUG - Save part 'xl/worksheets/sheet6.xml'
22:38:45.320 [main] DEBUG - Parsing relationship: /xl/_rels/workbook.xml.rels
22:38:45.320 [main] DEBUG - Parsing relationship: /_rels/.rels
22:38:45.336 [main] DEBUG - Save content types part
22:38:45.337 [main] DEBUG - Save package relationships
22:38:45.338 [main] DEBUG - Save part 'docProps/app.xml'
22:38:45.338 [main] DEBUG - Save part 'docProps/core.xml'
22:38:45.339 [main] DEBUG - Save part 'xl/sharedStrings.xml'
22:38:45.339 [main] DEBUG - Save part 'xl/styles.xml'
22:38:45.340 [main] DEBUG - Save part 'xl/theme/theme1.xml'
22:38:45.340 [main] DEBUG - Save part 'xl/workbook.xml'
22:38:45.341 [main] DEBUG - Save part 'xl/worksheets/sheet1.xml'
22:38:45.341 [main] DEBUG - Save part 'xl/worksheets/sheet2.xml'
22:38:45.341 [main] DEBUG - Save part 'xl/worksheets/sheet3.xml'
22:38:45.341 [main] DEBUG - Save part 'xl/worksheets/sheet4.xml'
22:38:45.341 [main] DEBUG - Save part 'xl/worksheets/sheet5.xml'
22:38:45.342 [main] DEBUG - Save part 'xl/worksheets/sheet6.xml'
22:38:45.370 [main] DEBUG - Parsing relationship: /xl/_rels/workbook.xml.rels
22:38:45.371 [main] DEBUG - Parsing relationship: /_rels/.rels
22:38:45.388 [main] DEBUG - Save content types part
22:38:45.389 [main] DEBUG - Save package relationships
22:38:45.391 [main] DEBUG - Save part 'docProps/app.xml'
22:38:45.391 [main] DEBUG - Save part 'docProps/core.xml'
22:38:45.393 [main] DEBUG - Save part 'xl/sharedStrings.xml'
22:38:45.393 [main] DEBUG - Save part 'xl/styles.xml'
22:38:45.394 [main] DEBUG - Save part 'xl/theme/theme1.xml'
22:38:45.394 [main] DEBUG - Save part 'xl/workbook.xml'
22:38:45.396 [main] DEBUG - Save part 'xl/worksheets/sheet1.xml'
22:38:45.396 [main] DEBUG - Save part 'xl/worksheets/sheet2.xml'
22:38:45.397 [main] DEBUG - Save part 'xl/worksheets/sheet3.xml'
22:38:45.397 [main] DEBUG - Save part 'xl/worksheets/sheet4.xml'
22:38:45.397 [main] DEBUG - Save part 'xl/worksheets/sheet5.xml'
22:38:45.397 [main] DEBUG - Save part 'xl/worksheets/sheet6.xml'
22:38:45.426 [main] DEBUG - Parsing relationship: /xl/_rels/workbook.xml.rels
22:38:45.426 [main] DEBUG - Parsing relationship: /_rels/.rels
22:38:45.439 [main] DEBUG - Save content types part
22:38:45.440 [main] DEBUG - Save package relationships
22:38:45.440 [main] DEBUG - Save part 'docProps/app.xml'
22:38:45.440 [main] DEBUG - Save part 'docProps/core.xml'
22:38:45.441 [main] DEBUG - Save part 'xl/sharedStrings.xml'
22:38:45.441 [main] DEBUG - Save part 'xl/styles.xml'
22:38:45.442 [main] DEBUG - Save part 'xl/theme/theme1.xml'
22:38:45.442 [main] DEBUG - Save part 'xl/workbook.xml'
22:38:45.442 [main] DEBUG - Save part 'xl/worksheets/sheet1.xml'
22:38:45.443 [main] DEBUG - Save part 'xl/worksheets/sheet2.xml'
22:38:45.443 [main] DEBUG - Save part 'xl/worksheets/sheet3.xml'
22:38:45.443 [main] DEBUG - Save part 'xl/worksheets/sheet4.xml'
22:38:45.443 [main] DEBUG - Save part 'xl/worksheets/sheet5.xml'
22:38:45.443 [main] DEBUG - Save part 'xl/worksheets/sheet6.xml'
22:38:45.472 [main] DEBUG - Parsing relationship: /xl/_rels/workbook.xml.rels
22:38:45.472 [main] DEBUG - Parsing relationship: /_rels/.rels
22:38:45.486 [main] DEBUG - Save content types part
22:38:45.487 [main] DEBUG - Save package relationships
22:38:45.488 [main] DEBUG - Save part 'docProps/app.xml'
22:38:45.488 [main] DEBUG - Save part 'docProps/core.xml'
22:38:45.489 [main] DEBUG - Save part 'xl/sharedStrings.xml'
22:38:45.489 [main] DEBUG - Save part 'xl/styles.xml'
22:38:45.489 [main] DEBUG - Save part 'xl/theme/theme1.xml'
22:38:45.490 [main] DEBUG - Save part 'xl/workbook.xml'
22:38:45.490 [main] DEBUG - Save part 'xl/worksheets/sheet1.xml'
22:38:45.490 [main] DEBUG - Save part 'xl/worksheets/sheet2.xml'
22:38:45.490 [main] DEBUG - Save part 'xl/worksheets/sheet3.xml'
22:38:45.491 [main] DEBUG - Save part 'xl/worksheets/sheet4.xml'
22:38:45.491 [main] DEBUG - Save part 'xl/worksheets/sheet5.xml'
22:38:45.491 [main] DEBUG - Save part 'xl/worksheets/sheet6.xml'
22:38:45.522 [main] DEBUG - Parsing relationship: /xl/_rels/workbook.xml.rels
22:38:45.523 [main] DEBUG - Parsing relationship: /_rels/.rels
22:38:45.538 [main] DEBUG - Save content types part
